<?xml version="1.0" encoding="UTF-8"?>
<testsuite name="Cucumber" time="38.166" tests="8" skipped="0" failures="3" errors="0">
<testcase classname="Agregar Producto al Carrito" name="Agregar un producto al carrito correctamente" time="5.577">
<failure type="java.lang.AssertionError" message="Cart should contain 1 item(s) expected [1] but found [2]">
<![CDATA[java.lang.AssertionError: Cart should contain 1 item(s) expected [1] but found [2]
	at org.testng.Assert.fail(Assert.java:111)
	at org.testng.Assert.failNotEquals(Assert.java:1578)
	at org.testng.Assert.assertEqualsImpl(Assert.java:150)
	at org.testng.Assert.assertEquals(Assert.java:132)
	at org.testng.Assert.assertEquals(Assert.java:1419)
	at org.testng.Assert.assertEquals(Assert.java:1383)
	at com.automation.business.ProductBusiness.validateCartCount(ProductBusiness.java:51)
	at com.automation.stepdefinitions.ProductSteps.cartShouldHaveItem(ProductSteps.java:51)
	at com.automation.stepdefinitions.ProductSteps.elCarritoDebeMostrarUnProducto(ProductSteps.java:107)
	at ?.el carrito debe mostrar 1 producto(file:///J:/Workspace/BANCOPICHINCHA/AutomationCorebank/Scenarios/agregarCarrito/agregarCarrito.feature:16)
]]>
</failure>
<system-out><![CDATA[
Given que el usuario abre el navegador y accede al sistema..................passed
And que el usuario está autenticado en el sistema...........................passed
When el usuario selecciona el producto "Sauce Labs Backpack"................passed
And el usuario hace clic en agregar al carrito..............................passed
Then el carrito debe mostrar 1 producto.....................................failed
]]></system-out>
</testcase>
<testcase classname="Agregar Producto al Carrito" name="Agregar múltiples productos al carrito" time="4.896">
<failure type="java.lang.AssertionError" message="Cart should contain 2 item(s) expected [2] but found [4]">
<![CDATA[java.lang.AssertionError: Cart should contain 2 item(s) expected [2] but found [4]
	at org.testng.Assert.fail(Assert.java:111)
	at org.testng.Assert.failNotEquals(Assert.java:1578)
	at org.testng.Assert.assertEqualsImpl(Assert.java:150)
	at org.testng.Assert.assertEquals(Assert.java:132)
	at org.testng.Assert.assertEquals(Assert.java:1419)
	at org.testng.Assert.assertEquals(Assert.java:1383)
	at com.automation.business.ProductBusiness.validateCartCount(ProductBusiness.java:51)
	at com.automation.stepdefinitions.ProductSteps.cartShouldHaveItems(ProductSteps.java:59)
	at com.automation.stepdefinitions.ProductSteps.elCarritoDebeMostrarProductos(ProductSteps.java:112)
	at ?.el carrito debe mostrar 2 productos(file:///J:/Workspace/BANCOPICHINCHA/AutomationCorebank/Scenarios/agregarCarrito/agregarCarrito.feature:24)
]]>
</failure>
<system-out><![CDATA[
Given que el usuario abre el navegador y accede al sistema..................passed
And que el usuario está autenticado en el sistema...........................passed
When el usuario selecciona el producto "Sauce Labs Backpack"................passed
And el usuario hace clic en agregar al carrito..............................passed
And el usuario selecciona el producto "Sauce Labs Bike Light"...............passed
Then el carrito debe mostrar 2 productos....................................failed
]]></system-out>
</testcase>
<testcase classname="Agregar Producto al Carrito" name="Eliminar un producto del carrito" time="5.569">
<failure type="java.lang.AssertionError" message="Cart should be empty but has 1 item(s) expected [0] but found [1]">
<![CDATA[java.lang.AssertionError: Cart should be empty but has 1 item(s) expected [0] but found [1]
	at org.testng.Assert.fail(Assert.java:111)
	at org.testng.Assert.failNotEquals(Assert.java:1578)
	at org.testng.Assert.assertEqualsImpl(Assert.java:150)
	at org.testng.Assert.assertEquals(Assert.java:132)
	at org.testng.Assert.assertEquals(Assert.java:1419)
	at org.testng.Assert.assertEquals(Assert.java:1383)
	at com.automation.business.ProductBusiness.validateCartEmpty(ProductBusiness.java:81)
	at com.automation.stepdefinitions.ProductSteps.elCarritoDebeEstarVacio(ProductSteps.java:129)
	at ?.el carrito debe estar vac�o(file:///J:/Workspace/BANCOPICHINCHA/AutomationCorebank/Scenarios/agregarCarrito/agregarCarrito.feature:30)
]]>
</failure>
<system-out><![CDATA[
Given que el usuario abre el navegador y accede al sistema..................passed
And que el usuario está autenticado en el sistema...........................passed
Given que el carrito tiene el producto "Sauce Labs Backpack"................passed
When el usuario elimina el producto "Sauce Labs Backpack" del carrito.......passed
Then el carrito debe estar vacío............................................failed
]]></system-out>
</testcase>
<testcase classname="Inicio de Sesión - Saucedemo" name="Inicio de sesión exitoso con standard_user" time="3.023">
<system-out><![CDATA[
Given que el usuario abre el navegador y accede al sistema..................passed
When el usuario ingresa el correo "standard_user"...........................passed
And el usuario ingresa la contraseña "secret_sauce".........................passed
And el usuario hace clic en el botón "Ingresar".............................passed
Then el usuario debe ver el dashboard principal.............................passed
And el mensaje de bienvenida debe contener "Swag Labs"......................passed
]]></system-out>
</testcase>
<testcase classname="Inicio de Sesión - Saucedemo" name="Inicio de sesión exitoso con performance_glitch_user" time="8.386">
<system-out><![CDATA[
Given que el usuario abre el navegador y accede al sistema..................passed
When el usuario ingresa el correo "performance_glitch_user".................passed
And el usuario ingresa la contraseña "secret_sauce".........................passed
And el usuario hace clic en el botón "Ingresar".............................passed
Then el usuario debe ver el dashboard principal.............................passed
And el mensaje de bienvenida debe contener "Swag Labs"......................passed
]]></system-out>
</testcase>
<testcase classname="Inicio de Sesión - Saucedemo" name="Inicio de sesión fallido con locked_out_user" time="3.705">
<system-out><![CDATA[
Given que el usuario abre el navegador y accede al sistema..................passed
When el usuario ingresa el correo "locked_out_user".........................passed
And el usuario ingresa la contraseña "secret_sauce".........................passed
And el usuario hace clic en el botón "Ingresar".............................passed
Then el sistema debe mostrar el mensaje de error "locked out"...............passed
]]></system-out>
</testcase>
<testcase classname="Inicio de Sesión - Saucedemo" name="Inicio de sesión fallido con credenciales incorrectas" time="3.474">
<system-out><![CDATA[
Given que el usuario abre el navegador y accede al sistema..................passed
When el usuario ingresa el correo "usuario_invalido"........................passed
And el usuario ingresa la contraseña "password_incorrecta"..................passed
And el usuario hace clic en el botón "Ingresar".............................passed
Then el sistema debe mostrar el mensaje de error "do not match".............passed
]]></system-out>
</testcase>
<testcase classname="Inicio de Sesión - Saucedemo" name="Inicio de sesión con campo de usuario vacío" time="3.047">
<system-out><![CDATA[
Given que el usuario abre el navegador y accede al sistema..................passed
When el usuario no ingresa ningún dato......................................passed
And el usuario hace clic en el botón "Ingresar".............................passed
Then el sistema debe mostrar el mensaje de error "Username is required".....passed
]]></system-out>
</testcase>
</testsuite>
