<?xml version="1.0" encoding="UTF-8"?>
<testsuite xmlns:xsi="http://www.w3.org/2001/XMLSchema-instance" xsi:noNamespaceSchemaLocation="https://maven.apache.org/surefire/maven-surefire-plugin/xsd/surefire-test-report-3.0.xsd" version="3.0" name="TestSuite" time="40.075" tests="8" errors="0" skipped="0" failures="3">
  <properties>
[...]
</properties>
  <testcase name="runScenario[&quot;Agregar un producto al carrito correctamente&quot;, &quot;Agregar Producto al Carrito&quot;](1)" classname="runners.TestRunner" time="5.699">
    <failure message="Cart should contain 1 item(s) expected [1] but found [2]" type="java.lang.AssertionError"><![CDATA[java.lang.AssertionError: Cart should contain 1 item(s) expected [1] but found [2]
	at org.testng.Assert.fail(Assert.java:111)
	at org.testng.Assert.failNotEquals(Assert.java:1578)
	at org.testng.Assert.assertEqualsImpl(Assert.java:150)
	at org.testng.Assert.assertEquals(Assert.java:132)
	at org.testng.Assert.assertEquals(Assert.java:1419)
	at org.testng.Assert.assertEquals(Assert.java:1383)
	at com.automation.business.ProductBusiness.validateCartCount(ProductBusiness.java:51)
	at com.automation.stepdefinitions.ProductSteps.cartShouldHaveItem(ProductSteps.java:51)
	at com.automation.stepdefinitions.ProductSteps.elCarritoDebeMostrarUnProducto(ProductSteps.java:107)
	at ✽.el carrito debe mostrar 1 producto(file:///J:/Workspace/BANCOPICHINCHA/AutomationCorebank/Scenarios/agregarCarrito/agregarCarrito.feature:16)
]]></failure>
    <system-out><![CDATA[
@AgregarCarrito @AgregarProductoExitoso @Order_1
Scenario: Agregar un producto al carrito correctamente         # Scenarios/agregarCarrito/agregarCarrito.feature:12

▶ Scenario: Agregar un producto al carrito correctamente
  Tags: [@AgregarCarrito, @AgregarProductoExitoso, @Order_1]
  Given que el usuario abre el navegador y accede al sistema   # com.automation.stepdefinitions.CommonSteps.queElUsuarioAbreElNavegador()
  And que el usuario estÃ¡ autenticado en el sistema            # com.automation.stepdefinitions.ProductSteps.queElUsuarioEstaAutenticado()
  When el usuario selecciona el producto "Sauce Labs Backpack" # com.automation.stepdefinitions.ProductSteps.elUsuarioSeleccionaElProducto(java.lang.String)
  And el usuario hace clic en agregar al carrito               # com.automation.stepdefinitions.ProductSteps.elUsuarioHaceClicEnAgregarAlCarrito()
  Then el carrito debe mostrar 1 producto                      # com.automation.stepdefinitions.ProductSteps.elCarritoDebeMostrarUnProducto(int)
      java.lang.AssertionError: Cart should contain 1 item(s) expected [1] but found [2]
	at org.testng.Assert.fail(Assert.java:111)
	at org.testng.Assert.failNotEquals(Assert.java:1578)
	at org.testng.Assert.assertEqualsImpl(Assert.java:150)
	at org.testng.Assert.assertEquals(Assert.java:132)
	at org.testng.Assert.assertEquals(Assert.java:1419)
	at org.testng.Assert.assertEquals(Assert.java:1383)
	at com.automation.business.ProductBusiness.validateCartCount(ProductBusiness.java:51)
	at com.automation.stepdefinitions.ProductSteps.cartShouldHaveItem(ProductSteps.java:51)
	at com.automation.stepdefinitions.ProductSteps.elCarritoDebeMostrarUnProducto(ProductSteps.java:107)
	at âœ½.el carrito debe mostrar 1 producto(file:///J:/Workspace/BANCOPICHINCHA/AutomationCorebank/Scenarios/agregarCarrito/agregarCarrito.feature:16)

✗ FAILED: Agregar un producto al carrito correctamente

    Embedding Failure Screenshot [image/png 328150 bytes]

]]></system-out>
    <system-err><![CDATA[[main] INFO org.testng.internal.Utils - [XmlSuite] [WARN] 'parallel' value 'false' is no longer valid, defaulting to 'none'.
[main] INFO io.github.bonigarcia.wdm.WebDriverManager - Using chromedriver 145.0.7632.117 (resolved driver for Chrome 145)
[main] INFO io.github.bonigarcia.wdm.WebDriverManager - Exporting webdriver.chrome.driver as C:\Users\USUARIO\.cache\selenium\chromedriver\win64\145.0.7632.117\chromedriver.exe
feb 24, 2026 12:46:54 A. M. org.openqa.selenium.devtools.CdpVersionFinder findNearestMatch
WARNING: Unable to find CDP implementation matching 145
feb 24, 2026 12:46:54 A. M. org.openqa.selenium.chromium.ChromiumDriver lambda$new$5
WARNING: Unable to find version of CDP to use for 145.0.7632.110. You may need to include a dependency on a specific version of the CDP using something similar to `org.seleniumhq.selenium:selenium-devtools-v86:4.15.0` where the version ("v86") matches the version of the chromium-based browser you're using and the version number of the artifact is the same as Selenium's.
]]></system-err>
  </testcase>
  <testcase name="runScenario[&quot;Agregar múltiples productos al carrito&quot;, &quot;Agregar Producto al Carrito&quot;](2)" classname="runners.TestRunner" time="4.995">
    <failure message="Cart should contain 2 item(s) expected [2] but found [4]" type="java.lang.AssertionError"><![CDATA[java.lang.AssertionError: Cart should contain 2 item(s) expected [2] but found [4]
	at org.testng.Assert.fail(Assert.java:111)
	at org.testng.Assert.failNotEquals(Assert.java:1578)
	at org.testng.Assert.assertEqualsImpl(Assert.java:150)
	at org.testng.Assert.assertEquals(Assert.java:132)
	at org.testng.Assert.assertEquals(Assert.java:1419)
	at org.testng.Assert.assertEquals(Assert.java:1383)
	at com.automation.business.ProductBusiness.validateCartCount(ProductBusiness.java:51)
	at com.automation.stepdefinitions.ProductSteps.cartShouldHaveItems(ProductSteps.java:59)
	at com.automation.stepdefinitions.ProductSteps.elCarritoDebeMostrarProductos(ProductSteps.java:112)
	at ✽.el carrito debe mostrar 2 productos(file:///J:/Workspace/BANCOPICHINCHA/AutomationCorebank/Scenarios/agregarCarrito/agregarCarrito.feature:24)
]]></failure>
    <system-out><![CDATA[
@AgregarCarrito @AgregarMultiplesProductos @Order_2
Scenario: Agregar mÃºltiples productos al carrito                # Scenarios/agregarCarrito/agregarCarrito.feature:19

▶ Scenario: Agregar múltiples productos al carrito
  Tags: [@AgregarCarrito, @AgregarMultiplesProductos, @Order_2]
  Given que el usuario abre el navegador y accede al sistema    # com.automation.stepdefinitions.CommonSteps.queElUsuarioAbreElNavegador()
  And que el usuario estÃ¡ autenticado en el sistema             # com.automation.stepdefinitions.ProductSteps.queElUsuarioEstaAutenticado()
  When el usuario selecciona el producto "Sauce Labs Backpack"  # com.automation.stepdefinitions.ProductSteps.elUsuarioSeleccionaElProducto(java.lang.String)
  And el usuario hace clic en agregar al carrito                # com.automation.stepdefinitions.ProductSteps.elUsuarioHaceClicEnAgregarAlCarrito()
  And el usuario selecciona el producto "Sauce Labs Bike Light" # com.automation.stepdefinitions.ProductSteps.elUsuarioSeleccionaElProducto(java.lang.String)
  And el usuario hace clic en agregar al carrito                # com.automation.stepdefinitions.ProductSteps.elUsuarioHaceClicEnAgregarAlCarrito()
  Then el carrito debe mostrar 2 productos                      # com.automation.stepdefinitions.ProductSteps.elCarritoDebeMostrarProductos(int)
      java.lang.AssertionError: Cart should contain 2 item(s) expected [2] but found [4]
	at org.testng.Assert.fail(Assert.java:111)
	at org.testng.Assert.failNotEquals(Assert.java:1578)
	at org.testng.Assert.assertEqualsImpl(Assert.java:150)
	at org.testng.Assert.assertEquals(Assert.java:132)
	at org.testng.Assert.assertEquals(Assert.java:1419)
	at org.testng.Assert.assertEquals(Assert.java:1383)
	at com.automation.business.ProductBusiness.validateCartCount(ProductBusiness.java:51)
	at com.automation.stepdefinitions.ProductSteps.cartShouldHaveItems(ProductSteps.java:59)
	at com.automation.stepdefinitions.ProductSteps.elCarritoDebeMostrarProductos(ProductSteps.java:112)
	at âœ½.el carrito debe mostrar 2 productos(file:///J:/Workspace/BANCOPICHINCHA/AutomationCorebank/Scenarios/agregarCarrito/agregarCarrito.feature:24)

✗ FAILED: Agregar múltiples productos al carrito

    Embedding Failure Screenshot [image/png 385872 bytes]

]]></system-out>
    <system-err><![CDATA[[main] INFO io.github.bonigarcia.wdm.WebDriverManager - Using chromedriver 145.0.7632.117 (resolved driver for Chrome 145)
[main] INFO io.github.bonigarcia.wdm.WebDriverManager - Exporting webdriver.chrome.driver as C:\Users\USUARIO\.cache\selenium\chromedriver\win64\145.0.7632.117\chromedriver.exe
feb 24, 2026 12:46:59 A. M. org.openqa.selenium.devtools.CdpVersionFinder findNearestMatch
WARNING: Unable to find CDP implementation matching 145
feb 24, 2026 12:46:59 A. M. org.openqa.selenium.chromium.ChromiumDriver lambda$new$5
WARNING: Unable to find version of CDP to use for 145.0.7632.110. You may need to include a dependency on a specific version of the CDP using something similar to `org.seleniumhq.selenium:selenium-devtools-v86:4.15.0` where the version ("v86") matches the version of the chromium-based browser you're using and the version number of the artifact is the same as Selenium's.
]]></system-err>
  </testcase>
  <testcase name="runScenario[&quot;Eliminar un producto del carrito&quot;, &quot;Agregar Producto al Carrito&quot;](3)" classname="runners.TestRunner" time="5.601">
    <failure message="Cart should be empty but has 1 item(s) expected [0] but found [1]" type="java.lang.AssertionError"><![CDATA[java.lang.AssertionError: Cart should be empty but has 1 item(s) expected [0] but found [1]
	at org.testng.Assert.fail(Assert.java:111)
	at org.testng.Assert.failNotEquals(Assert.java:1578)
	at org.testng.Assert.assertEqualsImpl(Assert.java:150)
	at org.testng.Assert.assertEquals(Assert.java:132)
	at org.testng.Assert.assertEquals(Assert.java:1419)
	at org.testng.Assert.assertEquals(Assert.java:1383)
	at com.automation.business.ProductBusiness.validateCartEmpty(ProductBusiness.java:81)
	at com.automation.stepdefinitions.ProductSteps.elCarritoDebeEstarVacio(ProductSteps.java:129)
	at ✽.el carrito debe estar vacío(file:///J:/Workspace/BANCOPICHINCHA/AutomationCorebank/Scenarios/agregarCarrito/agregarCarrito.feature:30)
]]></failure>
    <system-out><![CDATA[
@AgregarCarrito @EliminarProductoCarrito @Order_3
Scenario: Eliminar un producto del carrito                              # Scenarios/agregarCarrito/agregarCarrito.feature:27

▶ Scenario: Eliminar un producto del carrito
  Tags: [@AgregarCarrito, @EliminarProductoCarrito, @Order_3]
  Given que el usuario abre el navegador y accede al sistema            # com.automation.stepdefinitions.CommonSteps.queElUsuarioAbreElNavegador()
  And que el usuario estÃ¡ autenticado en el sistema                     # com.automation.stepdefinitions.ProductSteps.queElUsuarioEstaAutenticado()
  Given que el carrito tiene el producto "Sauce Labs Backpack"          # com.automation.stepdefinitions.ProductSteps.queElCarritoTieneElProducto(java.lang.String)
  When el usuario elimina el producto "Sauce Labs Backpack" del carrito # com.automation.stepdefinitions.ProductSteps.elUsuarioEliminaElProducto(java.lang.String)
  Then el carrito debe estar vacÃ­o                                      # com.automation.stepdefinitions.ProductSteps.elCarritoDebeEstarVacio()
      java.lang.AssertionError: Cart should be empty but has 1 item(s) expected [0] but found [1]
	at org.testng.Assert.fail(Assert.java:111)
	at org.testng.Assert.failNotEquals(Assert.java:1578)
	at org.testng.Assert.assertEqualsImpl(Assert.java:150)
	at org.testng.Assert.assertEquals(Assert.java:132)
	at org.testng.Assert.assertEquals(Assert.java:1419)
	at org.testng.Assert.assertEquals(Assert.java:1383)
	at com.automation.business.ProductBusiness.validateCartEmpty(ProductBusiness.java:81)
	at com.automation.stepdefinitions.ProductSteps.elCarritoDebeEstarVacio(ProductSteps.java:129)
	at âœ½.el carrito debe estar vacÃ­o(file:///J:/Workspace/BANCOPICHINCHA/AutomationCorebank/Scenarios/agregarCarrito/agregarCarrito.feature:30)

✗ FAILED: Eliminar un producto del carrito

    Embedding Failure Screenshot [image/png 328842 bytes]

]]></system-out>
    <system-err><![CDATA[[main] INFO io.github.bonigarcia.wdm.WebDriverManager - Using chromedriver 145.0.7632.117 (resolved driver for Chrome 145)
[main] INFO io.github.bonigarcia.wdm.WebDriverManager - Exporting webdriver.chrome.driver as C:\Users\USUARIO\.cache\selenium\chromedriver\win64\145.0.7632.117\chromedriver.exe
feb 24, 2026 12:47:04 A. M. org.openqa.selenium.devtools.CdpVersionFinder findNearestMatch
WARNING: Unable to find CDP implementation matching 145
feb 24, 2026 12:47:04 A. M. org.openqa.selenium.chromium.ChromiumDriver lambda$new$5
WARNING: Unable to find version of CDP to use for 145.0.7632.110. You may need to include a dependency on a specific version of the CDP using something similar to `org.seleniumhq.selenium:selenium-devtools-v86:4.15.0` where the version ("v86") matches the version of the chromium-based browser you're using and the version number of the artifact is the same as Selenium's.
]]></system-err>
  </testcase>
  <testcase name="runScenario[&quot;Inicio de sesión exitoso con standard_user&quot;, &quot;Inicio de Sesión - Saucedemo&quot;](4)" classname="runners.TestRunner" time="3.041">
    <system-out><![CDATA[
@InicioSession @login @LoginExitoso @SauceDemo
Scenario: Inicio de sesiÃ³n exitoso con standard_user         # Scenarios/inicioSession/inicioSession.feature:11

▶ Scenario: Inicio de sesión exitoso con standard_user
  Tags: [@InicioSession, @login, @LoginExitoso, @SauceDemo]
  Given que el usuario abre el navegador y accede al sistema # com.automation.stepdefinitions.CommonSteps.queElUsuarioAbreElNavegador()
  When el usuario ingresa el correo "standard_user"          # com.automation.stepdefinitions.CommonSteps.elUsuarioIngresaElCorreo(java.lang.String)
  And el usuario ingresa la contraseÃ±a "secret_sauce"        # com.automation.stepdefinitions.CommonSteps.elUsuarioIngresaLaContrasena(java.lang.String)
  And el usuario hace clic en el botÃ³n "Ingresar"            # com.automation.stepdefinitions.CommonSteps.elUsuarioHaceClicEnElBoton()
  Then el usuario debe ver el dashboard principal            # com.automation.stepdefinitions.CommonSteps.elUsuarioDebeVerElDashboard()
  And el mensaje de bienvenida debe contener "Swag Labs"     # com.automation.stepdefinitions.CommonSteps.elMensajeDeBienvenidaDebeContener(java.lang.String)
✓ PASSED: Inicio de sesión exitoso con standard_user
]]></system-out>
    <system-err><![CDATA[[main] INFO io.github.bonigarcia.wdm.WebDriverManager - Using chromedriver 145.0.7632.117 (resolved driver for Chrome 145)
[main] INFO io.github.bonigarcia.wdm.WebDriverManager - Exporting webdriver.chrome.driver as C:\Users\USUARIO\.cache\selenium\chromedriver\win64\145.0.7632.117\chromedriver.exe
feb 24, 2026 12:47:09 A. M. org.openqa.selenium.devtools.CdpVersionFinder findNearestMatch
WARNING: Unable to find CDP implementation matching 145
feb 24, 2026 12:47:09 A. M. org.openqa.selenium.chromium.ChromiumDriver lambda$new$5
WARNING: Unable to find version of CDP to use for 145.0.7632.110. You may need to include a dependency on a specific version of the CDP using something similar to `org.seleniumhq.selenium:selenium-devtools-v86:4.15.0` where the version ("v86") matches the version of the chromium-based browser you're using and the version number of the artifact is the same as Selenium's.
]]></system-err>
  </testcase>
  <testcase name="runScenario[&quot;Inicio de sesión exitoso con performance_glitch_user&quot;, &quot;Inicio de Sesión - Saucedemo&quot;](5)" classname="runners.TestRunner" time="8.396">
    <system-out><![CDATA[
@InicioSession @login @LoginExitoso @SauceDemo
Scenario: Inicio de sesiÃ³n exitoso con performance_glitch_user # Scenarios/inicioSession/inicioSession.feature:19

▶ Scenario: Inicio de sesión exitoso con performance_glitch_user
  Tags: [@InicioSession, @login, @LoginExitoso, @SauceDemo]
  Given que el usuario abre el navegador y accede al sistema   # com.automation.stepdefinitions.CommonSteps.queElUsuarioAbreElNavegador()
  When el usuario ingresa el correo "performance_glitch_user"  # com.automation.stepdefinitions.CommonSteps.elUsuarioIngresaElCorreo(java.lang.String)
  And el usuario ingresa la contraseÃ±a "secret_sauce"          # com.automation.stepdefinitions.CommonSteps.elUsuarioIngresaLaContrasena(java.lang.String)
  And el usuario hace clic en el botÃ³n "Ingresar"              # com.automation.stepdefinitions.CommonSteps.elUsuarioHaceClicEnElBoton()
  Then el usuario debe ver el dashboard principal              # com.automation.stepdefinitions.CommonSteps.elUsuarioDebeVerElDashboard()
  And el mensaje de bienvenida debe contener "Swag Labs"       # com.automation.stepdefinitions.CommonSteps.elMensajeDeBienvenidaDebeContener(java.lang.String)
✓ PASSED: Inicio de sesión exitoso con performance_glitch_user
]]></system-out>
    <system-err><![CDATA[[main] INFO io.github.bonigarcia.wdm.WebDriverManager - Using chromedriver 145.0.7632.117 (resolved driver for Chrome 145)
[main] INFO io.github.bonigarcia.wdm.WebDriverManager - Exporting webdriver.chrome.driver as C:\Users\USUARIO\.cache\selenium\chromedriver\win64\145.0.7632.117\chromedriver.exe
feb 24, 2026 12:47:12 A. M. org.openqa.selenium.devtools.CdpVersionFinder findNearestMatch
WARNING: Unable to find CDP implementation matching 145
feb 24, 2026 12:47:12 A. M. org.openqa.selenium.chromium.ChromiumDriver lambda$new$5
WARNING: Unable to find version of CDP to use for 145.0.7632.110. You may need to include a dependency on a specific version of the CDP using something similar to `org.seleniumhq.selenium:selenium-devtools-v86:4.15.0` where the version ("v86") matches the version of the chromium-based browser you're using and the version number of the artifact is the same as Selenium's.
]]></system-err>
  </testcase>
  <testcase name="runScenario[&quot;Inicio de sesión fallido con locked_out_user&quot;, &quot;Inicio de Sesión - Saucedemo&quot;](6)" classname="runners.TestRunner" time="3.719">
    <system-out><![CDATA[
@InicioSession @login @LoginFallido @SauceDemo
Scenario: Inicio de sesiÃ³n fallido con locked_out_user          # Scenarios/inicioSession/inicioSession.feature:27

▶ Scenario: Inicio de sesión fallido con locked_out_user
  Tags: [@InicioSession, @login, @LoginFallido, @SauceDemo]
  Given que el usuario abre el navegador y accede al sistema    # com.automation.stepdefinitions.CommonSteps.queElUsuarioAbreElNavegador()
  When el usuario ingresa el correo "locked_out_user"           # com.automation.stepdefinitions.CommonSteps.elUsuarioIngresaElCorreo(java.lang.String)
  And el usuario ingresa la contraseÃ±a "secret_sauce"           # com.automation.stepdefinitions.CommonSteps.elUsuarioIngresaLaContrasena(java.lang.String)
  And el usuario hace clic en el botÃ³n "Ingresar"               # com.automation.stepdefinitions.CommonSteps.elUsuarioHaceClicEnElBoton()
  Then el sistema debe mostrar el mensaje de error "locked out" # com.automation.stepdefinitions.CommonSteps.elSistemaDebeMostrarMensajeDeError(java.lang.String)
✓ PASSED: Inicio de sesión fallido con locked_out_user
]]></system-out>
    <system-err><![CDATA[[main] INFO io.github.bonigarcia.wdm.WebDriverManager - Using chromedriver 145.0.7632.117 (resolved driver for Chrome 145)
[main] INFO io.github.bonigarcia.wdm.WebDriverManager - Exporting webdriver.chrome.driver as C:\Users\USUARIO\.cache\selenium\chromedriver\win64\145.0.7632.117\chromedriver.exe
feb 24, 2026 12:47:21 A. M. org.openqa.selenium.devtools.CdpVersionFinder findNearestMatch
WARNING: Unable to find CDP implementation matching 145
feb 24, 2026 12:47:21 A. M. org.openqa.selenium.chromium.ChromiumDriver lambda$new$5
WARNING: Unable to find version of CDP to use for 145.0.7632.110. You may need to include a dependency on a specific version of the CDP using something similar to `org.seleniumhq.selenium:selenium-devtools-v86:4.15.0` where the version ("v86") matches the version of the chromium-based browser you're using and the version number of the artifact is the same as Selenium's.
]]></system-err>
  </testcase>
  <testcase name="runScenario[&quot;Inicio de sesión fallido con credenciales incorrectas&quot;, &quot;Inicio de Sesión - Saucedemo&quot;](7)" classname="runners.TestRunner" time="3.487">
    <system-out><![CDATA[
@InicioSession @login @LoginFallido @SauceDemo
Scenario: Inicio de sesiÃ³n fallido con credenciales incorrectas   # Scenarios/inicioSession/inicioSession.feature:34

▶ Scenario: Inicio de sesión fallido con credenciales incorrectas
  Tags: [@InicioSession, @login, @LoginFallido, @SauceDemo]
  Given que el usuario abre el navegador y accede al sistema      # com.automation.stepdefinitions.CommonSteps.queElUsuarioAbreElNavegador()
  When el usuario ingresa el correo "usuario_invalido"            # com.automation.stepdefinitions.CommonSteps.elUsuarioIngresaElCorreo(java.lang.String)
  And el usuario ingresa la contraseÃ±a "password_incorrecta"      # com.automation.stepdefinitions.CommonSteps.elUsuarioIngresaLaContrasena(java.lang.String)
  And el usuario hace clic en el botÃ³n "Ingresar"                 # com.automation.stepdefinitions.CommonSteps.elUsuarioHaceClicEnElBoton()
  Then el sistema debe mostrar el mensaje de error "do not match" # com.automation.stepdefinitions.CommonSteps.elSistemaDebeMostrarMensajeDeError(java.lang.String)
✓ PASSED: Inicio de sesión fallido con credenciales incorrectas
]]></system-out>
    <system-err><![CDATA[[main] INFO io.github.bonigarcia.wdm.WebDriverManager - Using chromedriver 145.0.7632.117 (resolved driver for Chrome 145)
[main] INFO io.github.bonigarcia.wdm.WebDriverManager - Exporting webdriver.chrome.driver as C:\Users\USUARIO\.cache\selenium\chromedriver\win64\145.0.7632.117\chromedriver.exe
feb 24, 2026 12:47:25 A. M. org.openqa.selenium.devtools.CdpVersionFinder findNearestMatch
WARNING: Unable to find CDP implementation matching 145
feb 24, 2026 12:47:25 A. M. org.openqa.selenium.chromium.ChromiumDriver lambda$new$5
WARNING: Unable to find version of CDP to use for 145.0.7632.110. You may need to include a dependency on a specific version of the CDP using something similar to `org.seleniumhq.selenium:selenium-devtools-v86:4.15.0` where the version ("v86") matches the version of the chromium-based browser you're using and the version number of the artifact is the same as Selenium's.
]]></system-err>
  </testcase>
  <testcase name="runScenario[&quot;Inicio de sesión con campo de usuario vacío&quot;, &quot;Inicio de Sesión - Saucedemo&quot;](8)" classname="runners.TestRunner" time="3.062">
    <system-out><![CDATA[
@InicioSession @login @LoginCamposVacios @SauceDemo
Scenario: Inicio de sesiÃ³n con campo de usuario vacÃ­o                     # Scenarios/inicioSession/inicioSession.feature:41

▶ Scenario: Inicio de sesión con campo de usuario vacío
  Tags: [@InicioSession, @login, @LoginCamposVacios, @SauceDemo]
  Given que el usuario abre el navegador y accede al sistema              # com.automation.stepdefinitions.CommonSteps.queElUsuarioAbreElNavegador()
⚠ No data entered - empty login form
  When el usuario no ingresa ningÃºn dato                                  # com.automation.stepdefinitions.CommonSteps.elUsuarioNoIngresaNingunDato()
  And el usuario hace clic en el botÃ³n "Ingresar"                         # com.automation.stepdefinitions.CommonSteps.elUsuarioHaceClicEnElBoton()
  Then el sistema debe mostrar el mensaje de error "Username is required" # com.automation.stepdefinitions.CommonSteps.elSistemaDebeMostrarMensajeDeError(java.lang.String)
✓ PASSED: Inicio de sesión con campo de usuario vacío
]]></system-out>
    <system-err><![CDATA[[main] INFO io.github.bonigarcia.wdm.WebDriverManager - Using chromedriver 145.0.7632.117 (resolved driver for Chrome 145)
[main] INFO io.github.bonigarcia.wdm.WebDriverManager - Exporting webdriver.chrome.driver as C:\Users\USUARIO\.cache\selenium\chromedriver\win64\145.0.7632.117\chromedriver.exe
feb 24, 2026 12:47:28 A. M. org.openqa.selenium.devtools.CdpVersionFinder findNearestMatch
WARNING: Unable to find CDP implementation matching 145
feb 24, 2026 12:47:28 A. M. org.openqa.selenium.chromium.ChromiumDriver lambda$new$5
WARNING: Unable to find version of CDP to use for 145.0.7632.110. You may need to include a dependency on a specific version of the CDP using something similar to `org.seleniumhq.selenium:selenium-devtools-v86:4.15.0` where the version ("v86") matches the version of the chromium-based browser you're using and the version number of the artifact is the same as Selenium's.
]]></system-err>
  </testcase>
</testsuite>