<?xml version="1.0" encoding="UTF-8"?>
<testsuite xmlns:xsi="http://www.w3.org/2001/XMLSchema-instance" xsi:noNamespaceSchemaLocation="https://maven.apache.org/surefire/maven-surefire-plugin/xsd/surefire-test-report-3.0.xsd" version="3.0" name="runners.TestRunner" time="104.292" tests="8" errors="3" skipped="0" failures="0">
  <properties>
[...]
</properties>
  <testcase name="Agregar un producto al carrito correctamente" classname="Agregar Producto al Carrito" time="29.15">
    <error message="Expected condition failed: waiting for visibility of element located by By.xpath: //div[contains(@class,&apos;product&apos;)]//h3[contains(text(),&apos;Laptop Dell XPS 15&apos;)] | //div[contains(@class,&apos;product&apos;)]//span[contains(text(),&apos;Laptop Dell XPS 15&apos;)] (tried for 20 second(s) with 500 milliseconds interval)&#10;Build info: version: &apos;4.15.0&apos;, revision: &apos;1d14b5521b&apos;&#10;System info: os.name: &apos;Windows 10&apos;, os.arch: &apos;amd64&apos;, os.version: &apos;10.0&apos;, java.version: &apos;17.0.12&apos;&#10;Driver info: org.openqa.selenium.chrome.ChromeDriver&#10;Capabilities {acceptInsecureCerts: false, browserName: chrome, browserVersion: 145.0.7632.76, chrome: {chromedriverVersion: 145.0.7632.77 (da516187054a..., userDataDir: C:\Users\USUARIO\AppData\Lo...}, fedcm:accounts: true, goog:chromeOptions: {debuggerAddress: localhost:60678}, goog:processID: 21512, networkConnectionEnabled: false, pageLoadStrategy: normal, platformName: windows, proxy: Proxy(), se:cdp: ws://localhost:60678/devtoo..., se:cdpVersion: 145.0.7632.76, setWindowRect: true, strictFileInteractability: false, timeouts: {implicit: 0, pageLoad: 300000, script: 30000}, unhandledPromptBehavior: dismiss and notify, webauthn:extension:credBlob: true, webauthn:extension:largeBlob: true, webauthn:extension:minPinLength: true, webauthn:extension:prf: true, webauthn:virtualAuthenticators: true}&#10;Session ID: 9abbf80a98354295405fc1812a318b01" type="org.openqa.selenium.TimeoutException"><![CDATA[org.openqa.selenium.TimeoutException: 
Expected condition failed: waiting for visibility of element located by By.xpath: //div[contains(@class,'product')]//h3[contains(text(),'Laptop Dell XPS 15')] | //div[contains(@class,'product')]//span[contains(text(),'Laptop Dell XPS 15')] (tried for 20 second(s) with 500 milliseconds interval)
Build info: version: '4.15.0', revision: '1d14b5521b'
System info: os.name: 'Windows 10', os.arch: 'amd64', os.version: '10.0', java.version: '17.0.12'
Driver info: org.openqa.selenium.chrome.ChromeDriver
Capabilities {acceptInsecureCerts: false, browserName: chrome, browserVersion: 145.0.7632.76, chrome: {chromedriverVersion: 145.0.7632.77 (da516187054a..., userDataDir: C:\Users\USUARIO\AppData\Lo...}, fedcm:accounts: true, goog:chromeOptions: {debuggerAddress: localhost:60678}, goog:processID: 21512, networkConnectionEnabled: false, pageLoadStrategy: normal, platformName: windows, proxy: Proxy(), se:cdp: ws://localhost:60678/devtoo..., se:cdpVersion: 145.0.7632.76, setWindowRect: true, strictFileInteractability: false, timeouts: {implicit: 0, pageLoad: 300000, script: 30000}, unhandledPromptBehavior: dismiss and notify, webauthn:extension:credBlob: true, webauthn:extension:largeBlob: true, webauthn:extension:minPinLength: true, webauthn:extension:prf: true, webauthn:virtualAuthenticators: true}
Session ID: 9abbf80a98354295405fc1812a318b01
	at org.openqa.selenium.support.ui.WebDriverWait.timeoutException(WebDriverWait.java:84)
	at org.openqa.selenium.support.ui.FluentWait.until(FluentWait.java:229)
	at com.automation.script.componentes.BasePage.esperarElementoPorLocator(BasePage.java:85)
	at com.automation.script.AgregarCarrito.Feature.AgregarCarritoPage.seleccionarProductoPorNombre(AgregarCarritoPage.java:48)
	at com.automation.script.AgregarCarrito.Feature.AgregarCarrito.seleccionarProducto(AgregarCarrito.java:39)
	at com.automation.script.AgregarCarrito.Feature.AgregarCarritoStep.elUsuarioSeleccionaElProducto(AgregarCarritoStep.java:65)
	at ✽.el usuario selecciona el producto "Laptop Dell XPS 15"(file:///J:/Workspace/BANCOPICHINCHA/AutomationCorebank/Scenarios/agregarCarrito/agregarCarrito.feature:13)
]]></error>
    <system-out><![CDATA[
@AgregarCarrito @AgregarProductoExitoso
Scenario: Agregar un producto al carrito correctamente             &amp#27;[90m# Scenarios/agregarCarrito/agregarCarrito.feature:12&amp#27;[0m

🚀 Iniciando escenario: Agregar un producto al carrito correctamente
✅ Configuración cargada: /config/environment.config
✅ Driver iniciado: CHROME
🌐 Navegando a: https://www.saucedemo.com/
🌐 Página de login abierta.
📧 Email ingresado: standard_user
🔒 Contraseña ingresada.
🖱️ Clic en botón Ingresar
🔑 Login ejecutado para: standard_user
✅ Login exitoso - Dashboard visible.
✅ Autenticación completada para módulo carrito.
  &amp#27;[32mGiven &amp#27;[0m&amp#27;[32mque el usuario estÃ¡ autenticado en el sistema&amp#27;[0m              &amp#27;[90m# com.automation.script.AgregarCarrito.Feature.AgregarCarritoStep.queElUsuarioEstaAutenticado()&amp#27;[0m
📦 Usuario en página de productos.
  &amp#27;[32mAnd &amp#27;[0m&amp#27;[32mque el usuario se encuentra en la pÃ¡gina de productos&amp#27;[0m        &amp#27;[90m# com.automation.script.AgregarCarrito.Feature.AgregarCarritoStep.queElUsuarioEstaEnPaginaProductos()&amp#27;[0m
  &amp#27;[31mWhen &amp#27;[0m&amp#27;[31mel usuario selecciona el producto &amp#27;[0m&amp#27;[31m&amp#27;[1m"Laptop Dell XPS 15"&amp#27;[0m      &amp#27;[90m# com.automation.script.AgregarCarrito.Feature.AgregarCarritoStep.elUsuarioSeleccionaElProducto(java.lang.String)&amp#27;[0m
      &amp#27;[31morg.openqa.selenium.TimeoutException: Expected condition failed: waiting for visibility of element located by By.xpath: //div[contains(@class,'product')]//h3[contains(text(),'Laptop Dell XPS 15')] | //div[contains(@class,'product')]//span[contains(text(),'Laptop Dell XPS 15')] (tried for 20 second(s) with 500 milliseconds interval)
Build info: version: '4.15.0', revision: '1d14b5521b'
System info: os.name: 'Windows 10', os.arch: 'amd64', os.version: '10.0', java.version: '17.0.12'
Driver info: org.openqa.selenium.chrome.ChromeDriver
Capabilities {acceptInsecureCerts: false, browserName: chrome, browserVersion: 145.0.7632.76, chrome: {chromedriverVersion: 145.0.7632.77 (da516187054a..., userDataDir: C:\Users\USUARIO\AppData\Lo...}, fedcm:accounts: true, goog:chromeOptions: {debuggerAddress: localhost:60678}, goog:processID: 21512, networkConnectionEnabled: false, pageLoadStrategy: normal, platformName: windows, proxy: Proxy(), se:cdp: ws://localhost:60678/devtoo..., se:cdpVersion: 145.0.7632.76, setWindowRect: true, strictFileInteractability: false, timeouts: {implicit: 0, pageLoad: 300000, script: 30000}, unhandledPromptBehavior: dismiss and notify, webauthn:extension:credBlob: true, webauthn:extension:largeBlob: true, webauthn:extension:minPinLength: true, webauthn:extension:prf: true, webauthn:virtualAuthenticators: true}
Session ID: 9abbf80a98354295405fc1812a318b01
	at org.openqa.selenium.support.ui.WebDriverWait.timeoutException(WebDriverWait.java:84)
	at org.openqa.selenium.support.ui.FluentWait.until(FluentWait.java:229)
	at com.automation.script.componentes.BasePage.esperarElementoPorLocator(BasePage.java:85)
	at com.automation.script.AgregarCarrito.Feature.AgregarCarritoPage.seleccionarProductoPorNombre(AgregarCarritoPage.java:48)
	at com.automation.script.AgregarCarrito.Feature.AgregarCarrito.seleccionarProducto(AgregarCarrito.java:39)
	at com.automation.script.AgregarCarrito.Feature.AgregarCarritoStep.elUsuarioSeleccionaElProducto(AgregarCarritoStep.java:65)
	at âœ½.el usuario selecciona el producto "Laptop Dell XPS 15"(file:///J:/Workspace/BANCOPICHINCHA/AutomationCorebank/Scenarios/agregarCarrito/agregarCarrito.feature:13)
&amp#27;[0m
  &amp#27;[36mAnd &amp#27;[0m&amp#27;[36mel usuario hace clic en &amp#27;[0m&amp#27;[36m&amp#27;[1m"Agregar al Carrito"&amp#27;[0m                 &amp#27;[90m# com.automation.script.AgregarCarrito.Feature.AgregarCarritoStep.elUsuarioHaceClicEn(java.lang.String)&amp#27;[0m
  &amp#27;[36mThen &amp#27;[0m&amp#27;[36mel carrito debe mostrar &amp#27;[0m&amp#27;[36m&amp#27;[1m"1"&amp#27;[0m&amp#27;[36m producto&amp#27;[0m                        &amp#27;[90m# com.automation.script.AgregarCarrito.Feature.AgregarCarritoStep.elCarritoDebeMostrarUnProducto(java.lang.String)&amp#27;[0m
  &amp#27;[36mAnd &amp#27;[0m&amp#27;[36mel producto &amp#27;[0m&amp#27;[36m&amp#27;[1m"Laptop Dell XPS 15"&amp#27;[0m&amp#27;[36m debe aparecer en el carrito&amp#27;[0m &amp#27;[90m# com.automation.script.AgregarCarrito.Feature.AgregarCarritoStep.elProductoDebeAparecerEnElCarrito(java.lang.String)&amp#27;[0m
❌ Escenario FALLIDO: Agregar un producto al carrito correctamente

    Embedding Screenshot del fallo [image/png 328187 bytes]

✅ Driver cerrado correctamente.
]]></system-out>
    <system-err><![CDATA[[main] INFO io.github.bonigarcia.wdm.WebDriverManager - Using chromedriver 145.0.7632.77 (resolved driver for Chrome 145)
[main] INFO io.github.bonigarcia.wdm.WebDriverManager - Exporting webdriver.chrome.driver as C:\Users\USUARIO\.cache\selenium\chromedriver\win64\145.0.7632.77\chromedriver.exe
feb 22, 2026 11:45:43 P. M. org.openqa.selenium.devtools.CdpVersionFinder findNearestMatch
WARNING: Unable to find CDP implementation matching 145
feb 22, 2026 11:45:43 P. M. org.openqa.selenium.chromium.ChromiumDriver lambda$new$5
WARNING: Unable to find version of CDP to use for 145.0.7632.76. You may need to include a dependency on a specific version of the CDP using something similar to `org.seleniumhq.selenium:selenium-devtools-v86:4.15.0` where the version ("v86") matches the version of the chromium-based browser you're using and the version number of the artifact is the same as Selenium's.
]]></system-err>
  </testcase>
  <testcase name="Agregar múltiples productos al carrito" classname="Agregar Producto al Carrito" time="25.047">
    <error message="Expected condition failed: waiting for visibility of element located by By.xpath: //div[contains(@class,&apos;product&apos;)]//h3[contains(text(),&apos;Laptop Dell XPS 15&apos;)] | //div[contains(@class,&apos;product&apos;)]//span[contains(text(),&apos;Laptop Dell XPS 15&apos;)] (tried for 20 second(s) with 500 milliseconds interval)&#10;Build info: version: &apos;4.15.0&apos;, revision: &apos;1d14b5521b&apos;&#10;System info: os.name: &apos;Windows 10&apos;, os.arch: &apos;amd64&apos;, os.version: &apos;10.0&apos;, java.version: &apos;17.0.12&apos;&#10;Driver info: org.openqa.selenium.chrome.ChromeDriver&#10;Capabilities {acceptInsecureCerts: false, browserName: chrome, browserVersion: 145.0.7632.76, chrome: {chromedriverVersion: 145.0.7632.77 (da516187054a..., userDataDir: C:\Users\USUARIO\AppData\Lo...}, fedcm:accounts: true, goog:chromeOptions: {debuggerAddress: localhost:60726}, goog:processID: 17508, networkConnectionEnabled: false, pageLoadStrategy: normal, platformName: windows, proxy: Proxy(), se:cdp: ws://localhost:60726/devtoo..., se:cdpVersion: 145.0.7632.76, setWindowRect: true, strictFileInteractability: false, timeouts: {implicit: 0, pageLoad: 300000, script: 30000}, unhandledPromptBehavior: dismiss and notify, webauthn:extension:credBlob: true, webauthn:extension:largeBlob: true, webauthn:extension:minPinLength: true, webauthn:extension:prf: true, webauthn:virtualAuthenticators: true}&#10;Session ID: 592ec8ee40ce89698e01919765dcc770" type="org.openqa.selenium.TimeoutException"><![CDATA[org.openqa.selenium.TimeoutException: 
Expected condition failed: waiting for visibility of element located by By.xpath: //div[contains(@class,'product')]//h3[contains(text(),'Laptop Dell XPS 15')] | //div[contains(@class,'product')]//span[contains(text(),'Laptop Dell XPS 15')] (tried for 20 second(s) with 500 milliseconds interval)
Build info: version: '4.15.0', revision: '1d14b5521b'
System info: os.name: 'Windows 10', os.arch: 'amd64', os.version: '10.0', java.version: '17.0.12'
Driver info: org.openqa.selenium.chrome.ChromeDriver
Capabilities {acceptInsecureCerts: false, browserName: chrome, browserVersion: 145.0.7632.76, chrome: {chromedriverVersion: 145.0.7632.77 (da516187054a..., userDataDir: C:\Users\USUARIO\AppData\Lo...}, fedcm:accounts: true, goog:chromeOptions: {debuggerAddress: localhost:60726}, goog:processID: 17508, networkConnectionEnabled: false, pageLoadStrategy: normal, platformName: windows, proxy: Proxy(), se:cdp: ws://localhost:60726/devtoo..., se:cdpVersion: 145.0.7632.76, setWindowRect: true, strictFileInteractability: false, timeouts: {implicit: 0, pageLoad: 300000, script: 30000}, unhandledPromptBehavior: dismiss and notify, webauthn:extension:credBlob: true, webauthn:extension:largeBlob: true, webauthn:extension:minPinLength: true, webauthn:extension:prf: true, webauthn:virtualAuthenticators: true}
Session ID: 592ec8ee40ce89698e01919765dcc770
	at org.openqa.selenium.support.ui.WebDriverWait.timeoutException(WebDriverWait.java:84)
	at org.openqa.selenium.support.ui.FluentWait.until(FluentWait.java:229)
	at com.automation.script.componentes.BasePage.esperarElementoPorLocator(BasePage.java:85)
	at com.automation.script.AgregarCarrito.Feature.AgregarCarritoPage.seleccionarProductoPorNombre(AgregarCarritoPage.java:48)
	at com.automation.script.AgregarCarrito.Feature.AgregarCarrito.seleccionarProducto(AgregarCarrito.java:39)
	at com.automation.script.AgregarCarrito.Feature.AgregarCarritoStep.elUsuarioSeleccionaElProducto(AgregarCarritoStep.java:65)
	at ✽.el usuario selecciona el producto "Laptop Dell XPS 15"(file:///J:/Workspace/BANCOPICHINCHA/AutomationCorebank/Scenarios/agregarCarrito/agregarCarrito.feature:20)
]]></error>
    <system-out><![CDATA[
@AgregarCarrito @AgregarMultiplesProductos
Scenario: Agregar mÃºltiples productos al carrito              &amp#27;[90m# Scenarios/agregarCarrito/agregarCarrito.feature:19&amp#27;[0m

🚀 Iniciando escenario: Agregar múltiples productos al carrito
✅ Driver iniciado: CHROME
🌐 Navegando a: https://www.saucedemo.com/
🌐 Página de login abierta.
📧 Email ingresado: standard_user
🔒 Contraseña ingresada.
🖱️ Clic en botón Ingresar
🔑 Login ejecutado para: standard_user
✅ Login exitoso - Dashboard visible.
✅ Autenticación completada para módulo carrito.
  &amp#27;[32mGiven &amp#27;[0m&amp#27;[32mque el usuario estÃ¡ autenticado en el sistema&amp#27;[0m         &amp#27;[90m# com.automation.script.AgregarCarrito.Feature.AgregarCarritoStep.queElUsuarioEstaAutenticado()&amp#27;[0m
📦 Usuario en página de productos.
  &amp#27;[32mAnd &amp#27;[0m&amp#27;[32mque el usuario se encuentra en la pÃ¡gina de productos&amp#27;[0m   &amp#27;[90m# com.automation.script.AgregarCarrito.Feature.AgregarCarritoStep.queElUsuarioEstaEnPaginaProductos()&amp#27;[0m
  &amp#27;[31mWhen &amp#27;[0m&amp#27;[31mel usuario selecciona el producto &amp#27;[0m&amp#27;[31m&amp#27;[1m"Laptop Dell XPS 15"&amp#27;[0m &amp#27;[90m# com.automation.script.AgregarCarrito.Feature.AgregarCarritoStep.elUsuarioSeleccionaElProducto(java.lang.String)&amp#27;[0m
      &amp#27;[31morg.openqa.selenium.TimeoutException: Expected condition failed: waiting for visibility of element located by By.xpath: //div[contains(@class,'product')]//h3[contains(text(),'Laptop Dell XPS 15')] | //div[contains(@class,'product')]//span[contains(text(),'Laptop Dell XPS 15')] (tried for 20 second(s) with 500 milliseconds interval)
Build info: version: '4.15.0', revision: '1d14b5521b'
System info: os.name: 'Windows 10', os.arch: 'amd64', os.version: '10.0', java.version: '17.0.12'
Driver info: org.openqa.selenium.chrome.ChromeDriver
Capabilities {acceptInsecureCerts: false, browserName: chrome, browserVersion: 145.0.7632.76, chrome: {chromedriverVersion: 145.0.7632.77 (da516187054a..., userDataDir: C:\Users\USUARIO\AppData\Lo...}, fedcm:accounts: true, goog:chromeOptions: {debuggerAddress: localhost:60726}, goog:processID: 17508, networkConnectionEnabled: false, pageLoadStrategy: normal, platformName: windows, proxy: Proxy(), se:cdp: ws://localhost:60726/devtoo..., se:cdpVersion: 145.0.7632.76, setWindowRect: true, strictFileInteractability: false, timeouts: {implicit: 0, pageLoad: 300000, script: 30000}, unhandledPromptBehavior: dismiss and notify, webauthn:extension:credBlob: true, webauthn:extension:largeBlob: true, webauthn:extension:minPinLength: true, webauthn:extension:prf: true, webauthn:virtualAuthenticators: true}
Session ID: 592ec8ee40ce89698e01919765dcc770
	at org.openqa.selenium.support.ui.WebDriverWait.timeoutException(WebDriverWait.java:84)
	at org.openqa.selenium.support.ui.FluentWait.until(FluentWait.java:229)
	at com.automation.script.componentes.BasePage.esperarElementoPorLocator(BasePage.java:85)
	at com.automation.script.AgregarCarrito.Feature.AgregarCarritoPage.seleccionarProductoPorNombre(AgregarCarritoPage.java:48)
	at com.automation.script.AgregarCarrito.Feature.AgregarCarrito.seleccionarProducto(AgregarCarrito.java:39)
	at com.automation.script.AgregarCarrito.Feature.AgregarCarritoStep.elUsuarioSeleccionaElProducto(AgregarCarritoStep.java:65)
	at âœ½.el usuario selecciona el producto "Laptop Dell XPS 15"(file:///J:/Workspace/BANCOPICHINCHA/AutomationCorebank/Scenarios/agregarCarrito/agregarCarrito.feature:20)
&amp#27;[0m
  &amp#27;[36mAnd &amp#27;[0m&amp#27;[36mel usuario hace clic en &amp#27;[0m&amp#27;[36m&amp#27;[1m"Agregar al Carrito"&amp#27;[0m            &amp#27;[90m# com.automation.script.AgregarCarrito.Feature.AgregarCarritoStep.elUsuarioHaceClicEn(java.lang.String)&amp#27;[0m
  &amp#27;[36mAnd &amp#27;[0m&amp#27;[36mel usuario selecciona el producto &amp#27;[0m&amp#27;[36m&amp#27;[1m"Mouse Logitech MX"&amp#27;[0m   &amp#27;[90m# com.automation.script.AgregarCarrito.Feature.AgregarCarritoStep.elUsuarioSeleccionaElProducto(java.lang.String)&amp#27;[0m
  &amp#27;[36mAnd &amp#27;[0m&amp#27;[36mel usuario hace clic en &amp#27;[0m&amp#27;[36m&amp#27;[1m"Agregar al Carrito"&amp#27;[0m            &amp#27;[90m# com.automation.script.AgregarCarrito.Feature.AgregarCarritoStep.elUsuarioHaceClicEn(java.lang.String)&amp#27;[0m
  &amp#27;[36mThen &amp#27;[0m&amp#27;[36mel carrito debe mostrar &amp#27;[0m&amp#27;[36m&amp#27;[1m"2"&amp#27;[0m&amp#27;[36m productos&amp#27;[0m                  &amp#27;[90m# com.automation.script.AgregarCarrito.Feature.AgregarCarritoStep.elCarritoDebeMostrarProductos(java.lang.String)&amp#27;[0m
❌ Escenario FALLIDO: Agregar múltiples productos al carrito

    Embedding Screenshot del fallo [image/png 328187 bytes]

✅ Driver cerrado correctamente.
]]></system-out>
    <system-err><![CDATA[[main] INFO io.github.bonigarcia.wdm.WebDriverManager - Using chromedriver 145.0.7632.77 (resolved driver for Chrome 145)
[main] INFO io.github.bonigarcia.wdm.WebDriverManager - Exporting webdriver.chrome.driver as C:\Users\USUARIO\.cache\selenium\chromedriver\win64\145.0.7632.77\chromedriver.exe
feb 22, 2026 11:46:09 P. M. org.openqa.selenium.devtools.CdpVersionFinder findNearestMatch
WARNING: Unable to find CDP implementation matching 145
feb 22, 2026 11:46:09 P. M. org.openqa.selenium.chromium.ChromiumDriver lambda$new$5
WARNING: Unable to find version of CDP to use for 145.0.7632.76. You may need to include a dependency on a specific version of the CDP using something similar to `org.seleniumhq.selenium:selenium-devtools-v86:4.15.0` where the version ("v86") matches the version of the chromium-based browser you're using and the version number of the artifact is the same as Selenium's.
]]></system-err>
  </testcase>
  <testcase name="Eliminar un producto del carrito" classname="Agregar Producto al Carrito" time="25.173">
    <error message="Expected condition failed: waiting for visibility of element located by By.xpath: //div[contains(@class,&apos;product&apos;)]//h3[contains(text(),&apos;Laptop Dell XPS 15&apos;)] | //div[contains(@class,&apos;product&apos;)]//span[contains(text(),&apos;Laptop Dell XPS 15&apos;)] (tried for 20 second(s) with 500 milliseconds interval)&#10;Build info: version: &apos;4.15.0&apos;, revision: &apos;1d14b5521b&apos;&#10;System info: os.name: &apos;Windows 10&apos;, os.arch: &apos;amd64&apos;, os.version: &apos;10.0&apos;, java.version: &apos;17.0.12&apos;&#10;Driver info: org.openqa.selenium.chrome.ChromeDriver&#10;Capabilities {acceptInsecureCerts: false, browserName: chrome, browserVersion: 145.0.7632.76, chrome: {chromedriverVersion: 145.0.7632.77 (da516187054a..., userDataDir: C:\Users\USUARIO\AppData\Lo...}, fedcm:accounts: true, goog:chromeOptions: {debuggerAddress: localhost:60773}, goog:processID: 2920, networkConnectionEnabled: false, pageLoadStrategy: normal, platformName: windows, proxy: Proxy(), se:cdp: ws://localhost:60773/devtoo..., se:cdpVersion: 145.0.7632.76, setWindowRect: true, strictFileInteractability: false, timeouts: {implicit: 0, pageLoad: 300000, script: 30000}, unhandledPromptBehavior: dismiss and notify, webauthn:extension:credBlob: true, webauthn:extension:largeBlob: true, webauthn:extension:minPinLength: true, webauthn:extension:prf: true, webauthn:virtualAuthenticators: true}&#10;Session ID: 08e029d17b5605dae1081bf38bbfa4ea" type="org.openqa.selenium.TimeoutException"><![CDATA[org.openqa.selenium.TimeoutException: 
Expected condition failed: waiting for visibility of element located by By.xpath: //div[contains(@class,'product')]//h3[contains(text(),'Laptop Dell XPS 15')] | //div[contains(@class,'product')]//span[contains(text(),'Laptop Dell XPS 15')] (tried for 20 second(s) with 500 milliseconds interval)
Build info: version: '4.15.0', revision: '1d14b5521b'
System info: os.name: 'Windows 10', os.arch: 'amd64', os.version: '10.0', java.version: '17.0.12'
Driver info: org.openqa.selenium.chrome.ChromeDriver
Capabilities {acceptInsecureCerts: false, browserName: chrome, browserVersion: 145.0.7632.76, chrome: {chromedriverVersion: 145.0.7632.77 (da516187054a..., userDataDir: C:\Users\USUARIO\AppData\Lo...}, fedcm:accounts: true, goog:chromeOptions: {debuggerAddress: localhost:60773}, goog:processID: 2920, networkConnectionEnabled: false, pageLoadStrategy: normal, platformName: windows, proxy: Proxy(), se:cdp: ws://localhost:60773/devtoo..., se:cdpVersion: 145.0.7632.76, setWindowRect: true, strictFileInteractability: false, timeouts: {implicit: 0, pageLoad: 300000, script: 30000}, unhandledPromptBehavior: dismiss and notify, webauthn:extension:credBlob: true, webauthn:extension:largeBlob: true, webauthn:extension:minPinLength: true, webauthn:extension:prf: true, webauthn:virtualAuthenticators: true}
Session ID: 08e029d17b5605dae1081bf38bbfa4ea
	at org.openqa.selenium.support.ui.WebDriverWait.timeoutException(WebDriverWait.java:84)
	at org.openqa.selenium.support.ui.FluentWait.until(FluentWait.java:229)
	at com.automation.script.componentes.BasePage.esperarElementoPorLocator(BasePage.java:85)
	at com.automation.script.AgregarCarrito.Feature.AgregarCarritoPage.seleccionarProductoPorNombre(AgregarCarritoPage.java:48)
	at com.automation.script.AgregarCarrito.Feature.AgregarCarrito.seleccionarProducto(AgregarCarrito.java:39)
	at com.automation.script.AgregarCarrito.Feature.AgregarCarritoStep.queElCarritoTieneElProducto(AgregarCarritoStep.java:59)
	at ✽.que el carrito tiene el producto "Laptop Dell XPS 15"(file:///J:/Workspace/BANCOPICHINCHA/AutomationCorebank/Scenarios/agregarCarrito/agregarCarrito.feature:28)
]]></error>
    <system-out><![CDATA[
@AgregarCarrito @EliminarProductoCarrito
Scenario: Eliminar un producto del carrito                             &amp#27;[90m# Scenarios/agregarCarrito/agregarCarrito.feature:27&amp#27;[0m

🚀 Iniciando escenario: Eliminar un producto del carrito
✅ Driver iniciado: CHROME
🌐 Navegando a: https://www.saucedemo.com/
🌐 Página de login abierta.
📧 Email ingresado: standard_user
🔒 Contraseña ingresada.
🖱️ Clic en botón Ingresar
🔑 Login ejecutado para: standard_user
✅ Login exitoso - Dashboard visible.
✅ Autenticación completada para módulo carrito.
  &amp#27;[32mGiven &amp#27;[0m&amp#27;[32mque el usuario estÃ¡ autenticado en el sistema&amp#27;[0m                  &amp#27;[90m# com.automation.script.AgregarCarrito.Feature.AgregarCarritoStep.queElUsuarioEstaAutenticado()&amp#27;[0m
📦 Usuario en página de productos.
  &amp#27;[32mAnd &amp#27;[0m&amp#27;[32mque el usuario se encuentra en la pÃ¡gina de productos&amp#27;[0m            &amp#27;[90m# com.automation.script.AgregarCarrito.Feature.AgregarCarritoStep.queElUsuarioEstaEnPaginaProductos()&amp#27;[0m
  &amp#27;[31mGiven &amp#27;[0m&amp#27;[31mque el carrito tiene el producto &amp#27;[0m&amp#27;[31m&amp#27;[1m"Laptop Dell XPS 15"&amp#27;[0m          &amp#27;[90m# com.automation.script.AgregarCarrito.Feature.AgregarCarritoStep.queElCarritoTieneElProducto(java.lang.String)&amp#27;[0m
      &amp#27;[31morg.openqa.selenium.TimeoutException: Expected condition failed: waiting for visibility of element located by By.xpath: //div[contains(@class,'product')]//h3[contains(text(),'Laptop Dell XPS 15')] | //div[contains(@class,'product')]//span[contains(text(),'Laptop Dell XPS 15')] (tried for 20 second(s) with 500 milliseconds interval)
Build info: version: '4.15.0', revision: '1d14b5521b'
System info: os.name: 'Windows 10', os.arch: 'amd64', os.version: '10.0', java.version: '17.0.12'
Driver info: org.openqa.selenium.chrome.ChromeDriver
Capabilities {acceptInsecureCerts: false, browserName: chrome, browserVersion: 145.0.7632.76, chrome: {chromedriverVersion: 145.0.7632.77 (da516187054a..., userDataDir: C:\Users\USUARIO\AppData\Lo...}, fedcm:accounts: true, goog:chromeOptions: {debuggerAddress: localhost:60773}, goog:processID: 2920, networkConnectionEnabled: false, pageLoadStrategy: normal, platformName: windows, proxy: Proxy(), se:cdp: ws://localhost:60773/devtoo..., se:cdpVersion: 145.0.7632.76, setWindowRect: true, strictFileInteractability: false, timeouts: {implicit: 0, pageLoad: 300000, script: 30000}, unhandledPromptBehavior: dismiss and notify, webauthn:extension:credBlob: true, webauthn:extension:largeBlob: true, webauthn:extension:minPinLength: true, webauthn:extension:prf: true, webauthn:virtualAuthenticators: true}
Session ID: 08e029d17b5605dae1081bf38bbfa4ea
	at org.openqa.selenium.support.ui.WebDriverWait.timeoutException(WebDriverWait.java:84)
	at org.openqa.selenium.support.ui.FluentWait.until(FluentWait.java:229)
	at com.automation.script.componentes.BasePage.esperarElementoPorLocator(BasePage.java:85)
	at com.automation.script.AgregarCarrito.Feature.AgregarCarritoPage.seleccionarProductoPorNombre(AgregarCarritoPage.java:48)
	at com.automation.script.AgregarCarrito.Feature.AgregarCarrito.seleccionarProducto(AgregarCarrito.java:39)
	at com.automation.script.AgregarCarrito.Feature.AgregarCarritoStep.queElCarritoTieneElProducto(AgregarCarritoStep.java:59)
	at âœ½.que el carrito tiene el producto "Laptop Dell XPS 15"(file:///J:/Workspace/BANCOPICHINCHA/AutomationCorebank/Scenarios/agregarCarrito/agregarCarrito.feature:28)
&amp#27;[0m
  &amp#27;[36mWhen &amp#27;[0m&amp#27;[36mel usuario elimina el producto &amp#27;[0m&amp#27;[36m&amp#27;[1m"Laptop Dell XPS 15"&amp#27;[0m&amp#27;[36m del carrito&amp#27;[0m &amp#27;[90m# com.automation.script.AgregarCarrito.Feature.AgregarCarritoStep.elUsuarioEliminaElProducto(java.lang.String)&amp#27;[0m
  &amp#27;[36mThen &amp#27;[0m&amp#27;[36mel carrito debe estar vacÃ­o&amp#27;[0m                                     &amp#27;[90m# com.automation.script.AgregarCarrito.Feature.AgregarCarritoStep.elCarritoDebeEstarVacio()&amp#27;[0m
❌ Escenario FALLIDO: Eliminar un producto del carrito

    Embedding Screenshot del fallo [image/png 328187 bytes]

✅ Driver cerrado correctamente.
]]></system-out>
    <system-err><![CDATA[[main] INFO io.github.bonigarcia.wdm.WebDriverManager - Using chromedriver 145.0.7632.77 (resolved driver for Chrome 145)
[main] INFO io.github.bonigarcia.wdm.WebDriverManager - Exporting webdriver.chrome.driver as C:\Users\USUARIO\.cache\selenium\chromedriver\win64\145.0.7632.77\chromedriver.exe
feb 22, 2026 11:46:34 P. M. org.openqa.selenium.devtools.CdpVersionFinder findNearestMatch
WARNING: Unable to find CDP implementation matching 145
feb 22, 2026 11:46:34 P. M. org.openqa.selenium.chromium.ChromiumDriver lambda$new$5
WARNING: Unable to find version of CDP to use for 145.0.7632.76. You may need to include a dependency on a specific version of the CDP using something similar to `org.seleniumhq.selenium:selenium-devtools-v86:4.15.0` where the version ("v86") matches the version of the chromium-based browser you're using and the version number of the artifact is the same as Selenium's.
]]></system-err>
  </testcase>
  <testcase name="Inicio de sesión exitoso con standard_user" classname="Inicio de Sesión - Saucedemo" time="3.814">
    <system-out><![CDATA[
@InicioSession @LoginExitoso @SauceDemo
Scenario: Inicio de sesiÃ³n exitoso con standard_user         &amp#27;[90m# Scenarios/inicioSession/inicioSession.feature:11&amp#27;[0m

🚀 Iniciando escenario: Inicio de sesión exitoso con standard_user
✅ Driver iniciado: CHROME
🌐 Navegando a: https://www.saucedemo.com/
🌐 Página de login abierta.
  &amp#27;[32mGiven &amp#27;[0m&amp#27;[32mque el usuario abre el navegador y accede al sistema&amp#27;[0m &amp#27;[90m# com.automation.script.InicioSession.Feature.InicioSessionStep.queElUsuarioAbreElNavegador()&amp#27;[0m
📧 Email ingresado: standard_user
  &amp#27;[32mWhen &amp#27;[0m&amp#27;[32mel usuario ingresa el correo &amp#27;[0m&amp#27;[32m&amp#27;[1m"standard_user"&amp#27;[0m          &amp#27;[90m# com.automation.script.InicioSession.Feature.InicioSessionStep.elUsuarioIngresaElCorreo(java.lang.String)&amp#27;[0m
🔒 Contraseña ingresada.
  &amp#27;[32mAnd &amp#27;[0m&amp#27;[32mel usuario ingresa la contraseÃ±a &amp#27;[0m&amp#27;[32m&amp#27;[1m"secret_sauce"&amp#27;[0m        &amp#27;[90m# com.automation.script.InicioSession.Feature.InicioSessionStep.elUsuarioIngresaLaContrasena(java.lang.String)&amp#27;[0m
🖱️ Clic en botón Ingresar
  &amp#27;[32mAnd &amp#27;[0m&amp#27;[32mel usuario hace clic en el botÃ³n &amp#27;[0m&amp#27;[32m&amp#27;[1m"Ingresar"&amp#27;[0m            &amp#27;[90m# com.automation.script.InicioSession.Feature.InicioSessionStep.elUsuarioHaceClicEnElBoton(java.lang.String)&amp#27;[0m
✅ Login exitoso - Dashboard visible.
  &amp#27;[32mThen &amp#27;[0m&amp#27;[32mel usuario debe ver el dashboard principal&amp#27;[0m            &amp#27;[90m# com.automation.script.InicioSession.Feature.InicioSessionStep.elUsuarioDebeVerElDashboard()&amp#27;[0m
✅ Bienvenida correcta: Swag Labs
  &amp#27;[32mAnd &amp#27;[0m&amp#27;[32mel mensaje de bienvenida debe contener &amp#27;[0m&amp#27;[32m&amp#27;[1m"Swag Labs"&amp#27;[0m     &amp#27;[90m# com.automation.script.InicioSession.Feature.InicioSessionStep.elMensajeDeBienvenidaDebeContener(java.lang.String)&amp#27;[0m
✅ Escenario EXITOSO: Inicio de sesión exitoso con standard_user
✅ Driver cerrado correctamente.
]]></system-out>
    <system-err><![CDATA[[main] INFO io.github.bonigarcia.wdm.WebDriverManager - Using chromedriver 145.0.7632.77 (resolved driver for Chrome 145)
[main] INFO io.github.bonigarcia.wdm.WebDriverManager - Exporting webdriver.chrome.driver as C:\Users\USUARIO\.cache\selenium\chromedriver\win64\145.0.7632.77\chromedriver.exe
feb 22, 2026 11:46:59 P. M. org.openqa.selenium.devtools.CdpVersionFinder findNearestMatch
WARNING: Unable to find CDP implementation matching 145
feb 22, 2026 11:46:59 P. M. org.openqa.selenium.chromium.ChromiumDriver lambda$new$5
WARNING: Unable to find version of CDP to use for 145.0.7632.76. You may need to include a dependency on a specific version of the CDP using something similar to `org.seleniumhq.selenium:selenium-devtools-v86:4.15.0` where the version ("v86") matches the version of the chromium-based browser you're using and the version number of the artifact is the same as Selenium's.
]]></system-err>
  </testcase>
  <testcase name="Inicio de sesión exitoso con performance_glitch_user" classname="Inicio de Sesión - Saucedemo" time="9.344">
    <system-out><![CDATA[
@InicioSession @LoginExitoso @SauceDemo
Scenario: Inicio de sesiÃ³n exitoso con performance_glitch_user &amp#27;[90m# Scenarios/inicioSession/inicioSession.feature:19&amp#27;[0m

🚀 Iniciando escenario: Inicio de sesión exitoso con performance_glitch_user
✅ Driver iniciado: CHROME
🌐 Navegando a: https://www.saucedemo.com/
🌐 Página de login abierta.
  &amp#27;[32mGiven &amp#27;[0m&amp#27;[32mque el usuario abre el navegador y accede al sistema&amp#27;[0m   &amp#27;[90m# com.automation.script.InicioSession.Feature.InicioSessionStep.queElUsuarioAbreElNavegador()&amp#27;[0m
📧 Email ingresado: performance_glitch_user
  &amp#27;[32mWhen &amp#27;[0m&amp#27;[32mel usuario ingresa el correo &amp#27;[0m&amp#27;[32m&amp#27;[1m"performance_glitch_user"&amp#27;[0m  &amp#27;[90m# com.automation.script.InicioSession.Feature.InicioSessionStep.elUsuarioIngresaElCorreo(java.lang.String)&amp#27;[0m
🔒 Contraseña ingresada.
  &amp#27;[32mAnd &amp#27;[0m&amp#27;[32mel usuario ingresa la contraseÃ±a &amp#27;[0m&amp#27;[32m&amp#27;[1m"secret_sauce"&amp#27;[0m          &amp#27;[90m# com.automation.script.InicioSession.Feature.InicioSessionStep.elUsuarioIngresaLaContrasena(java.lang.String)&amp#27;[0m
🖱️ Clic en botón Ingresar
  &amp#27;[32mAnd &amp#27;[0m&amp#27;[32mel usuario hace clic en el botÃ³n &amp#27;[0m&amp#27;[32m&amp#27;[1m"Ingresar"&amp#27;[0m              &amp#27;[90m# com.automation.script.InicioSession.Feature.InicioSessionStep.elUsuarioHaceClicEnElBoton(java.lang.String)&amp#27;[0m
✅ Login exitoso - Dashboard visible.
  &amp#27;[32mThen &amp#27;[0m&amp#27;[32mel usuario debe ver el dashboard principal&amp#27;[0m              &amp#27;[90m# com.automation.script.InicioSession.Feature.InicioSessionStep.elUsuarioDebeVerElDashboard()&amp#27;[0m
✅ Bienvenida correcta: Swag Labs
  &amp#27;[32mAnd &amp#27;[0m&amp#27;[32mel mensaje de bienvenida debe contener &amp#27;[0m&amp#27;[32m&amp#27;[1m"Swag Labs"&amp#27;[0m       &amp#27;[90m# com.automation.script.InicioSession.Feature.InicioSessionStep.elMensajeDeBienvenidaDebeContener(java.lang.String)&amp#27;[0m
✅ Escenario EXITOSO: Inicio de sesión exitoso con performance_glitch_user
✅ Driver cerrado correctamente.
]]></system-out>
    <system-err><![CDATA[[main] INFO io.github.bonigarcia.wdm.WebDriverManager - Using chromedriver 145.0.7632.77 (resolved driver for Chrome 145)
[main] INFO io.github.bonigarcia.wdm.WebDriverManager - Exporting webdriver.chrome.driver as C:\Users\USUARIO\.cache\selenium\chromedriver\win64\145.0.7632.77\chromedriver.exe
feb 22, 2026 11:47:03 P. M. org.openqa.selenium.devtools.CdpVersionFinder findNearestMatch
WARNING: Unable to find CDP implementation matching 145
feb 22, 2026 11:47:03 P. M. org.openqa.selenium.chromium.ChromiumDriver lambda$new$5
WARNING: Unable to find version of CDP to use for 145.0.7632.76. You may need to include a dependency on a specific version of the CDP using something similar to `org.seleniumhq.selenium:selenium-devtools-v86:4.15.0` where the version ("v86") matches the version of the chromium-based browser you're using and the version number of the artifact is the same as Selenium's.
]]></system-err>
  </testcase>
  <testcase name="Inicio de sesión fallido con locked_out_user" classname="Inicio de Sesión - Saucedemo" time="3.164">
    <system-out><![CDATA[
@InicioSession @LoginFallido @SauceDemo
Scenario: Inicio de sesiÃ³n fallido con locked_out_user          &amp#27;[90m# Scenarios/inicioSession/inicioSession.feature:27&amp#27;[0m

🚀 Iniciando escenario: Inicio de sesión fallido con locked_out_user
✅ Driver iniciado: CHROME
🌐 Navegando a: https://www.saucedemo.com/
🌐 Página de login abierta.
  &amp#27;[32mGiven &amp#27;[0m&amp#27;[32mque el usuario abre el navegador y accede al sistema&amp#27;[0m    &amp#27;[90m# com.automation.script.InicioSession.Feature.InicioSessionStep.queElUsuarioAbreElNavegador()&amp#27;[0m
📧 Email ingresado: locked_out_user
  &amp#27;[32mWhen &amp#27;[0m&amp#27;[32mel usuario ingresa el correo &amp#27;[0m&amp#27;[32m&amp#27;[1m"locked_out_user"&amp#27;[0m           &amp#27;[90m# com.automation.script.InicioSession.Feature.InicioSessionStep.elUsuarioIngresaElCorreo(java.lang.String)&amp#27;[0m
🔒 Contraseña ingresada.
  &amp#27;[32mAnd &amp#27;[0m&amp#27;[32mel usuario ingresa la contraseÃ±a &amp#27;[0m&amp#27;[32m&amp#27;[1m"secret_sauce"&amp#27;[0m           &amp#27;[90m# com.automation.script.InicioSession.Feature.InicioSessionStep.elUsuarioIngresaLaContrasena(java.lang.String)&amp#27;[0m
🖱️ Clic en botón Ingresar
  &amp#27;[32mAnd &amp#27;[0m&amp#27;[32mel usuario hace clic en el botÃ³n &amp#27;[0m&amp#27;[32m&amp#27;[1m"Ingresar"&amp#27;[0m               &amp#27;[90m# com.automation.script.InicioSession.Feature.InicioSessionStep.elUsuarioHaceClicEnElBoton(java.lang.String)&amp#27;[0m
✅ Mensaje de error correcto: Epic sadface: Sorry, this user has been locked out.
  &amp#27;[32mThen &amp#27;[0m&amp#27;[32mel sistema debe mostrar el mensaje de error &amp#27;[0m&amp#27;[32m&amp#27;[1m"locked out"&amp#27;[0m &amp#27;[90m# com.automation.script.InicioSession.Feature.InicioSessionStep.elSistemaDebeMostrarMensajeDeError(java.lang.String)&amp#27;[0m
✅ Escenario EXITOSO: Inicio de sesión fallido con locked_out_user
✅ Driver cerrado correctamente.
]]></system-out>
    <system-err><![CDATA[[main] INFO io.github.bonigarcia.wdm.WebDriverManager - Using chromedriver 145.0.7632.77 (resolved driver for Chrome 145)
[main] INFO io.github.bonigarcia.wdm.WebDriverManager - Exporting webdriver.chrome.driver as C:\Users\USUARIO\.cache\selenium\chromedriver\win64\145.0.7632.77\chromedriver.exe
feb 22, 2026 11:47:12 P. M. org.openqa.selenium.devtools.CdpVersionFinder findNearestMatch
WARNING: Unable to find CDP implementation matching 145
feb 22, 2026 11:47:12 P. M. org.openqa.selenium.chromium.ChromiumDriver lambda$new$5
WARNING: Unable to find version of CDP to use for 145.0.7632.76. You may need to include a dependency on a specific version of the CDP using something similar to `org.seleniumhq.selenium:selenium-devtools-v86:4.15.0` where the version ("v86") matches the version of the chromium-based browser you're using and the version number of the artifact is the same as Selenium's.
]]></system-err>
  </testcase>
  <testcase name="Inicio de sesión fallido con credenciales incorrectas" classname="Inicio de Sesión - Saucedemo" time="4.1">
    <system-out><![CDATA[
@InicioSession @LoginFallido @SauceDemo
Scenario: Inicio de sesiÃ³n fallido con credenciales incorrectas   &amp#27;[90m# Scenarios/inicioSession/inicioSession.feature:34&amp#27;[0m

🚀 Iniciando escenario: Inicio de sesión fallido con credenciales incorrectas
✅ Driver iniciado: CHROME
🌐 Navegando a: https://www.saucedemo.com/
🌐 Página de login abierta.
  &amp#27;[32mGiven &amp#27;[0m&amp#27;[32mque el usuario abre el navegador y accede al sistema&amp#27;[0m      &amp#27;[90m# com.automation.script.InicioSession.Feature.InicioSessionStep.queElUsuarioAbreElNavegador()&amp#27;[0m
📧 Email ingresado: usuario_invalido
  &amp#27;[32mWhen &amp#27;[0m&amp#27;[32mel usuario ingresa el correo &amp#27;[0m&amp#27;[32m&amp#27;[1m"usuario_invalido"&amp#27;[0m            &amp#27;[90m# com.automation.script.InicioSession.Feature.InicioSessionStep.elUsuarioIngresaElCorreo(java.lang.String)&amp#27;[0m
🔒 Contraseña ingresada.
  &amp#27;[32mAnd &amp#27;[0m&amp#27;[32mel usuario ingresa la contraseÃ±a &amp#27;[0m&amp#27;[32m&amp#27;[1m"password_incorrecta"&amp#27;[0m      &amp#27;[90m# com.automation.script.InicioSession.Feature.InicioSessionStep.elUsuarioIngresaLaContrasena(java.lang.String)&amp#27;[0m
🖱️ Clic en botón Ingresar
  &amp#27;[32mAnd &amp#27;[0m&amp#27;[32mel usuario hace clic en el botÃ³n &amp#27;[0m&amp#27;[32m&amp#27;[1m"Ingresar"&amp#27;[0m                 &amp#27;[90m# com.automation.script.InicioSession.Feature.InicioSessionStep.elUsuarioHaceClicEnElBoton(java.lang.String)&amp#27;[0m
✅ Mensaje de error correcto: Epic sadface: Username and password do not match any user in this service
  &amp#27;[32mThen &amp#27;[0m&amp#27;[32mel sistema debe mostrar el mensaje de error &amp#27;[0m&amp#27;[32m&amp#27;[1m"do not match"&amp#27;[0m &amp#27;[90m# com.automation.script.InicioSession.Feature.InicioSessionStep.elSistemaDebeMostrarMensajeDeError(java.lang.String)&amp#27;[0m
✅ Escenario EXITOSO: Inicio de sesión fallido con credenciales incorrectas
✅ Driver cerrado correctamente.
]]></system-out>
    <system-err><![CDATA[[main] INFO io.github.bonigarcia.wdm.WebDriverManager - Using chromedriver 145.0.7632.77 (resolved driver for Chrome 145)
[main] INFO io.github.bonigarcia.wdm.WebDriverManager - Exporting webdriver.chrome.driver as C:\Users\USUARIO\.cache\selenium\chromedriver\win64\145.0.7632.77\chromedriver.exe
feb 22, 2026 11:47:15 P. M. org.openqa.selenium.devtools.CdpVersionFinder findNearestMatch
WARNING: Unable to find CDP implementation matching 145
feb 22, 2026 11:47:15 P. M. org.openqa.selenium.chromium.ChromiumDriver lambda$new$5
WARNING: Unable to find version of CDP to use for 145.0.7632.76. You may need to include a dependency on a specific version of the CDP using something similar to `org.seleniumhq.selenium:selenium-devtools-v86:4.15.0` where the version ("v86") matches the version of the chromium-based browser you're using and the version number of the artifact is the same as Selenium's.
]]></system-err>
  </testcase>
  <testcase name="Inicio de sesión con campo de usuario vacío" classname="Inicio de Sesión - Saucedemo" time="3.166">
    <system-out><![CDATA[
@InicioSession @LoginCamposVacios @SauceDemo
Scenario: Inicio de sesiÃ³n con campo de usuario vacÃ­o                     &amp#27;[90m# Scenarios/inicioSession/inicioSession.feature:41&amp#27;[0m

🚀 Iniciando escenario: Inicio de sesión con campo de usuario vacío
✅ Driver iniciado: CHROME
🌐 Navegando a: https://www.saucedemo.com/
🌐 Página de login abierta.
  &amp#27;[32mGiven &amp#27;[0m&amp#27;[32mque el usuario abre el navegador y accede al sistema&amp#27;[0m              &amp#27;[90m# com.automation.script.InicioSession.Feature.InicioSessionStep.queElUsuarioAbreElNavegador()&amp#27;[0m
⚠️ No se ingresan datos - campos vacíos.
  &amp#27;[32mWhen &amp#27;[0m&amp#27;[32mel usuario no ingresa ningÃºn dato&amp#27;[0m                                  &amp#27;[90m# com.automation.script.InicioSession.Feature.InicioSessionStep.elUsuarioNoIngresaNingunDato()&amp#27;[0m
🖱️ Clic en botón Ingresar
  &amp#27;[32mAnd &amp#27;[0m&amp#27;[32mel usuario hace clic en el botÃ³n &amp#27;[0m&amp#27;[32m&amp#27;[1m"Ingresar"&amp#27;[0m                         &amp#27;[90m# com.automation.script.InicioSession.Feature.InicioSessionStep.elUsuarioHaceClicEnElBoton(java.lang.String)&amp#27;[0m
✅ Mensaje de error correcto: Epic sadface: Username is required
  &amp#27;[32mThen &amp#27;[0m&amp#27;[32mel sistema debe mostrar el mensaje de error &amp#27;[0m&amp#27;[32m&amp#27;[1m"Username is required"&amp#27;[0m &amp#27;[90m# com.automation.script.InicioSession.Feature.InicioSessionStep.elSistemaDebeMostrarMensajeDeError(java.lang.String)&amp#27;[0m
✅ Escenario EXITOSO: Inicio de sesión con campo de usuario vacío
✅ Driver cerrado correctamente.
]]></system-out>
    <system-err><![CDATA[[main] INFO io.github.bonigarcia.wdm.WebDriverManager - Using chromedriver 145.0.7632.77 (resolved driver for Chrome 145)
[main] INFO io.github.bonigarcia.wdm.WebDriverManager - Exporting webdriver.chrome.driver as C:\Users\USUARIO\.cache\selenium\chromedriver\win64\145.0.7632.77\chromedriver.exe
feb 22, 2026 11:47:20 P. M. org.openqa.selenium.devtools.CdpVersionFinder findNearestMatch
WARNING: Unable to find CDP implementation matching 145
feb 22, 2026 11:47:20 P. M. org.openqa.selenium.chromium.ChromiumDriver lambda$new$5
WARNING: Unable to find version of CDP to use for 145.0.7632.76. You may need to include a dependency on a specific version of the CDP using something similar to `org.seleniumhq.selenium:selenium-devtools-v86:4.15.0` where the version ("v86") matches the version of the chromium-based browser you're using and the version number of the artifact is the same as Selenium's.
]]></system-err>
  </testcase>
</testsuite>