<?xml version="1.0" encoding="UTF-8"?>
<testng-results ignored="0" total="3" passed="3" failed="0" skipped="0">
  <reporter-output>
  </reporter-output>
  <suite started-at="2026-02-24T16:08:18 PET" name="Automation Corebank - Suite Completo" finished-at="2026-02-24T16:08:25 PET" duration-ms="7422">
    <groups>
      <group name="cucumber">
        <method signature="AbstractTestNGCucumberTests.runScenario(io.cucumber.testng.PickleWrapper,io.cucumber.testng.FeatureWrapper)[pri:0, instance:runners.TestRunner@397fbdb]" name="runScenario" class="io.cucumber.testng.AbstractTestNGCucumberTests"/>
      </group> <!-- cucumber -->
    </groups>
    <test started-at="2026-02-24T16:08:18 PET" name="Todas las Pruebas" finished-at="2026-02-24T16:08:25 PET" duration-ms="7422">
      <class name="runners.TestRunner">
        <test-method is-config="true" signature="setUpClass(org.testng.ITestContext)[pri:0, instance:runners.TestRunner@397fbdb]" started-at="2026-02-24T16:08:18 PET" name="setUpClass" finished-at="2026-02-24T16:08:18 PET" duration-ms="306" status="PASS">
          <params>
            <param index="0">
              <value>
                <![CDATA[org.testng.TestRunner@484970b0]]>
              </value>
            </param>
          </params>
          <reporter-output>
          </reporter-output>
        </test-method> <!-- setUpClass -->
        <test-method signature="runScenario(io.cucumber.testng.PickleWrapper,io.cucumber.testng.FeatureWrapper)[pri:0, instance:runners.TestRunner@397fbdb]" started-at="2026-02-24T16:08:18 PET" name="runScenario" description="Runs Cucumber Scenarios" data-provider="scenarios" finished-at="2026-02-24T16:08:21 PET" duration-ms="3272" status="PASS">
          <params>
            <param index="0">
              <value>
                <![CDATA["Agregar un producto al carrito correctamente"]]>
              </value>
            </param>
            <param index="1">
              <value>
                <![CDATA["Agregar Producto al Carrito"]]>
              </value>
            </param>
          </params>
          <reporter-output>
          </reporter-output>
        </test-method> <!-- runScenario -->
        <test-method signature="runScenario(io.cucumber.testng.PickleWrapper,io.cucumber.testng.FeatureWrapper)[pri:0, instance:runners.TestRunner@397fbdb]" started-at="2026-02-24T16:08:21 PET" name="runScenario" description="Runs Cucumber Scenarios" data-provider="scenarios" finished-at="2026-02-24T16:08:23 PET" duration-ms="1864" status="PASS">
          <params>
            <param index="0">
              <value>
                <![CDATA["Inicio de sesion exitoso"]]>
              </value>
            </param>
            <param index="1">
              <value>
                <![CDATA["Inicio de Sesion - Saucedemo"]]>
              </value>
            </param>
          </params>
          <reporter-output>
          </reporter-output>
        </test-method> <!-- runScenario -->
        <test-method signature="runScenario(io.cucumber.testng.PickleWrapper,io.cucumber.testng.FeatureWrapper)[pri:0, instance:runners.TestRunner@397fbdb]" started-at="2026-02-24T16:08:23 PET" name="runScenario" description="Runs Cucumber Scenarios" data-provider="scenarios" finished-at="2026-02-24T16:08:25 PET" duration-ms="1895" status="PASS">
          <params>
            <param index="0">
              <value>
                <![CDATA["Inicio de sesion fallido"]]>
              </value>
            </param>
            <param index="1">
              <value>
                <![CDATA["Inicio de Sesion - Saucedemo"]]>
              </value>
            </param>
          </params>
          <reporter-output>
          </reporter-output>
        </test-method> <!-- runScenario -->
        <test-method is-config="true" signature="tearDownClass()[pri:0, instance:runners.TestRunner@397fbdb]" started-at="2026-02-24T16:08:25 PET" name="tearDownClass" finished-at="2026-02-24T16:08:25 PET" duration-ms="59" status="PASS">
          <reporter-output>
          </reporter-output>
        </test-method> <!-- tearDownClass -->
      </class> <!-- runners.TestRunner -->
    </test> <!-- Todas las Pruebas -->
  </suite> <!-- Automation Corebank - Suite Completo -->
</testng-results>
