<?xml version="1.0" encoding="UTF-8"?>
<testng-results ignored="0" total="8" passed="5" failed="3" skipped="0">
  <reporter-output>
  </reporter-output>
  <suite started-at="2026-02-24T00:46:51 COT" name="Automation Corebank - Suite Completo" finished-at="2026-02-24T00:47:30 COT" duration-ms="39122">
    <groups>
      <group name="cucumber">
        <method signature="AbstractTestNGCucumberTests.runScenario(io.cucumber.testng.PickleWrapper,io.cucumber.testng.FeatureWrapper)[pri:0, instance:runners.TestRunner@6771beb3]" name="runScenario" class="io.cucumber.testng.AbstractTestNGCucumberTests"/>
      </group> <!-- cucumber -->
    </groups>
    <test started-at="2026-02-24T00:46:51 COT" name="Todas las Pruebas" finished-at="2026-02-24T00:47:30 COT" duration-ms="39122">
      <class name="runners.TestRunner">
        <test-method is-config="true" signature="setUpClass(org.testng.ITestContext)[pri:0, instance:runners.TestRunner@6771beb3]" started-at="2026-02-24T00:46:51 COT" name="setUpClass" finished-at="2026-02-24T00:46:52 COT" duration-ms="893" status="PASS">
          <params>
            <param index="0">
              <value>
                <![CDATA[org.testng.TestRunner@4eb9ae4d]]>
              </value>
            </param>
          </params>
          <reporter-output>
          </reporter-output>
        </test-method> <!-- setUpClass -->
        <test-method signature="runScenario(io.cucumber.testng.PickleWrapper,io.cucumber.testng.FeatureWrapper)[pri:0, instance:runners.TestRunner@6771beb3]" started-at="2026-02-24T00:46:52 COT" name="runScenario" description="Runs Cucumber Scenarios" data-provider="scenarios" finished-at="2026-02-24T00:46:57 COT" duration-ms="5685" status="FAIL">
          <params>
            <param index="0">
              <value>
                <![CDATA["Agregar un producto al carrito correctamente"]]>
              </value>
            </param>
            <param index="1">
              <value>
                <![CDATA["Agregar Producto al Carrito"]]>
              </value>
            </param>
          </params>
          <exception class="java.lang.AssertionError">
            <message>
              <![CDATA[Cart should contain 1 item(s) expected [1] but found [2]]]>
            </message>
            <full-stacktrace>
              <![CDATA[java.lang.AssertionError: Cart should contain 1 item(s) expected [1] but found [2]
at org.testng.Assert.fail(Assert.java:111)
at org.testng.Assert.failNotEquals(Assert.java:1578)
at org.testng.Assert.assertEqualsImpl(Assert.java:150)
at org.testng.Assert.assertEquals(Assert.java:132)
at org.testng.Assert.assertEquals(Assert.java:1419)
at org.testng.Assert.assertEquals(Assert.java:1383)
at com.automation.business.ProductBusiness.validateCartCount(ProductBusiness.java:51)
at com.automation.stepdefinitions.ProductSteps.cartShouldHaveItem(ProductSteps.java:51)
at com.automation.stepdefinitions.ProductSteps.elCarritoDebeMostrarUnProducto(ProductSteps.java:107)
at ✽.el carrito debe mostrar 1 producto(file:///J:/Workspace/BANCOPICHINCHA/AutomationCorebank/Scenarios/agregarCarrito/agregarCarrito.feature:16)
]]>
            </full-stacktrace>
          </exception> <!-- java.lang.AssertionError -->
          <reporter-output>
          </reporter-output>
        </test-method> <!-- runScenario -->
        <test-method signature="runScenario(io.cucumber.testng.PickleWrapper,io.cucumber.testng.FeatureWrapper)[pri:0, instance:runners.TestRunner@6771beb3]" started-at="2026-02-24T00:46:58 COT" name="runScenario" description="Runs Cucumber Scenarios" data-provider="scenarios" finished-at="2026-02-24T00:47:03 COT" duration-ms="5005" status="FAIL">
          <params>
            <param index="0">
              <value>
                <![CDATA["Agregar múltiples productos al carrito"]]>
              </value>
            </param>
            <param index="1">
              <value>
                <![CDATA["Agregar Producto al Carrito"]]>
              </value>
            </param>
          </params>
          <exception class="java.lang.AssertionError">
            <message>
              <![CDATA[Cart should contain 2 item(s) expected [2] but found [4]]]>
            </message>
            <full-stacktrace>
              <![CDATA[java.lang.AssertionError: Cart should contain 2 item(s) expected [2] but found [4]
at org.testng.Assert.fail(Assert.java:111)
at org.testng.Assert.failNotEquals(Assert.java:1578)
at org.testng.Assert.assertEqualsImpl(Assert.java:150)
at org.testng.Assert.assertEquals(Assert.java:132)
at org.testng.Assert.assertEquals(Assert.java:1419)
at org.testng.Assert.assertEquals(Assert.java:1383)
at com.automation.business.ProductBusiness.validateCartCount(ProductBusiness.java:51)
at com.automation.stepdefinitions.ProductSteps.cartShouldHaveItems(ProductSteps.java:59)
at com.automation.stepdefinitions.ProductSteps.elCarritoDebeMostrarProductos(ProductSteps.java:112)
at ✽.el carrito debe mostrar 2 productos(file:///J:/Workspace/BANCOPICHINCHA/AutomationCorebank/Scenarios/agregarCarrito/agregarCarrito.feature:24)
]]>
            </full-stacktrace>
          </exception> <!-- java.lang.AssertionError -->
          <reporter-output>
          </reporter-output>
        </test-method> <!-- runScenario -->
        <test-method signature="runScenario(io.cucumber.testng.PickleWrapper,io.cucumber.testng.FeatureWrapper)[pri:0, instance:runners.TestRunner@6771beb3]" started-at="2026-02-24T00:47:03 COT" name="runScenario" description="Runs Cucumber Scenarios" data-provider="scenarios" finished-at="2026-02-24T00:47:08 COT" duration-ms="5601" status="FAIL">
          <params>
            <param index="0">
              <value>
                <![CDATA["Eliminar un producto del carrito"]]>
              </value>
            </param>
            <param index="1">
              <value>
                <![CDATA["Agregar Producto al Carrito"]]>
              </value>
            </param>
          </params>
          <exception class="java.lang.AssertionError">
            <message>
              <![CDATA[Cart should be empty but has 1 item(s) expected [0] but found [1]]]>
            </message>
            <full-stacktrace>
              <![CDATA[java.lang.AssertionError: Cart should be empty but has 1 item(s) expected [0] but found [1]
at org.testng.Assert.fail(Assert.java:111)
at org.testng.Assert.failNotEquals(Assert.java:1578)
at org.testng.Assert.assertEqualsImpl(Assert.java:150)
at org.testng.Assert.assertEquals(Assert.java:132)
at org.testng.Assert.assertEquals(Assert.java:1419)
at org.testng.Assert.assertEquals(Assert.java:1383)
at com.automation.business.ProductBusiness.validateCartEmpty(ProductBusiness.java:81)
at com.automation.stepdefinitions.ProductSteps.elCarritoDebeEstarVacio(ProductSteps.java:129)
at ✽.el carrito debe estar vacío(file:///J:/Workspace/BANCOPICHINCHA/AutomationCorebank/Scenarios/agregarCarrito/agregarCarrito.feature:30)
]]>
            </full-stacktrace>
          </exception> <!-- java.lang.AssertionError -->
          <reporter-output>
          </reporter-output>
        </test-method> <!-- runScenario -->
        <test-method signature="runScenario(io.cucumber.testng.PickleWrapper,io.cucumber.testng.FeatureWrapper)[pri:0, instance:runners.TestRunner@6771beb3]" started-at="2026-02-24T00:47:08 COT" name="runScenario" description="Runs Cucumber Scenarios" data-provider="scenarios" finished-at="2026-02-24T00:47:11 COT" duration-ms="3041" status="PASS">
          <params>
            <param index="0">
              <value>
                <![CDATA["Inicio de sesión exitoso con standard_user"]]>
              </value>
            </param>
            <param index="1">
              <value>
                <![CDATA["Inicio de Sesión - Saucedemo"]]>
              </value>
            </param>
          </params>
          <reporter-output>
          </reporter-output>
        </test-method> <!-- runScenario -->
        <test-method signature="runScenario(io.cucumber.testng.PickleWrapper,io.cucumber.testng.FeatureWrapper)[pri:0, instance:runners.TestRunner@6771beb3]" started-at="2026-02-24T00:47:11 COT" name="runScenario" description="Runs Cucumber Scenarios" data-provider="scenarios" finished-at="2026-02-24T00:47:20 COT" duration-ms="8394" status="PASS">
          <params>
            <param index="0">
              <value>
                <![CDATA["Inicio de sesión exitoso con performance_glitch_user"]]>
              </value>
            </param>
            <param index="1">
              <value>
                <![CDATA["Inicio de Sesión - Saucedemo"]]>
              </value>
            </param>
          </params>
          <reporter-output>
          </reporter-output>
        </test-method> <!-- runScenario -->
        <test-method signature="runScenario(io.cucumber.testng.PickleWrapper,io.cucumber.testng.FeatureWrapper)[pri:0, instance:runners.TestRunner@6771beb3]" started-at="2026-02-24T00:47:20 COT" name="runScenario" description="Runs Cucumber Scenarios" data-provider="scenarios" finished-at="2026-02-24T00:47:23 COT" duration-ms="3718" status="PASS">
          <params>
            <param index="0">
              <value>
                <![CDATA["Inicio de sesión fallido con locked_out_user"]]>
              </value>
            </param>
            <param index="1">
              <value>
                <![CDATA["Inicio de Sesión - Saucedemo"]]>
              </value>
            </param>
          </params>
          <reporter-output>
          </reporter-output>
        </test-method> <!-- runScenario -->
        <test-method signature="runScenario(io.cucumber.testng.PickleWrapper,io.cucumber.testng.FeatureWrapper)[pri:0, instance:runners.TestRunner@6771beb3]" started-at="2026-02-24T00:47:23 COT" name="runScenario" description="Runs Cucumber Scenarios" data-provider="scenarios" finished-at="2026-02-24T00:47:27 COT" duration-ms="3487" status="PASS">
          <params>
            <param index="0">
              <value>
                <![CDATA["Inicio de sesión fallido con credenciales incorrectas"]]>
              </value>
            </param>
            <param index="1">
              <value>
                <![CDATA["Inicio de Sesión - Saucedemo"]]>
              </value>
            </param>
          </params>
          <reporter-output>
          </reporter-output>
        </test-method> <!-- runScenario -->
        <test-method signature="runScenario(io.cucumber.testng.PickleWrapper,io.cucumber.testng.FeatureWrapper)[pri:0, instance:runners.TestRunner@6771beb3]" started-at="2026-02-24T00:47:27 COT" name="runScenario" description="Runs Cucumber Scenarios" data-provider="scenarios" finished-at="2026-02-24T00:47:30 COT" duration-ms="3063" status="PASS">
          <params>
            <param index="0">
              <value>
                <![CDATA["Inicio de sesión con campo de usuario vacío"]]>
              </value>
            </param>
            <param index="1">
              <value>
                <![CDATA["Inicio de Sesión - Saucedemo"]]>
              </value>
            </param>
          </params>
          <reporter-output>
          </reporter-output>
        </test-method> <!-- runScenario -->
        <test-method is-config="true" signature="tearDownClass()[pri:0, instance:runners.TestRunner@6771beb3]" started-at="2026-02-24T00:47:30 COT" name="tearDownClass" finished-at="2026-02-24T00:47:30 COT" duration-ms="131" status="PASS">
          <reporter-output>
          </reporter-output>
        </test-method> <!-- tearDownClass -->
      </class> <!-- runners.TestRunner -->
    </test> <!-- Todas las Pruebas -->
  </suite> <!-- Automation Corebank - Suite Completo -->
</testng-results>
