<?xml version="1.0" encoding="UTF-8"?>
<testsuite xmlns:xsi="http://www.w3.org/2001/XMLSchema-instance" xsi:noNamespaceSchemaLocation="https://maven.apache.org/surefire/maven-surefire-plugin/xsd/surefire-test-report-3.0.xsd" version="3.0" name="runners.TestRunner" time="104.292" tests="8" errors="3" skipped="0" failures="0">
  <properties>
    <property name="java.specification.version" value="17"/>
    <property name="sun.cpu.isalist" value="amd64"/>
    <property name="sun.jnu.encoding" value="Cp1252"/>
    <property name="java.class.path" value="J:\Workspace\BANCOPICHINCHA\AutomationCorebank\target\test-classes;J:\Workspace\BANCOPICHINCHA\AutomationCorebank\target\classes;C:\Users\USUARIO\.m2\repository\org\seleniumhq\selenium\selenium-java\4.15.0\selenium-java-4.15.0.jar;C:\Users\USUARIO\.m2\repository\org\seleniumhq\selenium\selenium-api\4.15.0\selenium-api-4.15.0.jar;C:\Users\USUARIO\.m2\repository\org\seleniumhq\selenium\selenium-chrome-driver\4.15.0\selenium-chrome-driver-4.15.0.jar;C:\Users\USUARIO\.m2\repository\com\google\auto\service\auto-service-annotations\1.1.1\auto-service-annotations-1.1.1.jar;C:\Users\USUARIO\.m2\repository\org\seleniumhq\selenium\selenium-chromium-driver\4.15.0\selenium-chromium-driver-4.15.0.jar;C:\Users\USUARIO\.m2\repository\org\seleniumhq\selenium\selenium-json\4.15.0\selenium-json-4.15.0.jar;C:\Users\USUARIO\.m2\repository\org\seleniumhq\selenium\selenium-manager\4.15.0\selenium-manager-4.15.0.jar;C:\Users\USUARIO\.m2\repository\org\seleniumhq\selenium\selenium-devtools-v117\4.15.0\selenium-devtools-v117-4.15.0.jar;C:\Users\USUARIO\.m2\repository\org\seleniumhq\selenium\selenium-devtools-v118\4.15.0\selenium-devtools-v118-4.15.0.jar;C:\Users\USUARIO\.m2\repository\org\seleniumhq\selenium\selenium-devtools-v119\4.15.0\selenium-devtools-v119-4.15.0.jar;C:\Users\USUARIO\.m2\repository\org\seleniumhq\selenium\selenium-devtools-v85\4.15.0\selenium-devtools-v85-4.15.0.jar;C:\Users\USUARIO\.m2\repository\org\seleniumhq\selenium\selenium-edge-driver\4.15.0\selenium-edge-driver-4.15.0.jar;C:\Users\USUARIO\.m2\repository\org\seleniumhq\selenium\selenium-firefox-driver\4.15.0\selenium-firefox-driver-4.15.0.jar;C:\Users\USUARIO\.m2\repository\org\seleniumhq\selenium\selenium-http\4.15.0\selenium-http-4.15.0.jar;C:\Users\USUARIO\.m2\repository\dev\failsafe\failsafe\3.3.2\failsafe-3.3.2.jar;C:\Users\USUARIO\.m2\repository\org\seleniumhq\selenium\selenium-ie-driver\4.15.0\selenium-ie-driver-4.15.0.jar;C:\Users\USUARIO\.m2\repository\org\seleniumhq\selenium\selenium-remote-driver\4.15.0\selenium-remote-driver-4.15.0.jar;C:\Users\USUARIO\.m2\repository\com\google\guava\guava\32.1.2-jre\guava-32.1.2-jre.jar;C:\Users\USUARIO\.m2\repository\com\google\guava\failureaccess\1.0.1\failureaccess-1.0.1.jar;C:\Users\USUARIO\.m2\repository\com\google\guava\listenablefuture\9999.0-empty-to-avoid-conflict-with-guava\listenablefuture-9999.0-empty-to-avoid-conflict-with-guava.jar;C:\Users\USUARIO\.m2\repository\com\google\code\findbugs\jsr305\3.0.2\jsr305-3.0.2.jar;C:\Users\USUARIO\.m2\repository\org\checkerframework\checker-qual\3.33.0\checker-qual-3.33.0.jar;C:\Users\USUARIO\.m2\repository\com\google\errorprone\error_prone_annotations\2.18.0\error_prone_annotations-2.18.0.jar;C:\Users\USUARIO\.m2\repository\com\google\j2objc\j2objc-annotations\2.8\j2objc-annotations-2.8.jar;C:\Users\USUARIO\.m2\repository\io\opentelemetry\opentelemetry-api\1.28.0\opentelemetry-api-1.28.0.jar;C:\Users\USUARIO\.m2\repository\io\opentelemetry\opentelemetry-context\1.28.0\opentelemetry-context-1.28.0.jar;C:\Users\USUARIO\.m2\repository\io\opentelemetry\opentelemetry-exporter-logging\1.28.0\opentelemetry-exporter-logging-1.28.0.jar;C:\Users\USUARIO\.m2\repository\io\opentelemetry\opentelemetry-sdk-metrics\1.28.0\opentelemetry-sdk-metrics-1.28.0.jar;C:\Users\USUARIO\.m2\repository\io\opentelemetry\opentelemetry-extension-incubator\1.28.0-alpha\opentelemetry-extension-incubator-1.28.0-alpha.jar;C:\Users\USUARIO\.m2\repository\io\opentelemetry\opentelemetry-sdk-logs\1.28.0\opentelemetry-sdk-logs-1.28.0.jar;C:\Users\USUARIO\.m2\repository\io\opentelemetry\opentelemetry-sdk-common\1.28.0\opentelemetry-sdk-common-1.28.0.jar;C:\Users\USUARIO\.m2\repository\io\opentelemetry\opentelemetry-sdk-extension-autoconfigure-spi\1.28.0\opentelemetry-sdk-extension-autoconfigure-spi-1.28.0.jar;C:\Users\USUARIO\.m2\repository\io\opentelemetry\opentelemetry-sdk-extension-autoconfigure\1.28.0\opentelemetry-sdk-extension-autoconfigure-1.28.0.jar;C:\Users\USUARIO\.m2\repository\io\opentelemetry\opentelemetry-api-events\1.28.0-alpha\opentelemetry-api-events-1.28.0-alpha.jar;C:\Users\USUARIO\.m2\repository\io\opentelemetry\opentelemetry-sdk-trace\1.28.0\opentelemetry-sdk-trace-1.28.0.jar;C:\Users\USUARIO\.m2\repository\io\opentelemetry\opentelemetry-sdk\1.28.0\opentelemetry-sdk-1.28.0.jar;C:\Users\USUARIO\.m2\repository\io\opentelemetry\opentelemetry-semconv\1.28.0-alpha\opentelemetry-semconv-1.28.0-alpha.jar;C:\Users\USUARIO\.m2\repository\net\bytebuddy\byte-buddy\1.14.5\byte-buddy-1.14.5.jar;C:\Users\USUARIO\.m2\repository\org\seleniumhq\selenium\selenium-os\4.15.0\selenium-os-4.15.0.jar;C:\Users\USUARIO\.m2\repository\org\apache\commons\commons-exec\1.3\commons-exec-1.3.jar;C:\Users\USUARIO\.m2\repository\org\seleniumhq\selenium\selenium-safari-driver\4.15.0\selenium-safari-driver-4.15.0.jar;C:\Users\USUARIO\.m2\repository\org\seleniumhq\selenium\selenium-support\4.15.0\selenium-support-4.15.0.jar;C:\Users\USUARIO\.m2\repository\io\github\bonigarcia\webdrivermanager\5.6.3\webdrivermanager-5.6.3.jar;C:\Users\USUARIO\.m2\repository\org\slf4j\slf4j-api\2.0.10\slf4j-api-2.0.10.jar;C:\Users\USUARIO\.m2\repository\com\google\code\gson\gson\2.10.1\gson-2.10.1.jar;C:\Users\USUARIO\.m2\repository\com\github\docker-java\docker-java\3.3.4\docker-java-3.3.4.jar;C:\Users\USUARIO\.m2\repository\com\github\docker-java\docker-java-core\3.3.4\docker-java-core-3.3.4.jar;C:\Users\USUARIO\.m2\repository\com\github\docker-java\docker-java-api\3.3.4\docker-java-api-3.3.4.jar;C:\Users\USUARIO\.m2\repository\com\fasterxml\jackson\core\jackson-annotations\2.10.3\jackson-annotations-2.10.3.jar;C:\Users\USUARIO\.m2\repository\commons-io\commons-io\2.13.0\commons-io-2.13.0.jar;C:\Users\USUARIO\.m2\repository\com\fasterxml\jackson\core\jackson-databind\2.10.3\jackson-databind-2.10.3.jar;C:\Users\USUARIO\.m2\repository\com\fasterxml\jackson\core\jackson-core\2.10.3\jackson-core-2.10.3.jar;C:\Users\USUARIO\.m2\repository\org\bouncycastle\bcpkix-jdk18on\1.76\bcpkix-jdk18on-1.76.jar;C:\Users\USUARIO\.m2\repository\org\bouncycastle\bcprov-jdk18on\1.76\bcprov-jdk18on-1.76.jar;C:\Users\USUARIO\.m2\repository\org\bouncycastle\bcutil-jdk18on\1.76\bcutil-jdk18on-1.76.jar;C:\Users\USUARIO\.m2\repository\org\slf4j\jcl-over-slf4j\1.7.30\jcl-over-slf4j-1.7.30.jar;C:\Users\USUARIO\.m2\repository\com\github\docker-java\docker-java-transport-httpclient5\3.3.4\docker-java-transport-httpclient5-3.3.4.jar;C:\Users\USUARIO\.m2\repository\com\github\docker-java\docker-java-transport\3.3.4\docker-java-transport-3.3.4.jar;C:\Users\USUARIO\.m2\repository\net\java\dev\jna\jna\5.13.0\jna-5.13.0.jar;C:\Users\USUARIO\.m2\repository\org\brotli\dec\0.1.2\dec-0.1.2.jar;C:\Users\USUARIO\.m2\repository\org\apache\commons\commons-compress\1.25.0\commons-compress-1.25.0.jar;C:\Users\USUARIO\.m2\repository\org\apache\httpcomponents\client5\httpclient5\5.2.1\httpclient5-5.2.1.jar;C:\Users\USUARIO\.m2\repository\org\apache\httpcomponents\core5\httpcore5\5.2\httpcore5-5.2.jar;C:\Users\USUARIO\.m2\repository\org\apache\httpcomponents\core5\httpcore5-h2\5.2\httpcore5-h2-5.2.jar;C:\Users\USUARIO\.m2\repository\io\cucumber\cucumber-java\7.14.0\cucumber-java-7.14.0.jar;C:\Users\USUARIO\.m2\repository\io\cucumber\cucumber-core\7.14.0\cucumber-core-7.14.0.jar;C:\Users\USUARIO\.m2\repository\io\cucumber\cucumber-gherkin\7.14.0\cucumber-gherkin-7.14.0.jar;C:\Users\USUARIO\.m2\repository\io\cucumber\cucumber-gherkin-messages\7.14.0\cucumber-gherkin-messages-7.14.0.jar;C:\Users\USUARIO\.m2\repository\io\cucumber\gherkin\26.2.0\gherkin-26.2.0.jar;C:\Users\USUARIO\.m2\repository\io\cucumber\messages\22.0.0\messages-22.0.0.jar;C:\Users\USUARIO\.m2\repository\io\cucumber\tag-expressions\5.0.6\tag-expressions-5.0.6.jar;C:\Users\USUARIO\.m2\repository\io\cucumber\cucumber-expressions\16.1.2\cucumber-expressions-16.1.2.jar;C:\Users\USUARIO\.m2\repository\io\cucumber\datatable\7.14.0\datatable-7.14.0.jar;C:\Users\USUARIO\.m2\repository\io\cucumber\cucumber-plugin\7.14.0\cucumber-plugin-7.14.0.jar;C:\Users\USUARIO\.m2\repository\io\cucumber\docstring\7.14.0\docstring-7.14.0.jar;C:\Users\USUARIO\.m2\repository\io\cucumber\html-formatter\20.4.0\html-formatter-20.4.0.jar;C:\Users\USUARIO\.m2\repository\io\cucumber\junit-xml-formatter\0.2.0\junit-xml-formatter-0.2.0.jar;C:\Users\USUARIO\.m2\repository\io\cucumber\ci-environment\9.2.0\ci-environment-9.2.0.jar;C:\Users\USUARIO\.m2\repository\org\apiguardian\apiguardian-api\1.1.2\apiguardian-api-1.1.2.jar;C:\Users\USUARIO\.m2\repository\io\cucumber\cucumber-junit\7.14.0\cucumber-junit-7.14.0.jar;C:\Users\USUARIO\.m2\repository\junit\junit\4.13.2\junit-4.13.2.jar;C:\Users\USUARIO\.m2\repository\org\hamcrest\hamcrest-core\1.3\hamcrest-core-1.3.jar;C:\Users\USUARIO\.m2\repository\org\slf4j\slf4j-simple\2.0.9\slf4j-simple-2.0.9.jar;C:\Users\USUARIO\.m2\repository\tech\grasshopper\extentreports-cucumber7-adapter\1.14.0\extentreports-cucumber7-adapter-1.14.0.jar;C:\Users\USUARIO\.m2\repository\tech\grasshopper\extent-pdf-report\2.12.0\extent-pdf-report-2.12.0.jar;C:\Users\USUARIO\.m2\repository\tech\grasshopper\cucumber-pdf-report\2.14.0\cucumber-pdf-report-2.14.0.jar;C:\Users\USUARIO\.m2\repository\org\apache\pdfbox\pdfbox\2.0.26\pdfbox-2.0.26.jar;C:\Users\USUARIO\.m2\repository\org\apache\pdfbox\fontbox\2.0.26\fontbox-2.0.26.jar;C:\Users\USUARIO\.m2\repository\org\knowm\xchart\xchart\3.8.0\xchart-3.8.0.jar;C:\Users\USUARIO\.m2\repository\de\erichseifert\vectorgraphics2d\VectorGraphics2D\0.13\VectorGraphics2D-0.13.jar;C:\Users\USUARIO\.m2\repository\de\rototor\pdfbox\graphics2d\0.30\graphics2d-0.30.jar;C:\Users\USUARIO\.m2\repository\com\madgag\animated-gif-lib\1.4\animated-gif-lib-1.4.jar;C:\Users\USUARIO\.m2\repository\org\yaml\snakeyaml\2.0\snakeyaml-2.0.jar;C:\Users\USUARIO\.m2\repository\tech\grasshopper\table-layout\1.5.1\table-layout-1.5.1.jar;C:\Users\USUARIO\.m2\repository\tech\grasshopper\rest-assured-cucumber-pdf-report\1.5.0\rest-assured-cucumber-pdf-report-1.5.0.jar;C:\Users\USUARIO\.m2\repository\org\jsoup\jsoup\1.15.3\jsoup-1.15.3.jar;C:\Users\USUARIO\.m2\repository\com\aventstack\klov-reporter\5.1.0\klov-reporter-5.1.0.jar;C:\Users\USUARIO\.m2\repository\org\mongodb\mongodb-driver\3.6.4\mongodb-driver-3.6.4.jar;C:\Users\USUARIO\.m2\repository\org\mongodb\mongodb-driver-core\3.6.4\mongodb-driver-core-3.6.4.jar;C:\Users\USUARIO\.m2\repository\org\mongodb\bson\3.6.4\bson-3.6.4.jar;C:\Users\USUARIO\.m2\repository\org\apache\httpcomponents\httpclient\4.5.13\httpclient-4.5.13.jar;C:\Users\USUARIO\.m2\repository\org\apache\httpcomponents\httpcore\4.4.13\httpcore-4.4.13.jar;C:\Users\USUARIO\.m2\repository\commons-logging\commons-logging\1.2\commons-logging-1.2.jar;C:\Users\USUARIO\.m2\repository\commons-codec\commons-codec\1.11\commons-codec-1.11.jar;C:\Users\USUARIO\.m2\repository\org\apache\httpcomponents\httpmime\4.5.13\httpmime-4.5.13.jar;C:\Users\USUARIO\.m2\repository\tech\grasshopper\htmlextentreporter\1.1.0\htmlextentreporter-1.1.0.jar;C:\Users\USUARIO\.m2\repository\tech\grasshopper\extent-excel-report\1.4.0\extent-excel-report-1.4.0.jar;C:\Users\USUARIO\.m2\repository\org\apache\poi\poi\5.2.3\poi-5.2.3.jar;C:\Users\USUARIO\.m2\repository\org\apache\commons\commons-collections4\4.4\commons-collections4-4.4.jar;C:\Users\USUARIO\.m2\repository\org\apache\commons\commons-math3\3.6.1\commons-math3-3.6.1.jar;C:\Users\USUARIO\.m2\repository\com\zaxxer\SparseBitSet\1.2\SparseBitSet-1.2.jar;C:\Users\USUARIO\.m2\repository\org\apache\logging\log4j\log4j-api\2.18.0\log4j-api-2.18.0.jar;C:\Users\USUARIO\.m2\repository\org\apache\poi\poi-ooxml\5.2.3\poi-ooxml-5.2.3.jar;C:\Users\USUARIO\.m2\repository\org\apache\poi\poi-ooxml-lite\5.2.3\poi-ooxml-lite-5.2.3.jar;C:\Users\USUARIO\.m2\repository\org\apache\xmlbeans\xmlbeans\5.1.1\xmlbeans-5.1.1.jar;C:\Users\USUARIO\.m2\repository\com\github\virtuald\curvesapi\1.07\curvesapi-1.07.jar;C:\Users\USUARIO\.m2\repository\com\aventstack\extentreports\5.1.1\extentreports-5.1.1.jar;C:\Users\USUARIO\.m2\repository\io\reactivex\rxjava3\rxjava\3.1.6\rxjava-3.1.6.jar;C:\Users\USUARIO\.m2\repository\org\reactivestreams\reactive-streams\1.0.4\reactive-streams-1.0.4.jar;C:\Users\USUARIO\.m2\repository\org\freemarker\freemarker\2.3.32\freemarker-2.3.32.jar;C:\Users\USUARIO\.m2\repository\org\projectlombok\lombok\1.18.26\lombok-1.18.26.jar;C:\Users\USUARIO\.m2\repository\org\apache\commons\commons-lang3\3.13.0\commons-lang3-3.13.0.jar;"/>
    <property name="java.vm.vendor" value="Oracle Corporation"/>
    <property name="sun.arch.data.model" value="64"/>
    <property name="user.variant" value=""/>
    <property name="java.vendor.url" value="https://java.oracle.com/"/>
    <property name="user.timezone" value="America/Bogota"/>
    <property name="os.name" value="Windows 10"/>
    <property name="java.vm.specification.version" value="17"/>
    <property name="sun.java.launcher" value="SUN_STANDARD"/>
    <property name="user.country" value="ES"/>
    <property name="sun.boot.library.path" value="C:\Program Files\Java\jdk-17\bin"/>
    <property name="sun.java.command" value="C:\Users\USUARIO\AppData\Local\Temp\surefire4172436396919379233\surefirebooter-20260222234536959_3.jar C:\Users\USUARIO\AppData\Local\Temp\surefire4172436396919379233 2026-02-22T23-45-36_682-jvmRun1 surefire-20260222234536959_1tmp surefire_0-20260222234536959_2tmp"/>
    <property name="jdk.debug" value="release"/>
    <property name="surefire.test.class.path" value="J:\Workspace\BANCOPICHINCHA\AutomationCorebank\target\test-classes;J:\Workspace\BANCOPICHINCHA\AutomationCorebank\target\classes;C:\Users\USUARIO\.m2\repository\org\seleniumhq\selenium\selenium-java\4.15.0\selenium-java-4.15.0.jar;C:\Users\USUARIO\.m2\repository\org\seleniumhq\selenium\selenium-api\4.15.0\selenium-api-4.15.0.jar;C:\Users\USUARIO\.m2\repository\org\seleniumhq\selenium\selenium-chrome-driver\4.15.0\selenium-chrome-driver-4.15.0.jar;C:\Users\USUARIO\.m2\repository\com\google\auto\service\auto-service-annotations\1.1.1\auto-service-annotations-1.1.1.jar;C:\Users\USUARIO\.m2\repository\org\seleniumhq\selenium\selenium-chromium-driver\4.15.0\selenium-chromium-driver-4.15.0.jar;C:\Users\USUARIO\.m2\repository\org\seleniumhq\selenium\selenium-json\4.15.0\selenium-json-4.15.0.jar;C:\Users\USUARIO\.m2\repository\org\seleniumhq\selenium\selenium-manager\4.15.0\selenium-manager-4.15.0.jar;C:\Users\USUARIO\.m2\repository\org\seleniumhq\selenium\selenium-devtools-v117\4.15.0\selenium-devtools-v117-4.15.0.jar;C:\Users\USUARIO\.m2\repository\org\seleniumhq\selenium\selenium-devtools-v118\4.15.0\selenium-devtools-v118-4.15.0.jar;C:\Users\USUARIO\.m2\repository\org\seleniumhq\selenium\selenium-devtools-v119\4.15.0\selenium-devtools-v119-4.15.0.jar;C:\Users\USUARIO\.m2\repository\org\seleniumhq\selenium\selenium-devtools-v85\4.15.0\selenium-devtools-v85-4.15.0.jar;C:\Users\USUARIO\.m2\repository\org\seleniumhq\selenium\selenium-edge-driver\4.15.0\selenium-edge-driver-4.15.0.jar;C:\Users\USUARIO\.m2\repository\org\seleniumhq\selenium\selenium-firefox-driver\4.15.0\selenium-firefox-driver-4.15.0.jar;C:\Users\USUARIO\.m2\repository\org\seleniumhq\selenium\selenium-http\4.15.0\selenium-http-4.15.0.jar;C:\Users\USUARIO\.m2\repository\dev\failsafe\failsafe\3.3.2\failsafe-3.3.2.jar;C:\Users\USUARIO\.m2\repository\org\seleniumhq\selenium\selenium-ie-driver\4.15.0\selenium-ie-driver-4.15.0.jar;C:\Users\USUARIO\.m2\repository\org\seleniumhq\selenium\selenium-remote-driver\4.15.0\selenium-remote-driver-4.15.0.jar;C:\Users\USUARIO\.m2\repository\com\google\guava\guava\32.1.2-jre\guava-32.1.2-jre.jar;C:\Users\USUARIO\.m2\repository\com\google\guava\failureaccess\1.0.1\failureaccess-1.0.1.jar;C:\Users\USUARIO\.m2\repository\com\google\guava\listenablefuture\9999.0-empty-to-avoid-conflict-with-guava\listenablefuture-9999.0-empty-to-avoid-conflict-with-guava.jar;C:\Users\USUARIO\.m2\repository\com\google\code\findbugs\jsr305\3.0.2\jsr305-3.0.2.jar;C:\Users\USUARIO\.m2\repository\org\checkerframework\checker-qual\3.33.0\checker-qual-3.33.0.jar;C:\Users\USUARIO\.m2\repository\com\google\errorprone\error_prone_annotations\2.18.0\error_prone_annotations-2.18.0.jar;C:\Users\USUARIO\.m2\repository\com\google\j2objc\j2objc-annotations\2.8\j2objc-annotations-2.8.jar;C:\Users\USUARIO\.m2\repository\io\opentelemetry\opentelemetry-api\1.28.0\opentelemetry-api-1.28.0.jar;C:\Users\USUARIO\.m2\repository\io\opentelemetry\opentelemetry-context\1.28.0\opentelemetry-context-1.28.0.jar;C:\Users\USUARIO\.m2\repository\io\opentelemetry\opentelemetry-exporter-logging\1.28.0\opentelemetry-exporter-logging-1.28.0.jar;C:\Users\USUARIO\.m2\repository\io\opentelemetry\opentelemetry-sdk-metrics\1.28.0\opentelemetry-sdk-metrics-1.28.0.jar;C:\Users\USUARIO\.m2\repository\io\opentelemetry\opentelemetry-extension-incubator\1.28.0-alpha\opentelemetry-extension-incubator-1.28.0-alpha.jar;C:\Users\USUARIO\.m2\repository\io\opentelemetry\opentelemetry-sdk-logs\1.28.0\opentelemetry-sdk-logs-1.28.0.jar;C:\Users\USUARIO\.m2\repository\io\opentelemetry\opentelemetry-sdk-common\1.28.0\opentelemetry-sdk-common-1.28.0.jar;C:\Users\USUARIO\.m2\repository\io\opentelemetry\opentelemetry-sdk-extension-autoconfigure-spi\1.28.0\opentelemetry-sdk-extension-autoconfigure-spi-1.28.0.jar;C:\Users\USUARIO\.m2\repository\io\opentelemetry\opentelemetry-sdk-extension-autoconfigure\1.28.0\opentelemetry-sdk-extension-autoconfigure-1.28.0.jar;C:\Users\USUARIO\.m2\repository\io\opentelemetry\opentelemetry-api-events\1.28.0-alpha\opentelemetry-api-events-1.28.0-alpha.jar;C:\Users\USUARIO\.m2\repository\io\opentelemetry\opentelemetry-sdk-trace\1.28.0\opentelemetry-sdk-trace-1.28.0.jar;C:\Users\USUARIO\.m2\repository\io\opentelemetry\opentelemetry-sdk\1.28.0\opentelemetry-sdk-1.28.0.jar;C:\Users\USUARIO\.m2\repository\io\opentelemetry\opentelemetry-semconv\1.28.0-alpha\opentelemetry-semconv-1.28.0-alpha.jar;C:\Users\USUARIO\.m2\repository\net\bytebuddy\byte-buddy\1.14.5\byte-buddy-1.14.5.jar;C:\Users\USUARIO\.m2\repository\org\seleniumhq\selenium\selenium-os\4.15.0\selenium-os-4.15.0.jar;C:\Users\USUARIO\.m2\repository\org\apache\commons\commons-exec\1.3\commons-exec-1.3.jar;C:\Users\USUARIO\.m2\repository\org\seleniumhq\selenium\selenium-safari-driver\4.15.0\selenium-safari-driver-4.15.0.jar;C:\Users\USUARIO\.m2\repository\org\seleniumhq\selenium\selenium-support\4.15.0\selenium-support-4.15.0.jar;C:\Users\USUARIO\.m2\repository\io\github\bonigarcia\webdrivermanager\5.6.3\webdrivermanager-5.6.3.jar;C:\Users\USUARIO\.m2\repository\org\slf4j\slf4j-api\2.0.10\slf4j-api-2.0.10.jar;C:\Users\USUARIO\.m2\repository\com\google\code\gson\gson\2.10.1\gson-2.10.1.jar;C:\Users\USUARIO\.m2\repository\com\github\docker-java\docker-java\3.3.4\docker-java-3.3.4.jar;C:\Users\USUARIO\.m2\repository\com\github\docker-java\docker-java-core\3.3.4\docker-java-core-3.3.4.jar;C:\Users\USUARIO\.m2\repository\com\github\docker-java\docker-java-api\3.3.4\docker-java-api-3.3.4.jar;C:\Users\USUARIO\.m2\repository\com\fasterxml\jackson\core\jackson-annotations\2.10.3\jackson-annotations-2.10.3.jar;C:\Users\USUARIO\.m2\repository\commons-io\commons-io\2.13.0\commons-io-2.13.0.jar;C:\Users\USUARIO\.m2\repository\com\fasterxml\jackson\core\jackson-databind\2.10.3\jackson-databind-2.10.3.jar;C:\Users\USUARIO\.m2\repository\com\fasterxml\jackson\core\jackson-core\2.10.3\jackson-core-2.10.3.jar;C:\Users\USUARIO\.m2\repository\org\bouncycastle\bcpkix-jdk18on\1.76\bcpkix-jdk18on-1.76.jar;C:\Users\USUARIO\.m2\repository\org\bouncycastle\bcprov-jdk18on\1.76\bcprov-jdk18on-1.76.jar;C:\Users\USUARIO\.m2\repository\org\bouncycastle\bcutil-jdk18on\1.76\bcutil-jdk18on-1.76.jar;C:\Users\USUARIO\.m2\repository\org\slf4j\jcl-over-slf4j\1.7.30\jcl-over-slf4j-1.7.30.jar;C:\Users\USUARIO\.m2\repository\com\github\docker-java\docker-java-transport-httpclient5\3.3.4\docker-java-transport-httpclient5-3.3.4.jar;C:\Users\USUARIO\.m2\repository\com\github\docker-java\docker-java-transport\3.3.4\docker-java-transport-3.3.4.jar;C:\Users\USUARIO\.m2\repository\net\java\dev\jna\jna\5.13.0\jna-5.13.0.jar;C:\Users\USUARIO\.m2\repository\org\brotli\dec\0.1.2\dec-0.1.2.jar;C:\Users\USUARIO\.m2\repository\org\apache\commons\commons-compress\1.25.0\commons-compress-1.25.0.jar;C:\Users\USUARIO\.m2\repository\org\apache\httpcomponents\client5\httpclient5\5.2.1\httpclient5-5.2.1.jar;C:\Users\USUARIO\.m2\repository\org\apache\httpcomponents\core5\httpcore5\5.2\httpcore5-5.2.jar;C:\Users\USUARIO\.m2\repository\org\apache\httpcomponents\core5\httpcore5-h2\5.2\httpcore5-h2-5.2.jar;C:\Users\USUARIO\.m2\repository\io\cucumber\cucumber-java\7.14.0\cucumber-java-7.14.0.jar;C:\Users\USUARIO\.m2\repository\io\cucumber\cucumber-core\7.14.0\cucumber-core-7.14.0.jar;C:\Users\USUARIO\.m2\repository\io\cucumber\cucumber-gherkin\7.14.0\cucumber-gherkin-7.14.0.jar;C:\Users\USUARIO\.m2\repository\io\cucumber\cucumber-gherkin-messages\7.14.0\cucumber-gherkin-messages-7.14.0.jar;C:\Users\USUARIO\.m2\repository\io\cucumber\gherkin\26.2.0\gherkin-26.2.0.jar;C:\Users\USUARIO\.m2\repository\io\cucumber\messages\22.0.0\messages-22.0.0.jar;C:\Users\USUARIO\.m2\repository\io\cucumber\tag-expressions\5.0.6\tag-expressions-5.0.6.jar;C:\Users\USUARIO\.m2\repository\io\cucumber\cucumber-expressions\16.1.2\cucumber-expressions-16.1.2.jar;C:\Users\USUARIO\.m2\repository\io\cucumber\datatable\7.14.0\datatable-7.14.0.jar;C:\Users\USUARIO\.m2\repository\io\cucumber\cucumber-plugin\7.14.0\cucumber-plugin-7.14.0.jar;C:\Users\USUARIO\.m2\repository\io\cucumber\docstring\7.14.0\docstring-7.14.0.jar;C:\Users\USUARIO\.m2\repository\io\cucumber\html-formatter\20.4.0\html-formatter-20.4.0.jar;C:\Users\USUARIO\.m2\repository\io\cucumber\junit-xml-formatter\0.2.0\junit-xml-formatter-0.2.0.jar;C:\Users\USUARIO\.m2\repository\io\cucumber\ci-environment\9.2.0\ci-environment-9.2.0.jar;C:\Users\USUARIO\.m2\repository\org\apiguardian\apiguardian-api\1.1.2\apiguardian-api-1.1.2.jar;C:\Users\USUARIO\.m2\repository\io\cucumber\cucumber-junit\7.14.0\cucumber-junit-7.14.0.jar;C:\Users\USUARIO\.m2\repository\junit\junit\4.13.2\junit-4.13.2.jar;C:\Users\USUARIO\.m2\repository\org\hamcrest\hamcrest-core\1.3\hamcrest-core-1.3.jar;C:\Users\USUARIO\.m2\repository\org\slf4j\slf4j-simple\2.0.9\slf4j-simple-2.0.9.jar;C:\Users\USUARIO\.m2\repository\tech\grasshopper\extentreports-cucumber7-adapter\1.14.0\extentreports-cucumber7-adapter-1.14.0.jar;C:\Users\USUARIO\.m2\repository\tech\grasshopper\extent-pdf-report\2.12.0\extent-pdf-report-2.12.0.jar;C:\Users\USUARIO\.m2\repository\tech\grasshopper\cucumber-pdf-report\2.14.0\cucumber-pdf-report-2.14.0.jar;C:\Users\USUARIO\.m2\repository\org\apache\pdfbox\pdfbox\2.0.26\pdfbox-2.0.26.jar;C:\Users\USUARIO\.m2\repository\org\apache\pdfbox\fontbox\2.0.26\fontbox-2.0.26.jar;C:\Users\USUARIO\.m2\repository\org\knowm\xchart\xchart\3.8.0\xchart-3.8.0.jar;C:\Users\USUARIO\.m2\repository\de\erichseifert\vectorgraphics2d\VectorGraphics2D\0.13\VectorGraphics2D-0.13.jar;C:\Users\USUARIO\.m2\repository\de\rototor\pdfbox\graphics2d\0.30\graphics2d-0.30.jar;C:\Users\USUARIO\.m2\repository\com\madgag\animated-gif-lib\1.4\animated-gif-lib-1.4.jar;C:\Users\USUARIO\.m2\repository\org\yaml\snakeyaml\2.0\snakeyaml-2.0.jar;C:\Users\USUARIO\.m2\repository\tech\grasshopper\table-layout\1.5.1\table-layout-1.5.1.jar;C:\Users\USUARIO\.m2\repository\tech\grasshopper\rest-assured-cucumber-pdf-report\1.5.0\rest-assured-cucumber-pdf-report-1.5.0.jar;C:\Users\USUARIO\.m2\repository\org\jsoup\jsoup\1.15.3\jsoup-1.15.3.jar;C:\Users\USUARIO\.m2\repository\com\aventstack\klov-reporter\5.1.0\klov-reporter-5.1.0.jar;C:\Users\USUARIO\.m2\repository\org\mongodb\mongodb-driver\3.6.4\mongodb-driver-3.6.4.jar;C:\Users\USUARIO\.m2\repository\org\mongodb\mongodb-driver-core\3.6.4\mongodb-driver-core-3.6.4.jar;C:\Users\USUARIO\.m2\repository\org\mongodb\bson\3.6.4\bson-3.6.4.jar;C:\Users\USUARIO\.m2\repository\org\apache\httpcomponents\httpclient\4.5.13\httpclient-4.5.13.jar;C:\Users\USUARIO\.m2\repository\org\apache\httpcomponents\httpcore\4.4.13\httpcore-4.4.13.jar;C:\Users\USUARIO\.m2\repository\commons-logging\commons-logging\1.2\commons-logging-1.2.jar;C:\Users\USUARIO\.m2\repository\commons-codec\commons-codec\1.11\commons-codec-1.11.jar;C:\Users\USUARIO\.m2\repository\org\apache\httpcomponents\httpmime\4.5.13\httpmime-4.5.13.jar;C:\Users\USUARIO\.m2\repository\tech\grasshopper\htmlextentreporter\1.1.0\htmlextentreporter-1.1.0.jar;C:\Users\USUARIO\.m2\repository\tech\grasshopper\extent-excel-report\1.4.0\extent-excel-report-1.4.0.jar;C:\Users\USUARIO\.m2\repository\org\apache\poi\poi\5.2.3\poi-5.2.3.jar;C:\Users\USUARIO\.m2\repository\org\apache\commons\commons-collections4\4.4\commons-collections4-4.4.jar;C:\Users\USUARIO\.m2\repository\org\apache\commons\commons-math3\3.6.1\commons-math3-3.6.1.jar;C:\Users\USUARIO\.m2\repository\com\zaxxer\SparseBitSet\1.2\SparseBitSet-1.2.jar;C:\Users\USUARIO\.m2\repository\org\apache\logging\log4j\log4j-api\2.18.0\log4j-api-2.18.0.jar;C:\Users\USUARIO\.m2\repository\org\apache\poi\poi-ooxml\5.2.3\poi-ooxml-5.2.3.jar;C:\Users\USUARIO\.m2\repository\org\apache\poi\poi-ooxml-lite\5.2.3\poi-ooxml-lite-5.2.3.jar;C:\Users\USUARIO\.m2\repository\org\apache\xmlbeans\xmlbeans\5.1.1\xmlbeans-5.1.1.jar;C:\Users\USUARIO\.m2\repository\com\github\virtuald\curvesapi\1.07\curvesapi-1.07.jar;C:\Users\USUARIO\.m2\repository\com\aventstack\extentreports\5.1.1\extentreports-5.1.1.jar;C:\Users\USUARIO\.m2\repository\io\reactivex\rxjava3\rxjava\3.1.6\rxjava-3.1.6.jar;C:\Users\USUARIO\.m2\repository\org\reactivestreams\reactive-streams\1.0.4\reactive-streams-1.0.4.jar;C:\Users\USUARIO\.m2\repository\org\freemarker\freemarker\2.3.32\freemarker-2.3.32.jar;C:\Users\USUARIO\.m2\repository\org\projectlombok\lombok\1.18.26\lombok-1.18.26.jar;C:\Users\USUARIO\.m2\repository\org\apache\commons\commons-lang3\3.13.0\commons-lang3-3.13.0.jar;"/>
    <property name="sun.cpu.endian" value="little"/>
    <property name="user.home" value="C:\Users\USUARIO"/>
    <property name="user.language" value="es"/>
    <property name="java.specification.vendor" value="Oracle Corporation"/>
    <property name="java.version.date" value="2024-07-16"/>
    <property name="java.home" value="C:\Program Files\Java\jdk-17"/>
    <property name="file.separator" value="\"/>
    <property name="basedir" value="J:\Workspace\BANCOPICHINCHA\AutomationCorebank"/>
    <property name="java.vm.compressedOopsMode" value="Zero based"/>
    <property name="line.separator" value="&#10;"/>
    <property name="java.vm.specification.vendor" value="Oracle Corporation"/>
    <property name="java.specification.name" value="Java Platform API Specification"/>
    <property name="surefire.real.class.path" value="C:\Users\USUARIO\AppData\Local\Temp\surefire4172436396919379233\surefirebooter-20260222234536959_3.jar"/>
    <property name="user.script" value=""/>
    <property name="sun.management.compiler" value="HotSpot 64-Bit Tiered Compilers"/>
    <property name="java.runtime.version" value="17.0.12+8-LTS-286"/>
    <property name="user.name" value="USUARIO"/>
    <property name="path.separator" value=";"/>
    <property name="os.version" value="10.0"/>
    <property name="java.runtime.name" value="Java(TM) SE Runtime Environment"/>
    <property name="file.encoding" value="Cp1252"/>
    <property name="java.vm.name" value="Java HotSpot(TM) 64-Bit Server VM"/>
    <property name="localRepository" value="C:\Users\USUARIO\.m2\repository"/>
    <property name="java.vendor.url.bug" value="https://bugreport.java.com/bugreport/"/>
    <property name="java.io.tmpdir" value="C:\Users\USUARIO\AppData\Local\Temp\"/>
    <property name="java.version" value="17.0.12"/>
    <property name="user.dir" value="J:\Workspace\BANCOPICHINCHA\AutomationCorebank"/>
    <property name="os.arch" value="amd64"/>
    <property name="java.vm.specification.name" value="Java Virtual Machine Specification"/>
    <property name="sun.os.patch.level" value=""/>
    <property name="native.encoding" value="Cp1252"/>
    <property name="java.library.path" value="C:\Program Files\Java\jdk-17\bin;C:\Windows\Sun\Java\bin;C:\Windows\system32;C:\Windows;C:\Program Files\Common Files\Oracle\Java\javapath;C:\Windows\system32;C:\Windows;C:\Windows\System32\Wbem;C:\Windows\System32\WindowsPowerShell\v1.0\;C:\Windows\System32\OpenSSH\;C:\laragon\bin\php\php-8.1.10;C:\laragon\bin\php\php-7.4.20-Win32-vc15-x64;C:\ProgramData\ComposerSetup\bin;C:\Program Files\nodejs\;C:\Program Files (x86)\Microsoft SQL Server\160\Tools\Binn\;C:\Program Files\Microsoft SQL Server\160\Tools\Binn\;C:\Program Files\Microsoft SQL Server\Client SDK\ODBC\170\Tools\Binn\;C:\Program Files\Microsoft SQL Server\160\DTS\Binn\;C:\Program Files (x86)\Microsoft SQL Server\160\DTS\Binn\;C:\worksapace\apache-maven-3.8.8-bin\apache-maven-3.8.8\bin;%MAVEN_HOME%\bin;C:\Program Files (x86)\Common Files\Oracle\Java\java8path;C:\Workspace\gradle-8.13\bin;C:\Workspace\sonar-scanner-7.0.2.4839-windows-x64\bin;C:\Workspace\dotnet\dotnet-sdk-8.0.406-win-x64.exe;C:\Program Files\dotnet\;C:\Program Files\Java\jdk-17\bin;C:\Program Files (x86)\ZeroTier\One\;C:\Program Files\Git\cmd;C:\Program Files\Microsoft SQL Server\150\Tools\Binn\;C:\Program Files\Azure Data Studio\bin;C:\Program Files\k6\;c:\Users\USUARIO\AppData\Roaming\Code\User\globalStorage\github.copilot-chat\debugCommand;c:\Users\USUARIO\AppData\Roaming\Code\User\globalStorage\github.copilot-chat\copilotCli;C:\Program Files\Common Files\Oracle\Java\javapath;C:\Windows\system32;C:\Windows;C:\Windows\System32\Wbem;C:\Windows\System32\WindowsPowerShell\v1.0\;C:\Windows\System32\OpenSSH\;C:\laragon\bin\php\php-8.1.10;C:\laragon\bin\php\php-7.4.20-Win32-vc15-x64;C:\ProgramData\ComposerSetup\bin;C:\Program Files\nodejs\;C:\Program Files (x86)\Microsoft SQL Server\160\Tools\Binn\;C:\Program Files\Microsoft SQL Server\160\Tools\Binn\;C:\Program Files\Microsoft SQL Server\Client SDK\ODBC\170\Tools\Binn\;C:\Program Files\Microsoft SQL Server\160\DTS\Binn\;C:\Program Files (x86)\Microsoft SQL Server\160\DTS\Binn\;C:\worksapace\apache-maven-3.8.8-bin\apache-maven-3.8.8\bin;C:\worksapace\apache-maven-3.8.8-bin\apache-maven-3.8.8\bin;C:\Program Files (x86)\Common Files\Oracle\Java\java8path;C:\Workspace\gradle-8.13\bin;C:\Workspace\sonar-scanner-7.0.2.4839-windows-x64\bin;C:\Workspace\dotnet\d;C:\Windows\System32\cmd.exe;C:\Users\USUARIO\AppData\Local\Programs\Microsoft VS Code\bin;C:\Program Files\JetBrains\PyCharm 2025.3.3\bin;."/>
    <property name="java.vm.info" value="mixed mode, sharing"/>
    <property name="java.vendor" value="Oracle Corporation"/>
    <property name="java.vm.version" value="17.0.12+8-LTS-286"/>
    <property name="sun.io.unicode.encoding" value="UnicodeLittle"/>
    <property name="java.class.version" value="61.0"/>
  </properties>
  <testcase name="Agregar un producto al carrito correctamente" classname="Agregar Producto al Carrito" time="29.15">
    <error message="Expected condition failed: waiting for visibility of element located by By.xpath: //div[contains(@class,&apos;product&apos;)]//h3[contains(text(),&apos;Laptop Dell XPS 15&apos;)] | //div[contains(@class,&apos;product&apos;)]//span[contains(text(),&apos;Laptop Dell XPS 15&apos;)] (tried for 20 second(s) with 500 milliseconds interval)&#10;Build info: version: &apos;4.15.0&apos;, revision: &apos;1d14b5521b&apos;&#10;System info: os.name: &apos;Windows 10&apos;, os.arch: &apos;amd64&apos;, os.version: &apos;10.0&apos;, java.version: &apos;17.0.12&apos;&#10;Driver info: org.openqa.selenium.chrome.ChromeDriver&#10;Capabilities {acceptInsecureCerts: false, browserName: chrome, browserVersion: 145.0.7632.76, chrome: {chromedriverVersion: 145.0.7632.77 (da516187054a..., userDataDir: C:\Users\USUARIO\AppData\Lo...}, fedcm:accounts: true, goog:chromeOptions: {debuggerAddress: localhost:60678}, goog:processID: 21512, networkConnectionEnabled: false, pageLoadStrategy: normal, platformName: windows, proxy: Proxy(), se:cdp: ws://localhost:60678/devtoo..., se:cdpVersion: 145.0.7632.76, setWindowRect: true, strictFileInteractability: false, timeouts: {implicit: 0, pageLoad: 300000, script: 30000}, unhandledPromptBehavior: dismiss and notify, webauthn:extension:credBlob: true, webauthn:extension:largeBlob: true, webauthn:extension:minPinLength: true, webauthn:extension:prf: true, webauthn:virtualAuthenticators: true}&#10;Session ID: 9abbf80a98354295405fc1812a318b01" type="org.openqa.selenium.TimeoutException"><![CDATA[org.openqa.selenium.TimeoutException: 
Expected condition failed: waiting for visibility of element located by By.xpath: //div[contains(@class,'product')]//h3[contains(text(),'Laptop Dell XPS 15')] | //div[contains(@class,'product')]//span[contains(text(),'Laptop Dell XPS 15')] (tried for 20 second(s) with 500 milliseconds interval)
Build info: version: '4.15.0', revision: '1d14b5521b'
System info: os.name: 'Windows 10', os.arch: 'amd64', os.version: '10.0', java.version: '17.0.12'
Driver info: org.openqa.selenium.chrome.ChromeDriver
Capabilities {acceptInsecureCerts: false, browserName: chrome, browserVersion: 145.0.7632.76, chrome: {chromedriverVersion: 145.0.7632.77 (da516187054a..., userDataDir: C:\Users\USUARIO\AppData\Lo...}, fedcm:accounts: true, goog:chromeOptions: {debuggerAddress: localhost:60678}, goog:processID: 21512, networkConnectionEnabled: false, pageLoadStrategy: normal, platformName: windows, proxy: Proxy(), se:cdp: ws://localhost:60678/devtoo..., se:cdpVersion: 145.0.7632.76, setWindowRect: true, strictFileInteractability: false, timeouts: {implicit: 0, pageLoad: 300000, script: 30000}, unhandledPromptBehavior: dismiss and notify, webauthn:extension:credBlob: true, webauthn:extension:largeBlob: true, webauthn:extension:minPinLength: true, webauthn:extension:prf: true, webauthn:virtualAuthenticators: true}
Session ID: 9abbf80a98354295405fc1812a318b01
	at org.openqa.selenium.support.ui.WebDriverWait.timeoutException(WebDriverWait.java:84)
	at org.openqa.selenium.support.ui.FluentWait.until(FluentWait.java:229)
	at com.automation.script.componentes.BasePage.esperarElementoPorLocator(BasePage.java:85)
	at com.automation.script.AgregarCarrito.Feature.AgregarCarritoPage.seleccionarProductoPorNombre(AgregarCarritoPage.java:48)
	at com.automation.script.AgregarCarrito.Feature.AgregarCarrito.seleccionarProducto(AgregarCarrito.java:39)
	at com.automation.script.AgregarCarrito.Feature.AgregarCarritoStep.elUsuarioSeleccionaElProducto(AgregarCarritoStep.java:65)
	at âœ½.el usuario selecciona el producto "Laptop Dell XPS 15"(file:///J:/Workspace/BANCOPICHINCHA/AutomationCorebank/Scenarios/agregarCarrito/agregarCarrito.feature:13)
]]></error>
    <system-out><![CDATA[
@AgregarCarrito @AgregarProductoExitoso
Scenario: Agregar un producto al carrito correctamente             &amp#27;[90m# Scenarios/agregarCarrito/agregarCarrito.feature:12&amp#27;[0m

ðŸš€ Iniciando escenario: Agregar un producto al carrito correctamente
âœ… ConfiguraciÃ³n cargada: /config/environment.config
âœ… Driver iniciado: CHROME
ðŸŒ Navegando a: https://www.saucedemo.com/
ðŸŒ PÃ¡gina de login abierta.
ðŸ“§ Email ingresado: standard_user
ðŸ”’ ContraseÃ±a ingresada.
ðŸ–±ï¸ Clic en botÃ³n Ingresar
ðŸ”‘ Login ejecutado para: standard_user
âœ… Login exitoso - Dashboard visible.
âœ… AutenticaciÃ³n completada para mÃ³dulo carrito.
  &amp#27;[32mGiven &amp#27;[0m&amp#27;[32mque el usuario estÃƒÂ¡ autenticado en el sistema&amp#27;[0m              &amp#27;[90m# com.automation.script.AgregarCarrito.Feature.AgregarCarritoStep.queElUsuarioEstaAutenticado()&amp#27;[0m
ðŸ“¦ Usuario en pÃ¡gina de productos.
  &amp#27;[32mAnd &amp#27;[0m&amp#27;[32mque el usuario se encuentra en la pÃƒÂ¡gina de productos&amp#27;[0m        &amp#27;[90m# com.automation.script.AgregarCarrito.Feature.AgregarCarritoStep.queElUsuarioEstaEnPaginaProductos()&amp#27;[0m
  &amp#27;[31mWhen &amp#27;[0m&amp#27;[31mel usuario selecciona el producto &amp#27;[0m&amp#27;[31m&amp#27;[1m"Laptop Dell XPS 15"&amp#27;[0m      &amp#27;[90m# com.automation.script.AgregarCarrito.Feature.AgregarCarritoStep.elUsuarioSeleccionaElProducto(java.lang.String)&amp#27;[0m
      &amp#27;[31morg.openqa.selenium.TimeoutException: Expected condition failed: waiting for visibility of element located by By.xpath: //div[contains(@class,'product')]//h3[contains(text(),'Laptop Dell XPS 15')] | //div[contains(@class,'product')]//span[contains(text(),'Laptop Dell XPS 15')] (tried for 20 second(s) with 500 milliseconds interval)
Build info: version: '4.15.0', revision: '1d14b5521b'
System info: os.name: 'Windows 10', os.arch: 'amd64', os.version: '10.0', java.version: '17.0.12'
Driver info: org.openqa.selenium.chrome.ChromeDriver
Capabilities {acceptInsecureCerts: false, browserName: chrome, browserVersion: 145.0.7632.76, chrome: {chromedriverVersion: 145.0.7632.77 (da516187054a..., userDataDir: C:\Users\USUARIO\AppData\Lo...}, fedcm:accounts: true, goog:chromeOptions: {debuggerAddress: localhost:60678}, goog:processID: 21512, networkConnectionEnabled: false, pageLoadStrategy: normal, platformName: windows, proxy: Proxy(), se:cdp: ws://localhost:60678/devtoo..., se:cdpVersion: 145.0.7632.76, setWindowRect: true, strictFileInteractability: false, timeouts: {implicit: 0, pageLoad: 300000, script: 30000}, unhandledPromptBehavior: dismiss and notify, webauthn:extension:credBlob: true, webauthn:extension:largeBlob: true, webauthn:extension:minPinLength: true, webauthn:extension:prf: true, webauthn:virtualAuthenticators: true}
Session ID: 9abbf80a98354295405fc1812a318b01
	at org.openqa.selenium.support.ui.WebDriverWait.timeoutException(WebDriverWait.java:84)
	at org.openqa.selenium.support.ui.FluentWait.until(FluentWait.java:229)
	at com.automation.script.componentes.BasePage.esperarElementoPorLocator(BasePage.java:85)
	at com.automation.script.AgregarCarrito.Feature.AgregarCarritoPage.seleccionarProductoPorNombre(AgregarCarritoPage.java:48)
	at com.automation.script.AgregarCarrito.Feature.AgregarCarrito.seleccionarProducto(AgregarCarrito.java:39)
	at com.automation.script.AgregarCarrito.Feature.AgregarCarritoStep.elUsuarioSeleccionaElProducto(AgregarCarritoStep.java:65)
	at Ã¢Å“Â½.el usuario selecciona el producto "Laptop Dell XPS 15"(file:///J:/Workspace/BANCOPICHINCHA/AutomationCorebank/Scenarios/agregarCarrito/agregarCarrito.feature:13)
&amp#27;[0m
  &amp#27;[36mAnd &amp#27;[0m&amp#27;[36mel usuario hace clic en &amp#27;[0m&amp#27;[36m&amp#27;[1m"Agregar al Carrito"&amp#27;[0m                 &amp#27;[90m# com.automation.script.AgregarCarrito.Feature.AgregarCarritoStep.elUsuarioHaceClicEn(java.lang.String)&amp#27;[0m
  &amp#27;[36mThen &amp#27;[0m&amp#27;[36mel carrito debe mostrar &amp#27;[0m&amp#27;[36m&amp#27;[1m"1"&amp#27;[0m&amp#27;[36m producto&amp#27;[0m                        &amp#27;[90m# com.automation.script.AgregarCarrito.Feature.AgregarCarritoStep.elCarritoDebeMostrarUnProducto(java.lang.String)&amp#27;[0m
  &amp#27;[36mAnd &amp#27;[0m&amp#27;[36mel producto &amp#27;[0m&amp#27;[36m&amp#27;[1m"Laptop Dell XPS 15"&amp#27;[0m&amp#27;[36m debe aparecer en el carrito&amp#27;[0m &amp#27;[90m# com.automation.script.AgregarCarrito.Feature.AgregarCarritoStep.elProductoDebeAparecerEnElCarrito(java.lang.String)&amp#27;[0m
âŒ Escenario FALLIDO: Agregar un producto al carrito correctamente

    Embedding Screenshot del fallo [image/png 328187 bytes]

âœ… Driver cerrado correctamente.
]]></system-out>
    <system-err><![CDATA[[main] INFO io.github.bonigarcia.wdm.WebDriverManager - Using chromedriver 145.0.7632.77 (resolved driver for Chrome 145)
[main] INFO io.github.bonigarcia.wdm.WebDriverManager - Exporting webdriver.chrome.driver as C:\Users\USUARIO\.cache\selenium\chromedriver\win64\145.0.7632.77\chromedriver.exe
feb 22, 2026 11:45:43 P.Â M. org.openqa.selenium.devtools.CdpVersionFinder findNearestMatch
WARNING: Unable to find CDP implementation matching 145
feb 22, 2026 11:45:43 P.Â M. org.openqa.selenium.chromium.ChromiumDriver lambda$new$5
WARNING: Unable to find version of CDP to use for 145.0.7632.76. You may need to include a dependency on a specific version of the CDP using something similar to `org.seleniumhq.selenium:selenium-devtools-v86:4.15.0` where the version ("v86") matches the version of the chromium-based browser you're using and the version number of the artifact is the same as Selenium's.
]]></system-err>
  </testcase>
  <testcase name="Agregar mÃºltiples productos al carrito" classname="Agregar Producto al Carrito" time="25.047">
    <error message="Expected condition failed: waiting for visibility of element located by By.xpath: //div[contains(@class,&apos;product&apos;)]//h3[contains(text(),&apos;Laptop Dell XPS 15&apos;)] | //div[contains(@class,&apos;product&apos;)]//span[contains(text(),&apos;Laptop Dell XPS 15&apos;)] (tried for 20 second(s) with 500 milliseconds interval)&#10;Build info: version: &apos;4.15.0&apos;, revision: &apos;1d14b5521b&apos;&#10;System info: os.name: &apos;Windows 10&apos;, os.arch: &apos;amd64&apos;, os.version: &apos;10.0&apos;, java.version: &apos;17.0.12&apos;&#10;Driver info: org.openqa.selenium.chrome.ChromeDriver&#10;Capabilities {acceptInsecureCerts: false, browserName: chrome, browserVersion: 145.0.7632.76, chrome: {chromedriverVersion: 145.0.7632.77 (da516187054a..., userDataDir: C:\Users\USUARIO\AppData\Lo...}, fedcm:accounts: true, goog:chromeOptions: {debuggerAddress: localhost:60726}, goog:processID: 17508, networkConnectionEnabled: false, pageLoadStrategy: normal, platformName: windows, proxy: Proxy(), se:cdp: ws://localhost:60726/devtoo..., se:cdpVersion: 145.0.7632.76, setWindowRect: true, strictFileInteractability: false, timeouts: {implicit: 0, pageLoad: 300000, script: 30000}, unhandledPromptBehavior: dismiss and notify, webauthn:extension:credBlob: true, webauthn:extension:largeBlob: true, webauthn:extension:minPinLength: true, webauthn:extension:prf: true, webauthn:virtualAuthenticators: true}&#10;Session ID: 592ec8ee40ce89698e01919765dcc770" type="org.openqa.selenium.TimeoutException"><![CDATA[org.openqa.selenium.TimeoutException: 
Expected condition failed: waiting for visibility of element located by By.xpath: //div[contains(@class,'product')]//h3[contains(text(),'Laptop Dell XPS 15')] | //div[contains(@class,'product')]//span[contains(text(),'Laptop Dell XPS 15')] (tried for 20 second(s) with 500 milliseconds interval)
Build info: version: '4.15.0', revision: '1d14b5521b'
System info: os.name: 'Windows 10', os.arch: 'amd64', os.version: '10.0', java.version: '17.0.12'
Driver info: org.openqa.selenium.chrome.ChromeDriver
Capabilities {acceptInsecureCerts: false, browserName: chrome, browserVersion: 145.0.7632.76, chrome: {chromedriverVersion: 145.0.7632.77 (da516187054a..., userDataDir: C:\Users\USUARIO\AppData\Lo...}, fedcm:accounts: true, goog:chromeOptions: {debuggerAddress: localhost:60726}, goog:processID: 17508, networkConnectionEnabled: false, pageLoadStrategy: normal, platformName: windows, proxy: Proxy(), se:cdp: ws://localhost:60726/devtoo..., se:cdpVersion: 145.0.7632.76, setWindowRect: true, strictFileInteractability: false, timeouts: {implicit: 0, pageLoad: 300000, script: 30000}, unhandledPromptBehavior: dismiss and notify, webauthn:extension:credBlob: true, webauthn:extension:largeBlob: true, webauthn:extension:minPinLength: true, webauthn:extension:prf: true, webauthn:virtualAuthenticators: true}
Session ID: 592ec8ee40ce89698e01919765dcc770
	at org.openqa.selenium.support.ui.WebDriverWait.timeoutException(WebDriverWait.java:84)
	at org.openqa.selenium.support.ui.FluentWait.until(FluentWait.java:229)
	at com.automation.script.componentes.BasePage.esperarElementoPorLocator(BasePage.java:85)
	at com.automation.script.AgregarCarrito.Feature.AgregarCarritoPage.seleccionarProductoPorNombre(AgregarCarritoPage.java:48)
	at com.automation.script.AgregarCarrito.Feature.AgregarCarrito.seleccionarProducto(AgregarCarrito.java:39)
	at com.automation.script.AgregarCarrito.Feature.AgregarCarritoStep.elUsuarioSeleccionaElProducto(AgregarCarritoStep.java:65)
	at âœ½.el usuario selecciona el producto "Laptop Dell XPS 15"(file:///J:/Workspace/BANCOPICHINCHA/AutomationCorebank/Scenarios/agregarCarrito/agregarCarrito.feature:20)
]]></error>
    <system-out><![CDATA[
@AgregarCarrito @AgregarMultiplesProductos
Scenario: Agregar mÃƒÂºltiples productos al carrito              &amp#27;[90m# Scenarios/agregarCarrito/agregarCarrito.feature:19&amp#27;[0m

ðŸš€ Iniciando escenario: Agregar mÃºltiples productos al carrito
âœ… Driver iniciado: CHROME
ðŸŒ Navegando a: https://www.saucedemo.com/
ðŸŒ PÃ¡gina de login abierta.
ðŸ“§ Email ingresado: standard_user
ðŸ”’ ContraseÃ±a ingresada.
ðŸ–±ï¸ Clic en botÃ³n Ingresar
ðŸ”‘ Login ejecutado para: standard_user
âœ… Login exitoso - Dashboard visible.
âœ… AutenticaciÃ³n completada para mÃ³dulo carrito.
  &amp#27;[32mGiven &amp#27;[0m&amp#27;[32mque el usuario estÃƒÂ¡ autenticado en el sistema&amp#27;[0m         &amp#27;[90m# com.automation.script.AgregarCarrito.Feature.AgregarCarritoStep.queElUsuarioEstaAutenticado()&amp#27;[0m
ðŸ“¦ Usuario en pÃ¡gina de productos.
  &amp#27;[32mAnd &amp#27;[0m&amp#27;[32mque el usuario se encuentra en la pÃƒÂ¡gina de productos&amp#27;[0m   &amp#27;[90m# com.automation.script.AgregarCarrito.Feature.AgregarCarritoStep.queElUsuarioEstaEnPaginaProductos()&amp#27;[0m
  &amp#27;[31mWhen &amp#27;[0m&amp#27;[31mel usuario selecciona el producto &amp#27;[0m&amp#27;[31m&amp#27;[1m"Laptop Dell XPS 15"&amp#27;[0m &amp#27;[90m# com.automation.script.AgregarCarrito.Feature.AgregarCarritoStep.elUsuarioSeleccionaElProducto(java.lang.String)&amp#27;[0m
      &amp#27;[31morg.openqa.selenium.TimeoutException: Expected condition failed: waiting for visibility of element located by By.xpath: //div[contains(@class,'product')]//h3[contains(text(),'Laptop Dell XPS 15')] | //div[contains(@class,'product')]//span[contains(text(),'Laptop Dell XPS 15')] (tried for 20 second(s) with 500 milliseconds interval)
Build info: version: '4.15.0', revision: '1d14b5521b'
System info: os.name: 'Windows 10', os.arch: 'amd64', os.version: '10.0', java.version: '17.0.12'
Driver info: org.openqa.selenium.chrome.ChromeDriver
Capabilities {acceptInsecureCerts: false, browserName: chrome, browserVersion: 145.0.7632.76, chrome: {chromedriverVersion: 145.0.7632.77 (da516187054a..., userDataDir: C:\Users\USUARIO\AppData\Lo...}, fedcm:accounts: true, goog:chromeOptions: {debuggerAddress: localhost:60726}, goog:processID: 17508, networkConnectionEnabled: false, pageLoadStrategy: normal, platformName: windows, proxy: Proxy(), se:cdp: ws://localhost:60726/devtoo..., se:cdpVersion: 145.0.7632.76, setWindowRect: true, strictFileInteractability: false, timeouts: {implicit: 0, pageLoad: 300000, script: 30000}, unhandledPromptBehavior: dismiss and notify, webauthn:extension:credBlob: true, webauthn:extension:largeBlob: true, webauthn:extension:minPinLength: true, webauthn:extension:prf: true, webauthn:virtualAuthenticators: true}
Session ID: 592ec8ee40ce89698e01919765dcc770
	at org.openqa.selenium.support.ui.WebDriverWait.timeoutException(WebDriverWait.java:84)
	at org.openqa.selenium.support.ui.FluentWait.until(FluentWait.java:229)
	at com.automation.script.componentes.BasePage.esperarElementoPorLocator(BasePage.java:85)
	at com.automation.script.AgregarCarrito.Feature.AgregarCarritoPage.seleccionarProductoPorNombre(AgregarCarritoPage.java:48)
	at com.automation.script.AgregarCarrito.Feature.AgregarCarrito.seleccionarProducto(AgregarCarrito.java:39)
	at com.automation.script.AgregarCarrito.Feature.AgregarCarritoStep.elUsuarioSeleccionaElProducto(AgregarCarritoStep.java:65)
	at Ã¢Å“Â½.el usuario selecciona el producto "Laptop Dell XPS 15"(file:///J:/Workspace/BANCOPICHINCHA/AutomationCorebank/Scenarios/agregarCarrito/agregarCarrito.feature:20)
&amp#27;[0m
  &amp#27;[36mAnd &amp#27;[0m&amp#27;[36mel usuario hace clic en &amp#27;[0m&amp#27;[36m&amp#27;[1m"Agregar al Carrito"&amp#27;[0m            &amp#27;[90m# com.automation.script.AgregarCarrito.Feature.AgregarCarritoStep.elUsuarioHaceClicEn(java.lang.String)&amp#27;[0m
  &amp#27;[36mAnd &amp#27;[0m&amp#27;[36mel usuario selecciona el producto &amp#27;[0m&amp#27;[36m&amp#27;[1m"Mouse Logitech MX"&amp#27;[0m   &amp#27;[90m# com.automation.script.AgregarCarrito.Feature.AgregarCarritoStep.elUsuarioSeleccionaElProducto(java.lang.String)&amp#27;[0m
  &amp#27;[36mAnd &amp#27;[0m&amp#27;[36mel usuario hace clic en &amp#27;[0m&amp#27;[36m&amp#27;[1m"Agregar al Carrito"&amp#27;[0m            &amp#27;[90m# com.automation.script.AgregarCarrito.Feature.AgregarCarritoStep.elUsuarioHaceClicEn(java.lang.String)&amp#27;[0m
  &amp#27;[36mThen &amp#27;[0m&amp#27;[36mel carrito debe mostrar &amp#27;[0m&amp#27;[36m&amp#27;[1m"2"&amp#27;[0m&amp#27;[36m productos&amp#27;[0m                  &amp#27;[90m# com.automation.script.AgregarCarrito.Feature.AgregarCarritoStep.elCarritoDebeMostrarProductos(java.lang.String)&amp#27;[0m
âŒ Escenario FALLIDO: Agregar mÃºltiples productos al carrito

    Embedding Screenshot del fallo [image/png 328187 bytes]

âœ… Driver cerrado correctamente.
]]></system-out>
    <system-err><![CDATA[[main] INFO io.github.bonigarcia.wdm.WebDriverManager - Using chromedriver 145.0.7632.77 (resolved driver for Chrome 145)
[main] INFO io.github.bonigarcia.wdm.WebDriverManager - Exporting webdriver.chrome.driver as C:\Users\USUARIO\.cache\selenium\chromedriver\win64\145.0.7632.77\chromedriver.exe
feb 22, 2026 11:46:09 P.Â M. org.openqa.selenium.devtools.CdpVersionFinder findNearestMatch
WARNING: Unable to find CDP implementation matching 145
feb 22, 2026 11:46:09 P.Â M. org.openqa.selenium.chromium.ChromiumDriver lambda$new$5
WARNING: Unable to find version of CDP to use for 145.0.7632.76. You may need to include a dependency on a specific version of the CDP using something similar to `org.seleniumhq.selenium:selenium-devtools-v86:4.15.0` where the version ("v86") matches the version of the chromium-based browser you're using and the version number of the artifact is the same as Selenium's.
]]></system-err>
  </testcase>
  <testcase name="Eliminar un producto del carrito" classname="Agregar Producto al Carrito" time="25.173">
    <error message="Expected condition failed: waiting for visibility of element located by By.xpath: //div[contains(@class,&apos;product&apos;)]//h3[contains(text(),&apos;Laptop Dell XPS 15&apos;)] | //div[contains(@class,&apos;product&apos;)]//span[contains(text(),&apos;Laptop Dell XPS 15&apos;)] (tried for 20 second(s) with 500 milliseconds interval)&#10;Build info: version: &apos;4.15.0&apos;, revision: &apos;1d14b5521b&apos;&#10;System info: os.name: &apos;Windows 10&apos;, os.arch: &apos;amd64&apos;, os.version: &apos;10.0&apos;, java.version: &apos;17.0.12&apos;&#10;Driver info: org.openqa.selenium.chrome.ChromeDriver&#10;Capabilities {acceptInsecureCerts: false, browserName: chrome, browserVersion: 145.0.7632.76, chrome: {chromedriverVersion: 145.0.7632.77 (da516187054a..., userDataDir: C:\Users\USUARIO\AppData\Lo...}, fedcm:accounts: true, goog:chromeOptions: {debuggerAddress: localhost:60773}, goog:processID: 2920, networkConnectionEnabled: false, pageLoadStrategy: normal, platformName: windows, proxy: Proxy(), se:cdp: ws://localhost:60773/devtoo..., se:cdpVersion: 145.0.7632.76, setWindowRect: true, strictFileInteractability: false, timeouts: {implicit: 0, pageLoad: 300000, script: 30000}, unhandledPromptBehavior: dismiss and notify, webauthn:extension:credBlob: true, webauthn:extension:largeBlob: true, webauthn:extension:minPinLength: true, webauthn:extension:prf: true, webauthn:virtualAuthenticators: true}&#10;Session ID: 08e029d17b5605dae1081bf38bbfa4ea" type="org.openqa.selenium.TimeoutException"><![CDATA[org.openqa.selenium.TimeoutException: 
Expected condition failed: waiting for visibility of element located by By.xpath: //div[contains(@class,'product')]//h3[contains(text(),'Laptop Dell XPS 15')] | //div[contains(@class,'product')]//span[contains(text(),'Laptop Dell XPS 15')] (tried for 20 second(s) with 500 milliseconds interval)
Build info: version: '4.15.0', revision: '1d14b5521b'
System info: os.name: 'Windows 10', os.arch: 'amd64', os.version: '10.0', java.version: '17.0.12'
Driver info: org.openqa.selenium.chrome.ChromeDriver
Capabilities {acceptInsecureCerts: false, browserName: chrome, browserVersion: 145.0.7632.76, chrome: {chromedriverVersion: 145.0.7632.77 (da516187054a..., userDataDir: C:\Users\USUARIO\AppData\Lo...}, fedcm:accounts: true, goog:chromeOptions: {debuggerAddress: localhost:60773}, goog:processID: 2920, networkConnectionEnabled: false, pageLoadStrategy: normal, platformName: windows, proxy: Proxy(), se:cdp: ws://localhost:60773/devtoo..., se:cdpVersion: 145.0.7632.76, setWindowRect: true, strictFileInteractability: false, timeouts: {implicit: 0, pageLoad: 300000, script: 30000}, unhandledPromptBehavior: dismiss and notify, webauthn:extension:credBlob: true, webauthn:extension:largeBlob: true, webauthn:extension:minPinLength: true, webauthn:extension:prf: true, webauthn:virtualAuthenticators: true}
Session ID: 08e029d17b5605dae1081bf38bbfa4ea
	at org.openqa.selenium.support.ui.WebDriverWait.timeoutException(WebDriverWait.java:84)
	at org.openqa.selenium.support.ui.FluentWait.until(FluentWait.java:229)
	at com.automation.script.componentes.BasePage.esperarElementoPorLocator(BasePage.java:85)
	at com.automation.script.AgregarCarrito.Feature.AgregarCarritoPage.seleccionarProductoPorNombre(AgregarCarritoPage.java:48)
	at com.automation.script.AgregarCarrito.Feature.AgregarCarrito.seleccionarProducto(AgregarCarrito.java:39)
	at com.automation.script.AgregarCarrito.Feature.AgregarCarritoStep.queElCarritoTieneElProducto(AgregarCarritoStep.java:59)
	at âœ½.que el carrito tiene el producto "Laptop Dell XPS 15"(file:///J:/Workspace/BANCOPICHINCHA/AutomationCorebank/Scenarios/agregarCarrito/agregarCarrito.feature:28)
]]></error>
    <system-out><![CDATA[
@AgregarCarrito @EliminarProductoCarrito
Scenario: Eliminar un producto del carrito                             &amp#27;[90m# Scenarios/agregarCarrito/agregarCarrito.feature:27&amp#27;[0m

ðŸš€ Iniciando escenario: Eliminar un producto del carrito
âœ… Driver iniciado: CHROME
ðŸŒ Navegando a: https://www.saucedemo.com/
ðŸŒ PÃ¡gina de login abierta.
ðŸ“§ Email ingresado: standard_user
ðŸ”’ ContraseÃ±a ingresada.
ðŸ–±ï¸ Clic en botÃ³n Ingresar
ðŸ”‘ Login ejecutado para: standard_user
âœ… Login exitoso - Dashboard visible.
âœ… AutenticaciÃ³n completada para mÃ³dulo carrito.
  &amp#27;[32mGiven &amp#27;[0m&amp#27;[32mque el usuario estÃƒÂ¡ autenticado en el sistema&amp#27;[0m                  &amp#27;[90m# com.automation.script.AgregarCarrito.Feature.AgregarCarritoStep.queElUsuarioEstaAutenticado()&amp#27;[0m
ðŸ“¦ Usuario en pÃ¡gina de productos.
  &amp#27;[32mAnd &amp#27;[0m&amp#27;[32mque el usuario se encuentra en la pÃƒÂ¡gina de productos&amp#27;[0m            &amp#27;[90m# com.automation.script.AgregarCarrito.Feature.AgregarCarritoStep.queElUsuarioEstaEnPaginaProductos()&amp#27;[0m
  &amp#27;[31mGiven &amp#27;[0m&amp#27;[31mque el carrito tiene el producto &amp#27;[0m&amp#27;[31m&amp#27;[1m"Laptop Dell XPS 15"&amp#27;[0m          &amp#27;[90m# com.automation.script.AgregarCarrito.Feature.AgregarCarritoStep.queElCarritoTieneElProducto(java.lang.String)&amp#27;[0m
      &amp#27;[31morg.openqa.selenium.TimeoutException: Expected condition failed: waiting for visibility of element located by By.xpath: //div[contains(@class,'product')]//h3[contains(text(),'Laptop Dell XPS 15')] | //div[contains(@class,'product')]//span[contains(text(),'Laptop Dell XPS 15')] (tried for 20 second(s) with 500 milliseconds interval)
Build info: version: '4.15.0', revision: '1d14b5521b'
System info: os.name: 'Windows 10', os.arch: 'amd64', os.version: '10.0', java.version: '17.0.12'
Driver info: org.openqa.selenium.chrome.ChromeDriver
Capabilities {acceptInsecureCerts: false, browserName: chrome, browserVersion: 145.0.7632.76, chrome: {chromedriverVersion: 145.0.7632.77 (da516187054a..., userDataDir: C:\Users\USUARIO\AppData\Lo...}, fedcm:accounts: true, goog:chromeOptions: {debuggerAddress: localhost:60773}, goog:processID: 2920, networkConnectionEnabled: false, pageLoadStrategy: normal, platformName: windows, proxy: Proxy(), se:cdp: ws://localhost:60773/devtoo..., se:cdpVersion: 145.0.7632.76, setWindowRect: true, strictFileInteractability: false, timeouts: {implicit: 0, pageLoad: 300000, script: 30000}, unhandledPromptBehavior: dismiss and notify, webauthn:extension:credBlob: true, webauthn:extension:largeBlob: true, webauthn:extension:minPinLength: true, webauthn:extension:prf: true, webauthn:virtualAuthenticators: true}
Session ID: 08e029d17b5605dae1081bf38bbfa4ea
	at org.openqa.selenium.support.ui.WebDriverWait.timeoutException(WebDriverWait.java:84)
	at org.openqa.selenium.support.ui.FluentWait.until(FluentWait.java:229)
	at com.automation.script.componentes.BasePage.esperarElementoPorLocator(BasePage.java:85)
	at com.automation.script.AgregarCarrito.Feature.AgregarCarritoPage.seleccionarProductoPorNombre(AgregarCarritoPage.java:48)
	at com.automation.script.AgregarCarrito.Feature.AgregarCarrito.seleccionarProducto(AgregarCarrito.java:39)
	at com.automation.script.AgregarCarrito.Feature.AgregarCarritoStep.queElCarritoTieneElProducto(AgregarCarritoStep.java:59)
	at Ã¢Å“Â½.que el carrito tiene el producto "Laptop Dell XPS 15"(file:///J:/Workspace/BANCOPICHINCHA/AutomationCorebank/Scenarios/agregarCarrito/agregarCarrito.feature:28)
&amp#27;[0m
  &amp#27;[36mWhen &amp#27;[0m&amp#27;[36mel usuario elimina el producto &amp#27;[0m&amp#27;[36m&amp#27;[1m"Laptop Dell XPS 15"&amp#27;[0m&amp#27;[36m del carrito&amp#27;[0m &amp#27;[90m# com.automation.script.AgregarCarrito.Feature.AgregarCarritoStep.elUsuarioEliminaElProducto(java.lang.String)&amp#27;[0m
  &amp#27;[36mThen &amp#27;[0m&amp#27;[36mel carrito debe estar vacÃƒÂ­o&amp#27;[0m                                     &amp#27;[90m# com.automation.script.AgregarCarrito.Feature.AgregarCarritoStep.elCarritoDebeEstarVacio()&amp#27;[0m
âŒ Escenario FALLIDO: Eliminar un producto del carrito

    Embedding Screenshot del fallo [image/png 328187 bytes]

âœ… Driver cerrado correctamente.
]]></system-out>
    <system-err><![CDATA[[main] INFO io.github.bonigarcia.wdm.WebDriverManager - Using chromedriver 145.0.7632.77 (resolved driver for Chrome 145)
[main] INFO io.github.bonigarcia.wdm.WebDriverManager - Exporting webdriver.chrome.driver as C:\Users\USUARIO\.cache\selenium\chromedriver\win64\145.0.7632.77\chromedriver.exe
feb 22, 2026 11:46:34 P.Â M. org.openqa.selenium.devtools.CdpVersionFinder findNearestMatch
WARNING: Unable to find CDP implementation matching 145
feb 22, 2026 11:46:34 P.Â M. org.openqa.selenium.chromium.ChromiumDriver lambda$new$5
WARNING: Unable to find version of CDP to use for 145.0.7632.76. You may need to include a dependency on a specific version of the CDP using something similar to `org.seleniumhq.selenium:selenium-devtools-v86:4.15.0` where the version ("v86") matches the version of the chromium-based browser you're using and the version number of the artifact is the same as Selenium's.
]]></system-err>
  </testcase>
  <testcase name="Inicio de sesiÃ³n exitoso con standard_user" classname="Inicio de SesiÃ³n - Saucedemo" time="3.814">
    <system-out><![CDATA[
@InicioSession @LoginExitoso @SauceDemo
Scenario: Inicio de sesiÃƒÂ³n exitoso con standard_user         &amp#27;[90m# Scenarios/inicioSession/inicioSession.feature:11&amp#27;[0m

ðŸš€ Iniciando escenario: Inicio de sesiÃ³n exitoso con standard_user
âœ… Driver iniciado: CHROME
ðŸŒ Navegando a: https://www.saucedemo.com/
ðŸŒ PÃ¡gina de login abierta.
  &amp#27;[32mGiven &amp#27;[0m&amp#27;[32mque el usuario abre el navegador y accede al sistema&amp#27;[0m &amp#27;[90m# com.automation.script.InicioSession.Feature.InicioSessionStep.queElUsuarioAbreElNavegador()&amp#27;[0m
ðŸ“§ Email ingresado: standard_user
  &amp#27;[32mWhen &amp#27;[0m&amp#27;[32mel usuario ingresa el correo &amp#27;[0m&amp#27;[32m&amp#27;[1m"standard_user"&amp#27;[0m          &amp#27;[90m# com.automation.script.InicioSession.Feature.InicioSessionStep.elUsuarioIngresaElCorreo(java.lang.String)&amp#27;[0m
ðŸ”’ ContraseÃ±a ingresada.
  &amp#27;[32mAnd &amp#27;[0m&amp#27;[32mel usuario ingresa la contraseÃƒÂ±a &amp#27;[0m&amp#27;[32m&amp#27;[1m"secret_sauce"&amp#27;[0m        &amp#27;[90m# com.automation.script.InicioSession.Feature.InicioSessionStep.elUsuarioIngresaLaContrasena(java.lang.String)&amp#27;[0m
ðŸ–±ï¸ Clic en botÃ³n Ingresar
  &amp#27;[32mAnd &amp#27;[0m&amp#27;[32mel usuario hace clic en el botÃƒÂ³n &amp#27;[0m&amp#27;[32m&amp#27;[1m"Ingresar"&amp#27;[0m            &amp#27;[90m# com.automation.script.InicioSession.Feature.InicioSessionStep.elUsuarioHaceClicEnElBoton(java.lang.String)&amp#27;[0m
âœ… Login exitoso - Dashboard visible.
  &amp#27;[32mThen &amp#27;[0m&amp#27;[32mel usuario debe ver el dashboard principal&amp#27;[0m            &amp#27;[90m# com.automation.script.InicioSession.Feature.InicioSessionStep.elUsuarioDebeVerElDashboard()&amp#27;[0m
âœ… Bienvenida correcta: Swag Labs
  &amp#27;[32mAnd &amp#27;[0m&amp#27;[32mel mensaje de bienvenida debe contener &amp#27;[0m&amp#27;[32m&amp#27;[1m"Swag Labs"&amp#27;[0m     &amp#27;[90m# com.automation.script.InicioSession.Feature.InicioSessionStep.elMensajeDeBienvenidaDebeContener(java.lang.String)&amp#27;[0m
âœ… Escenario EXITOSO: Inicio de sesiÃ³n exitoso con standard_user
âœ… Driver cerrado correctamente.
]]></system-out>
    <system-err><![CDATA[[main] INFO io.github.bonigarcia.wdm.WebDriverManager - Using chromedriver 145.0.7632.77 (resolved driver for Chrome 145)
[main] INFO io.github.bonigarcia.wdm.WebDriverManager - Exporting webdriver.chrome.driver as C:\Users\USUARIO\.cache\selenium\chromedriver\win64\145.0.7632.77\chromedriver.exe
feb 22, 2026 11:46:59 P.Â M. org.openqa.selenium.devtools.CdpVersionFinder findNearestMatch
WARNING: Unable to find CDP implementation matching 145
feb 22, 2026 11:46:59 P.Â M. org.openqa.selenium.chromium.ChromiumDriver lambda$new$5
WARNING: Unable to find version of CDP to use for 145.0.7632.76. You may need to include a dependency on a specific version of the CDP using something similar to `org.seleniumhq.selenium:selenium-devtools-v86:4.15.0` where the version ("v86") matches the version of the chromium-based browser you're using and the version number of the artifact is the same as Selenium's.
]]></system-err>
  </testcase>
  <testcase name="Inicio de sesiÃ³n exitoso con performance_glitch_user" classname="Inicio de SesiÃ³n - Saucedemo" time="9.344">
    <system-out><![CDATA[
@InicioSession @LoginExitoso @SauceDemo
Scenario: Inicio de sesiÃƒÂ³n exitoso con performance_glitch_user &amp#27;[90m# Scenarios/inicioSession/inicioSession.feature:19&amp#27;[0m

ðŸš€ Iniciando escenario: Inicio de sesiÃ³n exitoso con performance_glitch_user
âœ… Driver iniciado: CHROME
ðŸŒ Navegando a: https://www.saucedemo.com/
ðŸŒ PÃ¡gina de login abierta.
  &amp#27;[32mGiven &amp#27;[0m&amp#27;[32mque el usuario abre el navegador y accede al sistema&amp#27;[0m   &amp#27;[90m# com.automation.script.InicioSession.Feature.InicioSessionStep.queElUsuarioAbreElNavegador()&amp#27;[0m
ðŸ“§ Email ingresado: performance_glitch_user
  &amp#27;[32mWhen &amp#27;[0m&amp#27;[32mel usuario ingresa el correo &amp#27;[0m&amp#27;[32m&amp#27;[1m"performance_glitch_user"&amp#27;[0m  &amp#27;[90m# com.automation.script.InicioSession.Feature.InicioSessionStep.elUsuarioIngresaElCorreo(java.lang.String)&amp#27;[0m
ðŸ”’ ContraseÃ±a ingresada.
  &amp#27;[32mAnd &amp#27;[0m&amp#27;[32mel usuario ingresa la contraseÃƒÂ±a &amp#27;[0m&amp#27;[32m&amp#27;[1m"secret_sauce"&amp#27;[0m          &amp#27;[90m# com.automation.script.InicioSession.Feature.InicioSessionStep.elUsuarioIngresaLaContrasena(java.lang.String)&amp#27;[0m
ðŸ–±ï¸ Clic en botÃ³n Ingresar
  &amp#27;[32mAnd &amp#27;[0m&amp#27;[32mel usuario hace clic en el botÃƒÂ³n &amp#27;[0m&amp#27;[32m&amp#27;[1m"Ingresar"&amp#27;[0m              &amp#27;[90m# com.automation.script.InicioSession.Feature.InicioSessionStep.elUsuarioHaceClicEnElBoton(java.lang.String)&amp#27;[0m
âœ… Login exitoso - Dashboard visible.
  &amp#27;[32mThen &amp#27;[0m&amp#27;[32mel usuario debe ver el dashboard principal&amp#27;[0m              &amp#27;[90m# com.automation.script.InicioSession.Feature.InicioSessionStep.elUsuarioDebeVerElDashboard()&amp#27;[0m
âœ… Bienvenida correcta: Swag Labs
  &amp#27;[32mAnd &amp#27;[0m&amp#27;[32mel mensaje de bienvenida debe contener &amp#27;[0m&amp#27;[32m&amp#27;[1m"Swag Labs"&amp#27;[0m       &amp#27;[90m# com.automation.script.InicioSession.Feature.InicioSessionStep.elMensajeDeBienvenidaDebeContener(java.lang.String)&amp#27;[0m
âœ… Escenario EXITOSO: Inicio de sesiÃ³n exitoso con performance_glitch_user
âœ… Driver cerrado correctamente.
]]></system-out>
    <system-err><![CDATA[[main] INFO io.github.bonigarcia.wdm.WebDriverManager - Using chromedriver 145.0.7632.77 (resolved driver for Chrome 145)
[main] INFO io.github.bonigarcia.wdm.WebDriverManager - Exporting webdriver.chrome.driver as C:\Users\USUARIO\.cache\selenium\chromedriver\win64\145.0.7632.77\chromedriver.exe
feb 22, 2026 11:47:03 P.Â M. org.openqa.selenium.devtools.CdpVersionFinder findNearestMatch
WARNING: Unable to find CDP implementation matching 145
feb 22, 2026 11:47:03 P.Â M. org.openqa.selenium.chromium.ChromiumDriver lambda$new$5
WARNING: Unable to find version of CDP to use for 145.0.7632.76. You may need to include a dependency on a specific version of the CDP using something similar to `org.seleniumhq.selenium:selenium-devtools-v86:4.15.0` where the version ("v86") matches the version of the chromium-based browser you're using and the version number of the artifact is the same as Selenium's.
]]></system-err>
  </testcase>
  <testcase name="Inicio de sesiÃ³n fallido con locked_out_user" classname="Inicio de SesiÃ³n - Saucedemo" time="3.164">
    <system-out><![CDATA[
@InicioSession @LoginFallido @SauceDemo
Scenario: Inicio de sesiÃƒÂ³n fallido con locked_out_user          &amp#27;[90m# Scenarios/inicioSession/inicioSession.feature:27&amp#27;[0m

ðŸš€ Iniciando escenario: Inicio de sesiÃ³n fallido con locked_out_user
âœ… Driver iniciado: CHROME
ðŸŒ Navegando a: https://www.saucedemo.com/
ðŸŒ PÃ¡gina de login abierta.
  &amp#27;[32mGiven &amp#27;[0m&amp#27;[32mque el usuario abre el navegador y accede al sistema&amp#27;[0m    &amp#27;[90m# com.automation.script.InicioSession.Feature.InicioSessionStep.queElUsuarioAbreElNavegador()&amp#27;[0m
ðŸ“§ Email ingresado: locked_out_user
  &amp#27;[32mWhen &amp#27;[0m&amp#27;[32mel usuario ingresa el correo &amp#27;[0m&amp#27;[32m&amp#27;[1m"locked_out_user"&amp#27;[0m           &amp#27;[90m# com.automation.script.InicioSession.Feature.InicioSessionStep.elUsuarioIngresaElCorreo(java.lang.String)&amp#27;[0m
ðŸ”’ ContraseÃ±a ingresada.
  &amp#27;[32mAnd &amp#27;[0m&amp#27;[32mel usuario ingresa la contraseÃƒÂ±a &amp#27;[0m&amp#27;[32m&amp#27;[1m"secret_sauce"&amp#27;[0m           &amp#27;[90m# com.automation.script.InicioSession.Feature.InicioSessionStep.elUsuarioIngresaLaContrasena(java.lang.String)&amp#27;[0m
ðŸ–±ï¸ Clic en botÃ³n Ingresar
  &amp#27;[32mAnd &amp#27;[0m&amp#27;[32mel usuario hace clic en el botÃƒÂ³n &amp#27;[0m&amp#27;[32m&amp#27;[1m"Ingresar"&amp#27;[0m               &amp#27;[90m# com.automation.script.InicioSession.Feature.InicioSessionStep.elUsuarioHaceClicEnElBoton(java.lang.String)&amp#27;[0m
âœ… Mensaje de error correcto: Epic sadface: Sorry, this user has been locked out.
  &amp#27;[32mThen &amp#27;[0m&amp#27;[32mel sistema debe mostrar el mensaje de error &amp#27;[0m&amp#27;[32m&amp#27;[1m"locked out"&amp#27;[0m &amp#27;[90m# com.automation.script.InicioSession.Feature.InicioSessionStep.elSistemaDebeMostrarMensajeDeError(java.lang.String)&amp#27;[0m
âœ… Escenario EXITOSO: Inicio de sesiÃ³n fallido con locked_out_user
âœ… Driver cerrado correctamente.
]]></system-out>
    <system-err><![CDATA[[main] INFO io.github.bonigarcia.wdm.WebDriverManager - Using chromedriver 145.0.7632.77 (resolved driver for Chrome 145)
[main] INFO io.github.bonigarcia.wdm.WebDriverManager - Exporting webdriver.chrome.driver as C:\Users\USUARIO\.cache\selenium\chromedriver\win64\145.0.7632.77\chromedriver.exe
feb 22, 2026 11:47:12 P.Â M. org.openqa.selenium.devtools.CdpVersionFinder findNearestMatch
WARNING: Unable to find CDP implementation matching 145
feb 22, 2026 11:47:12 P.Â M. org.openqa.selenium.chromium.ChromiumDriver lambda$new$5
WARNING: Unable to find version of CDP to use for 145.0.7632.76. You may need to include a dependency on a specific version of the CDP using something similar to `org.seleniumhq.selenium:selenium-devtools-v86:4.15.0` where the version ("v86") matches the version of the chromium-based browser you're using and the version number of the artifact is the same as Selenium's.
]]></system-err>
  </testcase>
  <testcase name="Inicio de sesiÃ³n fallido con credenciales incorrectas" classname="Inicio de SesiÃ³n - Saucedemo" time="4.1">
    <system-out><![CDATA[
@InicioSession @LoginFallido @SauceDemo
Scenario: Inicio de sesiÃƒÂ³n fallido con credenciales incorrectas   &amp#27;[90m# Scenarios/inicioSession/inicioSession.feature:34&amp#27;[0m

ðŸš€ Iniciando escenario: Inicio de sesiÃ³n fallido con credenciales incorrectas
âœ… Driver iniciado: CHROME
ðŸŒ Navegando a: https://www.saucedemo.com/
ðŸŒ PÃ¡gina de login abierta.
  &amp#27;[32mGiven &amp#27;[0m&amp#27;[32mque el usuario abre el navegador y accede al sistema&amp#27;[0m      &amp#27;[90m# com.automation.script.InicioSession.Feature.InicioSessionStep.queElUsuarioAbreElNavegador()&amp#27;[0m
ðŸ“§ Email ingresado: usuario_invalido
  &amp#27;[32mWhen &amp#27;[0m&amp#27;[32mel usuario ingresa el correo &amp#27;[0m&amp#27;[32m&amp#27;[1m"usuario_invalido"&amp#27;[0m            &amp#27;[90m# com.automation.script.InicioSession.Feature.InicioSessionStep.elUsuarioIngresaElCorreo(java.lang.String)&amp#27;[0m
ðŸ”’ ContraseÃ±a ingresada.
  &amp#27;[32mAnd &amp#27;[0m&amp#27;[32mel usuario ingresa la contraseÃƒÂ±a &amp#27;[0m&amp#27;[32m&amp#27;[1m"password_incorrecta"&amp#27;[0m      &amp#27;[90m# com.automation.script.InicioSession.Feature.InicioSessionStep.elUsuarioIngresaLaContrasena(java.lang.String)&amp#27;[0m
ðŸ–±ï¸ Clic en botÃ³n Ingresar
  &amp#27;[32mAnd &amp#27;[0m&amp#27;[32mel usuario hace clic en el botÃƒÂ³n &amp#27;[0m&amp#27;[32m&amp#27;[1m"Ingresar"&amp#27;[0m                 &amp#27;[90m# com.automation.script.InicioSession.Feature.InicioSessionStep.elUsuarioHaceClicEnElBoton(java.lang.String)&amp#27;[0m
âœ… Mensaje de error correcto: Epic sadface: Username and password do not match any user in this service
  &amp#27;[32mThen &amp#27;[0m&amp#27;[32mel sistema debe mostrar el mensaje de error &amp#27;[0m&amp#27;[32m&amp#27;[1m"do not match"&amp#27;[0m &amp#27;[90m# com.automation.script.InicioSession.Feature.InicioSessionStep.elSistemaDebeMostrarMensajeDeError(java.lang.String)&amp#27;[0m
âœ… Escenario EXITOSO: Inicio de sesiÃ³n fallido con credenciales incorrectas
âœ… Driver cerrado correctamente.
]]></system-out>
    <system-err><![CDATA[[main] INFO io.github.bonigarcia.wdm.WebDriverManager - Using chromedriver 145.0.7632.77 (resolved driver for Chrome 145)
[main] INFO io.github.bonigarcia.wdm.WebDriverManager - Exporting webdriver.chrome.driver as C:\Users\USUARIO\.cache\selenium\chromedriver\win64\145.0.7632.77\chromedriver.exe
feb 22, 2026 11:47:15 P.Â M. org.openqa.selenium.devtools.CdpVersionFinder findNearestMatch
WARNING: Unable to find CDP implementation matching 145
feb 22, 2026 11:47:15 P.Â M. org.openqa.selenium.chromium.ChromiumDriver lambda$new$5
WARNING: Unable to find version of CDP to use for 145.0.7632.76. You may need to include a dependency on a specific version of the CDP using something similar to `org.seleniumhq.selenium:selenium-devtools-v86:4.15.0` where the version ("v86") matches the version of the chromium-based browser you're using and the version number of the artifact is the same as Selenium's.
]]></system-err>
  </testcase>
  <testcase name="Inicio de sesiÃ³n con campo de usuario vacÃ­o" classname="Inicio de SesiÃ³n - Saucedemo" time="3.166">
    <system-out><![CDATA[
@InicioSession @LoginCamposVacios @SauceDemo
Scenario: Inicio de sesiÃƒÂ³n con campo de usuario vacÃƒÂ­o                     &amp#27;[90m# Scenarios/inicioSession/inicioSession.feature:41&amp#27;[0m

ðŸš€ Iniciando escenario: Inicio de sesiÃ³n con campo de usuario vacÃ­o
âœ… Driver iniciado: CHROME
ðŸŒ Navegando a: https://www.saucedemo.com/
ðŸŒ PÃ¡gina de login abierta.
  &amp#27;[32mGiven &amp#27;[0m&amp#27;[32mque el usuario abre el navegador y accede al sistema&amp#27;[0m              &amp#27;[90m# com.automation.script.InicioSession.Feature.InicioSessionStep.queElUsuarioAbreElNavegador()&amp#27;[0m
âš ï¸ No se ingresan datos - campos vacÃ­os.
  &amp#27;[32mWhen &amp#27;[0m&amp#27;[32mel usuario no ingresa ningÃƒÂºn dato&amp#27;[0m                                  &amp#27;[90m# com.automation.script.InicioSession.Feature.InicioSessionStep.elUsuarioNoIngresaNingunDato()&amp#27;[0m
ðŸ–±ï¸ Clic en botÃ³n Ingresar
  &amp#27;[32mAnd &amp#27;[0m&amp#27;[32mel usuario hace clic en el botÃƒÂ³n &amp#27;[0m&amp#27;[32m&amp#27;[1m"Ingresar"&amp#27;[0m                         &amp#27;[90m# com.automation.script.InicioSession.Feature.InicioSessionStep.elUsuarioHaceClicEnElBoton(java.lang.String)&amp#27;[0m
âœ… Mensaje de error correcto: Epic sadface: Username is required
  &amp#27;[32mThen &amp#27;[0m&amp#27;[32mel sistema debe mostrar el mensaje de error &amp#27;[0m&amp#27;[32m&amp#27;[1m"Username is required"&amp#27;[0m &amp#27;[90m# com.automation.script.InicioSession.Feature.InicioSessionStep.elSistemaDebeMostrarMensajeDeError(java.lang.String)&amp#27;[0m
âœ… Escenario EXITOSO: Inicio de sesiÃ³n con campo de usuario vacÃ­o
âœ… Driver cerrado correctamente.
]]></system-out>
    <system-err><![CDATA[[main] INFO io.github.bonigarcia.wdm.WebDriverManager - Using chromedriver 145.0.7632.77 (resolved driver for Chrome 145)
[main] INFO io.github.bonigarcia.wdm.WebDriverManager - Exporting webdriver.chrome.driver as C:\Users\USUARIO\.cache\selenium\chromedriver\win64\145.0.7632.77\chromedriver.exe
feb 22, 2026 11:47:20 P.Â M. org.openqa.selenium.devtools.CdpVersionFinder findNearestMatch
WARNING: Unable to find CDP implementation matching 145
feb 22, 2026 11:47:20 P.Â M. org.openqa.selenium.chromium.ChromiumDriver lambda$new$5
WARNING: Unable to find version of CDP to use for 145.0.7632.76. You may need to include a dependency on a specific version of the CDP using something similar to `org.seleniumhq.selenium:selenium-devtools-v86:4.15.0` where the version ("v86") matches the version of the chromium-based browser you're using and the version number of the artifact is the same as Selenium's.
]]></system-err>
  </testcase>
</testsuite>