<?xml version="1.0" encoding="UTF-8"?>
<testsuite xmlns:xsi="http://www.w3.org/2001/XMLSchema-instance" xsi:noNamespaceSchemaLocation="https://maven.apache.org/surefire/maven-surefire-plugin/xsd/surefire-test-report-3.0.xsd" version="3.0" name="TestSuite" time="40.075" tests="8" errors="0" skipped="0" failures="3">
  <properties>
    <property name="java.specification.version" value="17"/>
    <property name="webdriver.chrome.driver" value="C:\Users\USUARIO\.cache\selenium\chromedriver\win64\145.0.7632.117\chromedriver.exe"/>
    <property name="sun.cpu.isalist" value="amd64"/>
    <property name="sun.jnu.encoding" value="Cp1252"/>
    <property name="java.class.path" value="J:\Workspace\BANCOPICHINCHA\AutomationCorebank\target\test-classes;J:\Workspace\BANCOPICHINCHA\AutomationCorebank\target\classes;C:\Users\USUARIO\.m2\repository\org\seleniumhq\selenium\selenium-java\4.15.0\selenium-java-4.15.0.jar;C:\Users\USUARIO\.m2\repository\org\seleniumhq\selenium\selenium-api\4.15.0\selenium-api-4.15.0.jar;C:\Users\USUARIO\.m2\repository\org\seleniumhq\selenium\selenium-chrome-driver\4.15.0\selenium-chrome-driver-4.15.0.jar;C:\Users\USUARIO\.m2\repository\com\google\auto\service\auto-service-annotations\1.1.1\auto-service-annotations-1.1.1.jar;C:\Users\USUARIO\.m2\repository\org\seleniumhq\selenium\selenium-chromium-driver\4.15.0\selenium-chromium-driver-4.15.0.jar;C:\Users\USUARIO\.m2\repository\org\seleniumhq\selenium\selenium-json\4.15.0\selenium-json-4.15.0.jar;C:\Users\USUARIO\.m2\repository\org\seleniumhq\selenium\selenium-manager\4.15.0\selenium-manager-4.15.0.jar;C:\Users\USUARIO\.m2\repository\org\seleniumhq\selenium\selenium-devtools-v117\4.15.0\selenium-devtools-v117-4.15.0.jar;C:\Users\USUARIO\.m2\repository\org\seleniumhq\selenium\selenium-devtools-v118\4.15.0\selenium-devtools-v118-4.15.0.jar;C:\Users\USUARIO\.m2\repository\org\seleniumhq\selenium\selenium-devtools-v119\4.15.0\selenium-devtools-v119-4.15.0.jar;C:\Users\USUARIO\.m2\repository\org\seleniumhq\selenium\selenium-devtools-v85\4.15.0\selenium-devtools-v85-4.15.0.jar;C:\Users\USUARIO\.m2\repository\org\seleniumhq\selenium\selenium-edge-driver\4.15.0\selenium-edge-driver-4.15.0.jar;C:\Users\USUARIO\.m2\repository\org\seleniumhq\selenium\selenium-firefox-driver\4.15.0\selenium-firefox-driver-4.15.0.jar;C:\Users\USUARIO\.m2\repository\org\seleniumhq\selenium\selenium-http\4.15.0\selenium-http-4.15.0.jar;C:\Users\USUARIO\.m2\repository\dev\failsafe\failsafe\3.3.2\failsafe-3.3.2.jar;C:\Users\USUARIO\.m2\repository\org\seleniumhq\selenium\selenium-ie-driver\4.15.0\selenium-ie-driver-4.15.0.jar;C:\Users\USUARIO\.m2\repository\org\seleniumhq\selenium\selenium-remote-driver\4.15.0\selenium-remote-driver-4.15.0.jar;C:\Users\USUARIO\.m2\repository\com\google\guava\guava\32.1.2-jre\guava-32.1.2-jre.jar;C:\Users\USUARIO\.m2\repository\com\google\guava\failureaccess\1.0.1\failureaccess-1.0.1.jar;C:\Users\USUARIO\.m2\repository\com\google\guava\listenablefuture\9999.0-empty-to-avoid-conflict-with-guava\listenablefuture-9999.0-empty-to-avoid-conflict-with-guava.jar;C:\Users\USUARIO\.m2\repository\com\google\code\findbugs\jsr305\3.0.2\jsr305-3.0.2.jar;C:\Users\USUARIO\.m2\repository\org\checkerframework\checker-qual\3.33.0\checker-qual-3.33.0.jar;C:\Users\USUARIO\.m2\repository\com\google\errorprone\error_prone_annotations\2.18.0\error_prone_annotations-2.18.0.jar;C:\Users\USUARIO\.m2\repository\com\google\j2objc\j2objc-annotations\2.8\j2objc-annotations-2.8.jar;C:\Users\USUARIO\.m2\repository\io\opentelemetry\opentelemetry-api\1.28.0\opentelemetry-api-1.28.0.jar;C:\Users\USUARIO\.m2\repository\io\opentelemetry\opentelemetry-context\1.28.0\opentelemetry-context-1.28.0.jar;C:\Users\USUARIO\.m2\repository\io\opentelemetry\opentelemetry-exporter-logging\1.28.0\opentelemetry-exporter-logging-1.28.0.jar;C:\Users\USUARIO\.m2\repository\io\opentelemetry\opentelemetry-sdk-metrics\1.28.0\opentelemetry-sdk-metrics-1.28.0.jar;C:\Users\USUARIO\.m2\repository\io\opentelemetry\opentelemetry-extension-incubator\1.28.0-alpha\opentelemetry-extension-incubator-1.28.0-alpha.jar;C:\Users\USUARIO\.m2\repository\io\opentelemetry\opentelemetry-sdk-logs\1.28.0\opentelemetry-sdk-logs-1.28.0.jar;C:\Users\USUARIO\.m2\repository\io\opentelemetry\opentelemetry-sdk-common\1.28.0\opentelemetry-sdk-common-1.28.0.jar;C:\Users\USUARIO\.m2\repository\io\opentelemetry\opentelemetry-sdk-extension-autoconfigure-spi\1.28.0\opentelemetry-sdk-extension-autoconfigure-spi-1.28.0.jar;C:\Users\USUARIO\.m2\repository\io\opentelemetry\opentelemetry-sdk-extension-autoconfigure\1.28.0\opentelemetry-sdk-extension-autoconfigure-1.28.0.jar;C:\Users\USUARIO\.m2\repository\io\opentelemetry\opentelemetry-api-events\1.28.0-alpha\opentelemetry-api-events-1.28.0-alpha.jar;C:\Users\USUARIO\.m2\repository\io\opentelemetry\opentelemetry-sdk-trace\1.28.0\opentelemetry-sdk-trace-1.28.0.jar;C:\Users\USUARIO\.m2\repository\io\opentelemetry\opentelemetry-sdk\1.28.0\opentelemetry-sdk-1.28.0.jar;C:\Users\USUARIO\.m2\repository\io\opentelemetry\opentelemetry-semconv\1.28.0-alpha\opentelemetry-semconv-1.28.0-alpha.jar;C:\Users\USUARIO\.m2\repository\net\bytebuddy\byte-buddy\1.14.5\byte-buddy-1.14.5.jar;C:\Users\USUARIO\.m2\repository\org\seleniumhq\selenium\selenium-os\4.15.0\selenium-os-4.15.0.jar;C:\Users\USUARIO\.m2\repository\org\apache\commons\commons-exec\1.3\commons-exec-1.3.jar;C:\Users\USUARIO\.m2\repository\org\seleniumhq\selenium\selenium-safari-driver\4.15.0\selenium-safari-driver-4.15.0.jar;C:\Users\USUARIO\.m2\repository\org\seleniumhq\selenium\selenium-support\4.15.0\selenium-support-4.15.0.jar;C:\Users\USUARIO\.m2\repository\io\github\bonigarcia\webdrivermanager\5.6.3\webdrivermanager-5.6.3.jar;C:\Users\USUARIO\.m2\repository\org\slf4j\slf4j-api\2.0.10\slf4j-api-2.0.10.jar;C:\Users\USUARIO\.m2\repository\com\google\code\gson\gson\2.10.1\gson-2.10.1.jar;C:\Users\USUARIO\.m2\repository\com\github\docker-java\docker-java\3.3.4\docker-java-3.3.4.jar;C:\Users\USUARIO\.m2\repository\com\github\docker-java\docker-java-core\3.3.4\docker-java-core-3.3.4.jar;C:\Users\USUARIO\.m2\repository\com\github\docker-java\docker-java-api\3.3.4\docker-java-api-3.3.4.jar;C:\Users\USUARIO\.m2\repository\com\fasterxml\jackson\core\jackson-annotations\2.10.3\jackson-annotations-2.10.3.jar;C:\Users\USUARIO\.m2\repository\commons-io\commons-io\2.13.0\commons-io-2.13.0.jar;C:\Users\USUARIO\.m2\repository\com\fasterxml\jackson\core\jackson-databind\2.10.3\jackson-databind-2.10.3.jar;C:\Users\USUARIO\.m2\repository\com\fasterxml\jackson\core\jackson-core\2.10.3\jackson-core-2.10.3.jar;C:\Users\USUARIO\.m2\repository\org\bouncycastle\bcpkix-jdk18on\1.76\bcpkix-jdk18on-1.76.jar;C:\Users\USUARIO\.m2\repository\org\bouncycastle\bcprov-jdk18on\1.76\bcprov-jdk18on-1.76.jar;C:\Users\USUARIO\.m2\repository\org\bouncycastle\bcutil-jdk18on\1.76\bcutil-jdk18on-1.76.jar;C:\Users\USUARIO\.m2\repository\org\slf4j\jcl-over-slf4j\1.7.30\jcl-over-slf4j-1.7.30.jar;C:\Users\USUARIO\.m2\repository\com\github\docker-java\docker-java-transport-httpclient5\3.3.4\docker-java-transport-httpclient5-3.3.4.jar;C:\Users\USUARIO\.m2\repository\com\github\docker-java\docker-java-transport\3.3.4\docker-java-transport-3.3.4.jar;C:\Users\USUARIO\.m2\repository\net\java\dev\jna\jna\5.13.0\jna-5.13.0.jar;C:\Users\USUARIO\.m2\repository\org\brotli\dec\0.1.2\dec-0.1.2.jar;C:\Users\USUARIO\.m2\repository\org\apache\commons\commons-compress\1.25.0\commons-compress-1.25.0.jar;C:\Users\USUARIO\.m2\repository\org\apache\httpcomponents\client5\httpclient5\5.2.1\httpclient5-5.2.1.jar;C:\Users\USUARIO\.m2\repository\org\apache\httpcomponents\core5\httpcore5\5.2\httpcore5-5.2.jar;C:\Users\USUARIO\.m2\repository\org\apache\httpcomponents\core5\httpcore5-h2\5.2\httpcore5-h2-5.2.jar;C:\Users\USUARIO\.m2\repository\io\cucumber\cucumber-java\7.14.0\cucumber-java-7.14.0.jar;C:\Users\USUARIO\.m2\repository\io\cucumber\cucumber-core\7.14.0\cucumber-core-7.14.0.jar;C:\Users\USUARIO\.m2\repository\io\cucumber\cucumber-gherkin\7.14.0\cucumber-gherkin-7.14.0.jar;C:\Users\USUARIO\.m2\repository\io\cucumber\cucumber-gherkin-messages\7.14.0\cucumber-gherkin-messages-7.14.0.jar;C:\Users\USUARIO\.m2\repository\io\cucumber\gherkin\26.2.0\gherkin-26.2.0.jar;C:\Users\USUARIO\.m2\repository\io\cucumber\messages\22.0.0\messages-22.0.0.jar;C:\Users\USUARIO\.m2\repository\io\cucumber\tag-expressions\5.0.6\tag-expressions-5.0.6.jar;C:\Users\USUARIO\.m2\repository\io\cucumber\cucumber-expressions\16.1.2\cucumber-expressions-16.1.2.jar;C:\Users\USUARIO\.m2\repository\io\cucumber\datatable\7.14.0\datatable-7.14.0.jar;C:\Users\USUARIO\.m2\repository\io\cucumber\cucumber-plugin\7.14.0\cucumber-plugin-7.14.0.jar;C:\Users\USUARIO\.m2\repository\io\cucumber\docstring\7.14.0\docstring-7.14.0.jar;C:\Users\USUARIO\.m2\repository\io\cucumber\html-formatter\20.4.0\html-formatter-20.4.0.jar;C:\Users\USUARIO\.m2\repository\io\cucumber\junit-xml-formatter\0.2.0\junit-xml-formatter-0.2.0.jar;C:\Users\USUARIO\.m2\repository\io\cucumber\ci-environment\9.2.0\ci-environment-9.2.0.jar;C:\Users\USUARIO\.m2\repository\org\apiguardian\apiguardian-api\1.1.2\apiguardian-api-1.1.2.jar;C:\Users\USUARIO\.m2\repository\io\cucumber\cucumber-testng\7.14.0\cucumber-testng-7.14.0.jar;C:\Users\USUARIO\.m2\repository\org\testng\testng\7.8.0\testng-7.8.0.jar;C:\Users\USUARIO\.m2\repository\com\beust\jcommander\1.82\jcommander-1.82.jar;C:\Users\USUARIO\.m2\repository\org\webjars\jquery\3.6.1\jquery-3.6.1.jar;C:\Users\USUARIO\.m2\repository\org\slf4j\slf4j-simple\2.0.9\slf4j-simple-2.0.9.jar;C:\Users\USUARIO\.m2\repository\tech\grasshopper\extentreports-cucumber7-adapter\1.14.0\extentreports-cucumber7-adapter-1.14.0.jar;C:\Users\USUARIO\.m2\repository\tech\grasshopper\extent-pdf-report\2.12.0\extent-pdf-report-2.12.0.jar;C:\Users\USUARIO\.m2\repository\tech\grasshopper\cucumber-pdf-report\2.14.0\cucumber-pdf-report-2.14.0.jar;C:\Users\USUARIO\.m2\repository\org\apache\pdfbox\pdfbox\2.0.26\pdfbox-2.0.26.jar;C:\Users\USUARIO\.m2\repository\org\apache\pdfbox\fontbox\2.0.26\fontbox-2.0.26.jar;C:\Users\USUARIO\.m2\repository\org\knowm\xchart\xchart\3.8.0\xchart-3.8.0.jar;C:\Users\USUARIO\.m2\repository\de\erichseifert\vectorgraphics2d\VectorGraphics2D\0.13\VectorGraphics2D-0.13.jar;C:\Users\USUARIO\.m2\repository\de\rototor\pdfbox\graphics2d\0.30\graphics2d-0.30.jar;C:\Users\USUARIO\.m2\repository\com\madgag\animated-gif-lib\1.4\animated-gif-lib-1.4.jar;C:\Users\USUARIO\.m2\repository\org\yaml\snakeyaml\2.0\snakeyaml-2.0.jar;C:\Users\USUARIO\.m2\repository\tech\grasshopper\table-layout\1.5.1\table-layout-1.5.1.jar;C:\Users\USUARIO\.m2\repository\tech\grasshopper\rest-assured-cucumber-pdf-report\1.5.0\rest-assured-cucumber-pdf-report-1.5.0.jar;C:\Users\USUARIO\.m2\repository\org\jsoup\jsoup\1.15.3\jsoup-1.15.3.jar;C:\Users\USUARIO\.m2\repository\com\aventstack\klov-reporter\5.1.0\klov-reporter-5.1.0.jar;C:\Users\USUARIO\.m2\repository\org\mongodb\mongodb-driver\3.6.4\mongodb-driver-3.6.4.jar;C:\Users\USUARIO\.m2\repository\org\mongodb\mongodb-driver-core\3.6.4\mongodb-driver-core-3.6.4.jar;C:\Users\USUARIO\.m2\repository\org\mongodb\bson\3.6.4\bson-3.6.4.jar;C:\Users\USUARIO\.m2\repository\org\apache\httpcomponents\httpclient\4.5.13\httpclient-4.5.13.jar;C:\Users\USUARIO\.m2\repository\org\apache\httpcomponents\httpcore\4.4.13\httpcore-4.4.13.jar;C:\Users\USUARIO\.m2\repository\commons-logging\commons-logging\1.2\commons-logging-1.2.jar;C:\Users\USUARIO\.m2\repository\commons-codec\commons-codec\1.11\commons-codec-1.11.jar;C:\Users\USUARIO\.m2\repository\org\apache\httpcomponents\httpmime\4.5.13\httpmime-4.5.13.jar;C:\Users\USUARIO\.m2\repository\tech\grasshopper\htmlextentreporter\1.1.0\htmlextentreporter-1.1.0.jar;C:\Users\USUARIO\.m2\repository\tech\grasshopper\extent-excel-report\1.4.0\extent-excel-report-1.4.0.jar;C:\Users\USUARIO\.m2\repository\org\apache\poi\poi\5.2.3\poi-5.2.3.jar;C:\Users\USUARIO\.m2\repository\org\apache\commons\commons-collections4\4.4\commons-collections4-4.4.jar;C:\Users\USUARIO\.m2\repository\org\apache\commons\commons-math3\3.6.1\commons-math3-3.6.1.jar;C:\Users\USUARIO\.m2\repository\com\zaxxer\SparseBitSet\1.2\SparseBitSet-1.2.jar;C:\Users\USUARIO\.m2\repository\org\apache\logging\log4j\log4j-api\2.18.0\log4j-api-2.18.0.jar;C:\Users\USUARIO\.m2\repository\org\apache\poi\poi-ooxml\5.2.3\poi-ooxml-5.2.3.jar;C:\Users\USUARIO\.m2\repository\org\apache\poi\poi-ooxml-lite\5.2.3\poi-ooxml-lite-5.2.3.jar;C:\Users\USUARIO\.m2\repository\org\apache\xmlbeans\xmlbeans\5.1.1\xmlbeans-5.1.1.jar;C:\Users\USUARIO\.m2\repository\com\github\virtuald\curvesapi\1.07\curvesapi-1.07.jar;C:\Users\USUARIO\.m2\repository\com\aventstack\extentreports\5.1.1\extentreports-5.1.1.jar;C:\Users\USUARIO\.m2\repository\io\reactivex\rxjava3\rxjava\3.1.6\rxjava-3.1.6.jar;C:\Users\USUARIO\.m2\repository\org\reactivestreams\reactive-streams\1.0.4\reactive-streams-1.0.4.jar;C:\Users\USUARIO\.m2\repository\org\freemarker\freemarker\2.3.32\freemarker-2.3.32.jar;C:\Users\USUARIO\.m2\repository\org\projectlombok\lombok\1.18.26\lombok-1.18.26.jar;C:\Users\USUARIO\.m2\repository\org\apache\commons\commons-lang3\3.13.0\commons-lang3-3.13.0.jar;"/>
    <property name="java.vm.vendor" value="Oracle Corporation"/>
    <property name="sun.arch.data.model" value="64"/>
    <property name="user.variant" value=""/>
    <property name="java.vendor.url" value="https://java.oracle.com/"/>
    <property name="user.timezone" value="America/Bogota"/>
    <property name="os.name" value="Windows 10"/>
    <property name="java.vm.specification.version" value="17"/>
    <property name="sun.java.launcher" value="SUN_STANDARD"/>
    <property name="user.country" value="ES"/>
    <property name="sun.boot.library.path" value="C:\Program Files\Java\jdk-17\bin"/>
    <property name="sun.java.command" value="C:\Users\USUARIO\AppData\Local\Temp\surefire15862267690790512781\surefirebooter-20260224004649917_3.jar C:\Users\USUARIO\AppData\Local\Temp\surefire15862267690790512781 2026-02-24T00-46-49_693-jvmRun1 surefire-20260224004649917_1tmp surefire_0-20260224004649917_2tmp"/>
    <property name="jdk.debug" value="release"/>
    <property name="surefire.test.class.path" value="J:\Workspace\BANCOPICHINCHA\AutomationCorebank\target\test-classes;J:\Workspace\BANCOPICHINCHA\AutomationCorebank\target\classes;C:\Users\USUARIO\.m2\repository\org\seleniumhq\selenium\selenium-java\4.15.0\selenium-java-4.15.0.jar;C:\Users\USUARIO\.m2\repository\org\seleniumhq\selenium\selenium-api\4.15.0\selenium-api-4.15.0.jar;C:\Users\USUARIO\.m2\repository\org\seleniumhq\selenium\selenium-chrome-driver\4.15.0\selenium-chrome-driver-4.15.0.jar;C:\Users\USUARIO\.m2\repository\com\google\auto\service\auto-service-annotations\1.1.1\auto-service-annotations-1.1.1.jar;C:\Users\USUARIO\.m2\repository\org\seleniumhq\selenium\selenium-chromium-driver\4.15.0\selenium-chromium-driver-4.15.0.jar;C:\Users\USUARIO\.m2\repository\org\seleniumhq\selenium\selenium-json\4.15.0\selenium-json-4.15.0.jar;C:\Users\USUARIO\.m2\repository\org\seleniumhq\selenium\selenium-manager\4.15.0\selenium-manager-4.15.0.jar;C:\Users\USUARIO\.m2\repository\org\seleniumhq\selenium\selenium-devtools-v117\4.15.0\selenium-devtools-v117-4.15.0.jar;C:\Users\USUARIO\.m2\repository\org\seleniumhq\selenium\selenium-devtools-v118\4.15.0\selenium-devtools-v118-4.15.0.jar;C:\Users\USUARIO\.m2\repository\org\seleniumhq\selenium\selenium-devtools-v119\4.15.0\selenium-devtools-v119-4.15.0.jar;C:\Users\USUARIO\.m2\repository\org\seleniumhq\selenium\selenium-devtools-v85\4.15.0\selenium-devtools-v85-4.15.0.jar;C:\Users\USUARIO\.m2\repository\org\seleniumhq\selenium\selenium-edge-driver\4.15.0\selenium-edge-driver-4.15.0.jar;C:\Users\USUARIO\.m2\repository\org\seleniumhq\selenium\selenium-firefox-driver\4.15.0\selenium-firefox-driver-4.15.0.jar;C:\Users\USUARIO\.m2\repository\org\seleniumhq\selenium\selenium-http\4.15.0\selenium-http-4.15.0.jar;C:\Users\USUARIO\.m2\repository\dev\failsafe\failsafe\3.3.2\failsafe-3.3.2.jar;C:\Users\USUARIO\.m2\repository\org\seleniumhq\selenium\selenium-ie-driver\4.15.0\selenium-ie-driver-4.15.0.jar;C:\Users\USUARIO\.m2\repository\org\seleniumhq\selenium\selenium-remote-driver\4.15.0\selenium-remote-driver-4.15.0.jar;C:\Users\USUARIO\.m2\repository\com\google\guava\guava\32.1.2-jre\guava-32.1.2-jre.jar;C:\Users\USUARIO\.m2\repository\com\google\guava\failureaccess\1.0.1\failureaccess-1.0.1.jar;C:\Users\USUARIO\.m2\repository\com\google\guava\listenablefuture\9999.0-empty-to-avoid-conflict-with-guava\listenablefuture-9999.0-empty-to-avoid-conflict-with-guava.jar;C:\Users\USUARIO\.m2\repository\com\google\code\findbugs\jsr305\3.0.2\jsr305-3.0.2.jar;C:\Users\USUARIO\.m2\repository\org\checkerframework\checker-qual\3.33.0\checker-qual-3.33.0.jar;C:\Users\USUARIO\.m2\repository\com\google\errorprone\error_prone_annotations\2.18.0\error_prone_annotations-2.18.0.jar;C:\Users\USUARIO\.m2\repository\com\google\j2objc\j2objc-annotations\2.8\j2objc-annotations-2.8.jar;C:\Users\USUARIO\.m2\repository\io\opentelemetry\opentelemetry-api\1.28.0\opentelemetry-api-1.28.0.jar;C:\Users\USUARIO\.m2\repository\io\opentelemetry\opentelemetry-context\1.28.0\opentelemetry-context-1.28.0.jar;C:\Users\USUARIO\.m2\repository\io\opentelemetry\opentelemetry-exporter-logging\1.28.0\opentelemetry-exporter-logging-1.28.0.jar;C:\Users\USUARIO\.m2\repository\io\opentelemetry\opentelemetry-sdk-metrics\1.28.0\opentelemetry-sdk-metrics-1.28.0.jar;C:\Users\USUARIO\.m2\repository\io\opentelemetry\opentelemetry-extension-incubator\1.28.0-alpha\opentelemetry-extension-incubator-1.28.0-alpha.jar;C:\Users\USUARIO\.m2\repository\io\opentelemetry\opentelemetry-sdk-logs\1.28.0\opentelemetry-sdk-logs-1.28.0.jar;C:\Users\USUARIO\.m2\repository\io\opentelemetry\opentelemetry-sdk-common\1.28.0\opentelemetry-sdk-common-1.28.0.jar;C:\Users\USUARIO\.m2\repository\io\opentelemetry\opentelemetry-sdk-extension-autoconfigure-spi\1.28.0\opentelemetry-sdk-extension-autoconfigure-spi-1.28.0.jar;C:\Users\USUARIO\.m2\repository\io\opentelemetry\opentelemetry-sdk-extension-autoconfigure\1.28.0\opentelemetry-sdk-extension-autoconfigure-1.28.0.jar;C:\Users\USUARIO\.m2\repository\io\opentelemetry\opentelemetry-api-events\1.28.0-alpha\opentelemetry-api-events-1.28.0-alpha.jar;C:\Users\USUARIO\.m2\repository\io\opentelemetry\opentelemetry-sdk-trace\1.28.0\opentelemetry-sdk-trace-1.28.0.jar;C:\Users\USUARIO\.m2\repository\io\opentelemetry\opentelemetry-sdk\1.28.0\opentelemetry-sdk-1.28.0.jar;C:\Users\USUARIO\.m2\repository\io\opentelemetry\opentelemetry-semconv\1.28.0-alpha\opentelemetry-semconv-1.28.0-alpha.jar;C:\Users\USUARIO\.m2\repository\net\bytebuddy\byte-buddy\1.14.5\byte-buddy-1.14.5.jar;C:\Users\USUARIO\.m2\repository\org\seleniumhq\selenium\selenium-os\4.15.0\selenium-os-4.15.0.jar;C:\Users\USUARIO\.m2\repository\org\apache\commons\commons-exec\1.3\commons-exec-1.3.jar;C:\Users\USUARIO\.m2\repository\org\seleniumhq\selenium\selenium-safari-driver\4.15.0\selenium-safari-driver-4.15.0.jar;C:\Users\USUARIO\.m2\repository\org\seleniumhq\selenium\selenium-support\4.15.0\selenium-support-4.15.0.jar;C:\Users\USUARIO\.m2\repository\io\github\bonigarcia\webdrivermanager\5.6.3\webdrivermanager-5.6.3.jar;C:\Users\USUARIO\.m2\repository\org\slf4j\slf4j-api\2.0.10\slf4j-api-2.0.10.jar;C:\Users\USUARIO\.m2\repository\com\google\code\gson\gson\2.10.1\gson-2.10.1.jar;C:\Users\USUARIO\.m2\repository\com\github\docker-java\docker-java\3.3.4\docker-java-3.3.4.jar;C:\Users\USUARIO\.m2\repository\com\github\docker-java\docker-java-core\3.3.4\docker-java-core-3.3.4.jar;C:\Users\USUARIO\.m2\repository\com\github\docker-java\docker-java-api\3.3.4\docker-java-api-3.3.4.jar;C:\Users\USUARIO\.m2\repository\com\fasterxml\jackson\core\jackson-annotations\2.10.3\jackson-annotations-2.10.3.jar;C:\Users\USUARIO\.m2\repository\commons-io\commons-io\2.13.0\commons-io-2.13.0.jar;C:\Users\USUARIO\.m2\repository\com\fasterxml\jackson\core\jackson-databind\2.10.3\jackson-databind-2.10.3.jar;C:\Users\USUARIO\.m2\repository\com\fasterxml\jackson\core\jackson-core\2.10.3\jackson-core-2.10.3.jar;C:\Users\USUARIO\.m2\repository\org\bouncycastle\bcpkix-jdk18on\1.76\bcpkix-jdk18on-1.76.jar;C:\Users\USUARIO\.m2\repository\org\bouncycastle\bcprov-jdk18on\1.76\bcprov-jdk18on-1.76.jar;C:\Users\USUARIO\.m2\repository\org\bouncycastle\bcutil-jdk18on\1.76\bcutil-jdk18on-1.76.jar;C:\Users\USUARIO\.m2\repository\org\slf4j\jcl-over-slf4j\1.7.30\jcl-over-slf4j-1.7.30.jar;C:\Users\USUARIO\.m2\repository\com\github\docker-java\docker-java-transport-httpclient5\3.3.4\docker-java-transport-httpclient5-3.3.4.jar;C:\Users\USUARIO\.m2\repository\com\github\docker-java\docker-java-transport\3.3.4\docker-java-transport-3.3.4.jar;C:\Users\USUARIO\.m2\repository\net\java\dev\jna\jna\5.13.0\jna-5.13.0.jar;C:\Users\USUARIO\.m2\repository\org\brotli\dec\0.1.2\dec-0.1.2.jar;C:\Users\USUARIO\.m2\repository\org\apache\commons\commons-compress\1.25.0\commons-compress-1.25.0.jar;C:\Users\USUARIO\.m2\repository\org\apache\httpcomponents\client5\httpclient5\5.2.1\httpclient5-5.2.1.jar;C:\Users\USUARIO\.m2\repository\org\apache\httpcomponents\core5\httpcore5\5.2\httpcore5-5.2.jar;C:\Users\USUARIO\.m2\repository\org\apache\httpcomponents\core5\httpcore5-h2\5.2\httpcore5-h2-5.2.jar;C:\Users\USUARIO\.m2\repository\io\cucumber\cucumber-java\7.14.0\cucumber-java-7.14.0.jar;C:\Users\USUARIO\.m2\repository\io\cucumber\cucumber-core\7.14.0\cucumber-core-7.14.0.jar;C:\Users\USUARIO\.m2\repository\io\cucumber\cucumber-gherkin\7.14.0\cucumber-gherkin-7.14.0.jar;C:\Users\USUARIO\.m2\repository\io\cucumber\cucumber-gherkin-messages\7.14.0\cucumber-gherkin-messages-7.14.0.jar;C:\Users\USUARIO\.m2\repository\io\cucumber\gherkin\26.2.0\gherkin-26.2.0.jar;C:\Users\USUARIO\.m2\repository\io\cucumber\messages\22.0.0\messages-22.0.0.jar;C:\Users\USUARIO\.m2\repository\io\cucumber\tag-expressions\5.0.6\tag-expressions-5.0.6.jar;C:\Users\USUARIO\.m2\repository\io\cucumber\cucumber-expressions\16.1.2\cucumber-expressions-16.1.2.jar;C:\Users\USUARIO\.m2\repository\io\cucumber\datatable\7.14.0\datatable-7.14.0.jar;C:\Users\USUARIO\.m2\repository\io\cucumber\cucumber-plugin\7.14.0\cucumber-plugin-7.14.0.jar;C:\Users\USUARIO\.m2\repository\io\cucumber\docstring\7.14.0\docstring-7.14.0.jar;C:\Users\USUARIO\.m2\repository\io\cucumber\html-formatter\20.4.0\html-formatter-20.4.0.jar;C:\Users\USUARIO\.m2\repository\io\cucumber\junit-xml-formatter\0.2.0\junit-xml-formatter-0.2.0.jar;C:\Users\USUARIO\.m2\repository\io\cucumber\ci-environment\9.2.0\ci-environment-9.2.0.jar;C:\Users\USUARIO\.m2\repository\org\apiguardian\apiguardian-api\1.1.2\apiguardian-api-1.1.2.jar;C:\Users\USUARIO\.m2\repository\io\cucumber\cucumber-testng\7.14.0\cucumber-testng-7.14.0.jar;C:\Users\USUARIO\.m2\repository\org\testng\testng\7.8.0\testng-7.8.0.jar;C:\Users\USUARIO\.m2\repository\com\beust\jcommander\1.82\jcommander-1.82.jar;C:\Users\USUARIO\.m2\repository\org\webjars\jquery\3.6.1\jquery-3.6.1.jar;C:\Users\USUARIO\.m2\repository\org\slf4j\slf4j-simple\2.0.9\slf4j-simple-2.0.9.jar;C:\Users\USUARIO\.m2\repository\tech\grasshopper\extentreports-cucumber7-adapter\1.14.0\extentreports-cucumber7-adapter-1.14.0.jar;C:\Users\USUARIO\.m2\repository\tech\grasshopper\extent-pdf-report\2.12.0\extent-pdf-report-2.12.0.jar;C:\Users\USUARIO\.m2\repository\tech\grasshopper\cucumber-pdf-report\2.14.0\cucumber-pdf-report-2.14.0.jar;C:\Users\USUARIO\.m2\repository\org\apache\pdfbox\pdfbox\2.0.26\pdfbox-2.0.26.jar;C:\Users\USUARIO\.m2\repository\org\apache\pdfbox\fontbox\2.0.26\fontbox-2.0.26.jar;C:\Users\USUARIO\.m2\repository\org\knowm\xchart\xchart\3.8.0\xchart-3.8.0.jar;C:\Users\USUARIO\.m2\repository\de\erichseifert\vectorgraphics2d\VectorGraphics2D\0.13\VectorGraphics2D-0.13.jar;C:\Users\USUARIO\.m2\repository\de\rototor\pdfbox\graphics2d\0.30\graphics2d-0.30.jar;C:\Users\USUARIO\.m2\repository\com\madgag\animated-gif-lib\1.4\animated-gif-lib-1.4.jar;C:\Users\USUARIO\.m2\repository\org\yaml\snakeyaml\2.0\snakeyaml-2.0.jar;C:\Users\USUARIO\.m2\repository\tech\grasshopper\table-layout\1.5.1\table-layout-1.5.1.jar;C:\Users\USUARIO\.m2\repository\tech\grasshopper\rest-assured-cucumber-pdf-report\1.5.0\rest-assured-cucumber-pdf-report-1.5.0.jar;C:\Users\USUARIO\.m2\repository\org\jsoup\jsoup\1.15.3\jsoup-1.15.3.jar;C:\Users\USUARIO\.m2\repository\com\aventstack\klov-reporter\5.1.0\klov-reporter-5.1.0.jar;C:\Users\USUARIO\.m2\repository\org\mongodb\mongodb-driver\3.6.4\mongodb-driver-3.6.4.jar;C:\Users\USUARIO\.m2\repository\org\mongodb\mongodb-driver-core\3.6.4\mongodb-driver-core-3.6.4.jar;C:\Users\USUARIO\.m2\repository\org\mongodb\bson\3.6.4\bson-3.6.4.jar;C:\Users\USUARIO\.m2\repository\org\apache\httpcomponents\httpclient\4.5.13\httpclient-4.5.13.jar;C:\Users\USUARIO\.m2\repository\org\apache\httpcomponents\httpcore\4.4.13\httpcore-4.4.13.jar;C:\Users\USUARIO\.m2\repository\commons-logging\commons-logging\1.2\commons-logging-1.2.jar;C:\Users\USUARIO\.m2\repository\commons-codec\commons-codec\1.11\commons-codec-1.11.jar;C:\Users\USUARIO\.m2\repository\org\apache\httpcomponents\httpmime\4.5.13\httpmime-4.5.13.jar;C:\Users\USUARIO\.m2\repository\tech\grasshopper\htmlextentreporter\1.1.0\htmlextentreporter-1.1.0.jar;C:\Users\USUARIO\.m2\repository\tech\grasshopper\extent-excel-report\1.4.0\extent-excel-report-1.4.0.jar;C:\Users\USUARIO\.m2\repository\org\apache\poi\poi\5.2.3\poi-5.2.3.jar;C:\Users\USUARIO\.m2\repository\org\apache\commons\commons-collections4\4.4\commons-collections4-4.4.jar;C:\Users\USUARIO\.m2\repository\org\apache\commons\commons-math3\3.6.1\commons-math3-3.6.1.jar;C:\Users\USUARIO\.m2\repository\com\zaxxer\SparseBitSet\1.2\SparseBitSet-1.2.jar;C:\Users\USUARIO\.m2\repository\org\apache\logging\log4j\log4j-api\2.18.0\log4j-api-2.18.0.jar;C:\Users\USUARIO\.m2\repository\org\apache\poi\poi-ooxml\5.2.3\poi-ooxml-5.2.3.jar;C:\Users\USUARIO\.m2\repository\org\apache\poi\poi-ooxml-lite\5.2.3\poi-ooxml-lite-5.2.3.jar;C:\Users\USUARIO\.m2\repository\org\apache\xmlbeans\xmlbeans\5.1.1\xmlbeans-5.1.1.jar;C:\Users\USUARIO\.m2\repository\com\github\virtuald\curvesapi\1.07\curvesapi-1.07.jar;C:\Users\USUARIO\.m2\repository\com\aventstack\extentreports\5.1.1\extentreports-5.1.1.jar;C:\Users\USUARIO\.m2\repository\io\reactivex\rxjava3\rxjava\3.1.6\rxjava-3.1.6.jar;C:\Users\USUARIO\.m2\repository\org\reactivestreams\reactive-streams\1.0.4\reactive-streams-1.0.4.jar;C:\Users\USUARIO\.m2\repository\org\freemarker\freemarker\2.3.32\freemarker-2.3.32.jar;C:\Users\USUARIO\.m2\repository\org\projectlombok\lombok\1.18.26\lombok-1.18.26.jar;C:\Users\USUARIO\.m2\repository\org\apache\commons\commons-lang3\3.13.0\commons-lang3-3.13.0.jar;"/>
    <property name="sun.cpu.endian" value="little"/>
    <property name="user.home" value="C:\Users\USUARIO"/>
    <property name="user.language" value="es"/>
    <property name="java.specification.vendor" value="Oracle Corporation"/>
    <property name="java.version.date" value="2024-07-16"/>
    <property name="java.home" value="C:\Program Files\Java\jdk-17"/>
    <property name="file.separator" value="\"/>
    <property name="basedir" value="J:\Workspace\BANCOPICHINCHA\AutomationCorebank"/>
    <property name="java.vm.compressedOopsMode" value="Zero based"/>
    <property name="line.separator" value="&#10;"/>
    <property name="java.vm.specification.vendor" value="Oracle Corporation"/>
    <property name="java.specification.name" value="Java Platform API Specification"/>
    <property name="surefire.real.class.path" value="C:\Users\USUARIO\AppData\Local\Temp\surefire15862267690790512781\surefirebooter-20260224004649917_3.jar"/>
    <property name="user.script" value=""/>
    <property name="sun.management.compiler" value="HotSpot 64-Bit Tiered Compilers"/>
    <property name="java.runtime.version" value="17.0.12+8-LTS-286"/>
    <property name="user.name" value="USUARIO"/>
    <property name="path.separator" value=";"/>
    <property name="os.version" value="10.0"/>
    <property name="java.runtime.name" value="Java(TM) SE Runtime Environment"/>
    <property name="file.encoding" value="Cp1252"/>
    <property name="java.vm.name" value="Java HotSpot(TM) 64-Bit Server VM"/>
    <property name="localRepository" value="C:\Users\USUARIO\.m2\repository"/>
    <property name="java.vendor.url.bug" value="https://bugreport.java.com/bugreport/"/>
    <property name="java.io.tmpdir" value="C:\Users\USUARIO\AppData\Local\Temp\"/>
    <property name="java.version" value="17.0.12"/>
    <property name="cucumber.filter.tags" value=""/>
    <property name="user.dir" value="J:\Workspace\BANCOPICHINCHA\AutomationCorebank"/>
    <property name="os.arch" value="amd64"/>
    <property name="java.vm.specification.name" value="Java Virtual Machine Specification"/>
    <property name="sun.os.patch.level" value=""/>
    <property name="native.encoding" value="Cp1252"/>
    <property name="java.library.path" value="C:\Program Files\Java\jdk-17\bin;C:\Windows\Sun\Java\bin;C:\Windows\system32;C:\Windows;C:\Program Files\Common Files\Oracle\Java\javapath;C:\Windows\system32;C:\Windows;C:\Windows\System32\Wbem;C:\Windows\System32\WindowsPowerShell\v1.0\;C:\Windows\System32\OpenSSH\;C:\laragon\bin\php\php-8.1.10;C:\laragon\bin\php\php-7.4.20-Win32-vc15-x64;C:\ProgramData\ComposerSetup\bin;C:\Program Files\nodejs\;C:\Program Files (x86)\Microsoft SQL Server\160\Tools\Binn\;C:\Program Files\Microsoft SQL Server\160\Tools\Binn\;C:\Program Files\Microsoft SQL Server\Client SDK\ODBC\170\Tools\Binn\;C:\Program Files\Microsoft SQL Server\160\DTS\Binn\;C:\Program Files (x86)\Microsoft SQL Server\160\DTS\Binn\;C:\worksapace\apache-maven-3.8.8-bin\apache-maven-3.8.8\bin;%MAVEN_HOME%\bin;C:\Program Files (x86)\Common Files\Oracle\Java\java8path;C:\Workspace\gradle-8.13\bin;C:\Workspace\sonar-scanner-7.0.2.4839-windows-x64\bin;C:\Workspace\dotnet\dotnet-sdk-8.0.406-win-x64.exe;C:\Program Files\dotnet\;C:\Program Files\Java\jdk-17\bin;C:\Program Files (x86)\ZeroTier\One\;C:\Program Files\Git\cmd;C:\Program Files\Microsoft SQL Server\150\Tools\Binn\;C:\Program Files\Azure Data Studio\bin;C:\Program Files\k6\;c:\Users\USUARIO\AppData\Roaming\Code\User\globalStorage\github.copilot-chat\debugCommand;c:\Users\USUARIO\AppData\Roaming\Code\User\globalStorage\github.copilot-chat\copilotCli;C:\Program Files\Common Files\Oracle\Java\javapath;C:\Windows\system32;C:\Windows;C:\Windows\System32\Wbem;C:\Windows\System32\WindowsPowerShell\v1.0\;C:\Windows\System32\OpenSSH\;C:\laragon\bin\php\php-8.1.10;C:\laragon\bin\php\php-7.4.20-Win32-vc15-x64;C:\ProgramData\ComposerSetup\bin;C:\Program Files\nodejs\;C:\Program Files (x86)\Microsoft SQL Server\160\Tools\Binn\;C:\Program Files\Microsoft SQL Server\160\Tools\Binn\;C:\Program Files\Microsoft SQL Server\Client SDK\ODBC\170\Tools\Binn\;C:\Program Files\Microsoft SQL Server\160\DTS\Binn\;C:\Program Files (x86)\Microsoft SQL Server\160\DTS\Binn\;C:\worksapace\apache-maven-3.8.8-bin\apache-maven-3.8.8\bin;C:\worksapace\apache-maven-3.8.8-bin\apache-maven-3.8.8\bin;C:\Program Files (x86)\Common Files\Oracle\Java\java8path;C:\Workspace\gradle-8.13\bin;C:\Workspace\sonar-scanner-7.0.2.4839-windows-x64\bin;C:\Workspace\dotnet\d;C:\Windows\System32\cmd.exe;C:\Users\USUARIO\AppData\Local\Programs\Microsoft VS Code\bin;C:\Program Files\JetBrains\PyCharm 2025.3.3\bin;."/>
    <property name="java.vm.info" value="mixed mode, sharing"/>
    <property name="java.vendor" value="Oracle Corporation"/>
    <property name="java.vm.version" value="17.0.12+8-LTS-286"/>
    <property name="sun.io.unicode.encoding" value="UnicodeLittle"/>
    <property name="java.class.version" value="61.0"/>
  </properties>
  <testcase name="runScenario[&quot;Agregar un producto al carrito correctamente&quot;, &quot;Agregar Producto al Carrito&quot;](1)" classname="runners.TestRunner" time="5.699">
    <failure message="Cart should contain 1 item(s) expected [1] but found [2]" type="java.lang.AssertionError"><![CDATA[java.lang.AssertionError: Cart should contain 1 item(s) expected [1] but found [2]
	at org.testng.Assert.fail(Assert.java:111)
	at org.testng.Assert.failNotEquals(Assert.java:1578)
	at org.testng.Assert.assertEqualsImpl(Assert.java:150)
	at org.testng.Assert.assertEquals(Assert.java:132)
	at org.testng.Assert.assertEquals(Assert.java:1419)
	at org.testng.Assert.assertEquals(Assert.java:1383)
	at com.automation.business.ProductBusiness.validateCartCount(ProductBusiness.java:51)
	at com.automation.stepdefinitions.ProductSteps.cartShouldHaveItem(ProductSteps.java:51)
	at com.automation.stepdefinitions.ProductSteps.elCarritoDebeMostrarUnProducto(ProductSteps.java:107)
	at ✽.el carrito debe mostrar 1 producto(file:///J:/Workspace/BANCOPICHINCHA/AutomationCorebank/Scenarios/agregarCarrito/agregarCarrito.feature:16)
]]></failure>
    <system-out><![CDATA[
@AgregarCarrito @AgregarProductoExitoso @Order_1
Scenario: Agregar un producto al carrito correctamente         # Scenarios/agregarCarrito/agregarCarrito.feature:12

▶ Scenario: Agregar un producto al carrito correctamente
  Tags: [@AgregarCarrito, @AgregarProductoExitoso, @Order_1]
  Given que el usuario abre el navegador y accede al sistema   # com.automation.stepdefinitions.CommonSteps.queElUsuarioAbreElNavegador()
  And que el usuario estÃ¡ autenticado en el sistema            # com.automation.stepdefinitions.ProductSteps.queElUsuarioEstaAutenticado()
  When el usuario selecciona el producto "Sauce Labs Backpack" # com.automation.stepdefinitions.ProductSteps.elUsuarioSeleccionaElProducto(java.lang.String)
  And el usuario hace clic en agregar al carrito               # com.automation.stepdefinitions.ProductSteps.elUsuarioHaceClicEnAgregarAlCarrito()
  Then el carrito debe mostrar 1 producto                      # com.automation.stepdefinitions.ProductSteps.elCarritoDebeMostrarUnProducto(int)
      java.lang.AssertionError: Cart should contain 1 item(s) expected [1] but found [2]
	at org.testng.Assert.fail(Assert.java:111)
	at org.testng.Assert.failNotEquals(Assert.java:1578)
	at org.testng.Assert.assertEqualsImpl(Assert.java:150)
	at org.testng.Assert.assertEquals(Assert.java:132)
	at org.testng.Assert.assertEquals(Assert.java:1419)
	at org.testng.Assert.assertEquals(Assert.java:1383)
	at com.automation.business.ProductBusiness.validateCartCount(ProductBusiness.java:51)
	at com.automation.stepdefinitions.ProductSteps.cartShouldHaveItem(ProductSteps.java:51)
	at com.automation.stepdefinitions.ProductSteps.elCarritoDebeMostrarUnProducto(ProductSteps.java:107)
	at âœ½.el carrito debe mostrar 1 producto(file:///J:/Workspace/BANCOPICHINCHA/AutomationCorebank/Scenarios/agregarCarrito/agregarCarrito.feature:16)

✗ FAILED: Agregar un producto al carrito correctamente

    Embedding Failure Screenshot [image/png 328150 bytes]

]]></system-out>
    <system-err><![CDATA[[main] INFO org.testng.internal.Utils - [XmlSuite] [WARN] 'parallel' value 'false' is no longer valid, defaulting to 'none'.
[main] INFO io.github.bonigarcia.wdm.WebDriverManager - Using chromedriver 145.0.7632.117 (resolved driver for Chrome 145)
[main] INFO io.github.bonigarcia.wdm.WebDriverManager - Exporting webdriver.chrome.driver as C:\Users\USUARIO\.cache\selenium\chromedriver\win64\145.0.7632.117\chromedriver.exe
feb 24, 2026 12:46:54 A. M. org.openqa.selenium.devtools.CdpVersionFinder findNearestMatch
WARNING: Unable to find CDP implementation matching 145
feb 24, 2026 12:46:54 A. M. org.openqa.selenium.chromium.ChromiumDriver lambda$new$5
WARNING: Unable to find version of CDP to use for 145.0.7632.110. You may need to include a dependency on a specific version of the CDP using something similar to `org.seleniumhq.selenium:selenium-devtools-v86:4.15.0` where the version ("v86") matches the version of the chromium-based browser you're using and the version number of the artifact is the same as Selenium's.
]]></system-err>
  </testcase>
  <testcase name="runScenario[&quot;Agregar múltiples productos al carrito&quot;, &quot;Agregar Producto al Carrito&quot;](2)" classname="runners.TestRunner" time="4.995">
    <failure message="Cart should contain 2 item(s) expected [2] but found [4]" type="java.lang.AssertionError"><![CDATA[java.lang.AssertionError: Cart should contain 2 item(s) expected [2] but found [4]
	at org.testng.Assert.fail(Assert.java:111)
	at org.testng.Assert.failNotEquals(Assert.java:1578)
	at org.testng.Assert.assertEqualsImpl(Assert.java:150)
	at org.testng.Assert.assertEquals(Assert.java:132)
	at org.testng.Assert.assertEquals(Assert.java:1419)
	at org.testng.Assert.assertEquals(Assert.java:1383)
	at com.automation.business.ProductBusiness.validateCartCount(ProductBusiness.java:51)
	at com.automation.stepdefinitions.ProductSteps.cartShouldHaveItems(ProductSteps.java:59)
	at com.automation.stepdefinitions.ProductSteps.elCarritoDebeMostrarProductos(ProductSteps.java:112)
	at ✽.el carrito debe mostrar 2 productos(file:///J:/Workspace/BANCOPICHINCHA/AutomationCorebank/Scenarios/agregarCarrito/agregarCarrito.feature:24)
]]></failure>
    <system-out><![CDATA[
@AgregarCarrito @AgregarMultiplesProductos @Order_2
Scenario: Agregar mÃºltiples productos al carrito                # Scenarios/agregarCarrito/agregarCarrito.feature:19

▶ Scenario: Agregar múltiples productos al carrito
  Tags: [@AgregarCarrito, @AgregarMultiplesProductos, @Order_2]
  Given que el usuario abre el navegador y accede al sistema    # com.automation.stepdefinitions.CommonSteps.queElUsuarioAbreElNavegador()
  And que el usuario estÃ¡ autenticado en el sistema             # com.automation.stepdefinitions.ProductSteps.queElUsuarioEstaAutenticado()
  When el usuario selecciona el producto "Sauce Labs Backpack"  # com.automation.stepdefinitions.ProductSteps.elUsuarioSeleccionaElProducto(java.lang.String)
  And el usuario hace clic en agregar al carrito                # com.automation.stepdefinitions.ProductSteps.elUsuarioHaceClicEnAgregarAlCarrito()
  And el usuario selecciona el producto "Sauce Labs Bike Light" # com.automation.stepdefinitions.ProductSteps.elUsuarioSeleccionaElProducto(java.lang.String)
  And el usuario hace clic en agregar al carrito                # com.automation.stepdefinitions.ProductSteps.elUsuarioHaceClicEnAgregarAlCarrito()
  Then el carrito debe mostrar 2 productos                      # com.automation.stepdefinitions.ProductSteps.elCarritoDebeMostrarProductos(int)
      java.lang.AssertionError: Cart should contain 2 item(s) expected [2] but found [4]
	at org.testng.Assert.fail(Assert.java:111)
	at org.testng.Assert.failNotEquals(Assert.java:1578)
	at org.testng.Assert.assertEqualsImpl(Assert.java:150)
	at org.testng.Assert.assertEquals(Assert.java:132)
	at org.testng.Assert.assertEquals(Assert.java:1419)
	at org.testng.Assert.assertEquals(Assert.java:1383)
	at com.automation.business.ProductBusiness.validateCartCount(ProductBusiness.java:51)
	at com.automation.stepdefinitions.ProductSteps.cartShouldHaveItems(ProductSteps.java:59)
	at com.automation.stepdefinitions.ProductSteps.elCarritoDebeMostrarProductos(ProductSteps.java:112)
	at âœ½.el carrito debe mostrar 2 productos(file:///J:/Workspace/BANCOPICHINCHA/AutomationCorebank/Scenarios/agregarCarrito/agregarCarrito.feature:24)

✗ FAILED: Agregar múltiples productos al carrito

    Embedding Failure Screenshot [image/png 385872 bytes]

]]></system-out>
    <system-err><![CDATA[[main] INFO io.github.bonigarcia.wdm.WebDriverManager - Using chromedriver 145.0.7632.117 (resolved driver for Chrome 145)
[main] INFO io.github.bonigarcia.wdm.WebDriverManager - Exporting webdriver.chrome.driver as C:\Users\USUARIO\.cache\selenium\chromedriver\win64\145.0.7632.117\chromedriver.exe
feb 24, 2026 12:46:59 A. M. org.openqa.selenium.devtools.CdpVersionFinder findNearestMatch
WARNING: Unable to find CDP implementation matching 145
feb 24, 2026 12:46:59 A. M. org.openqa.selenium.chromium.ChromiumDriver lambda$new$5
WARNING: Unable to find version of CDP to use for 145.0.7632.110. You may need to include a dependency on a specific version of the CDP using something similar to `org.seleniumhq.selenium:selenium-devtools-v86:4.15.0` where the version ("v86") matches the version of the chromium-based browser you're using and the version number of the artifact is the same as Selenium's.
]]></system-err>
  </testcase>
  <testcase name="runScenario[&quot;Eliminar un producto del carrito&quot;, &quot;Agregar Producto al Carrito&quot;](3)" classname="runners.TestRunner" time="5.601">
    <failure message="Cart should be empty but has 1 item(s) expected [0] but found [1]" type="java.lang.AssertionError"><![CDATA[java.lang.AssertionError: Cart should be empty but has 1 item(s) expected [0] but found [1]
	at org.testng.Assert.fail(Assert.java:111)
	at org.testng.Assert.failNotEquals(Assert.java:1578)
	at org.testng.Assert.assertEqualsImpl(Assert.java:150)
	at org.testng.Assert.assertEquals(Assert.java:132)
	at org.testng.Assert.assertEquals(Assert.java:1419)
	at org.testng.Assert.assertEquals(Assert.java:1383)
	at com.automation.business.ProductBusiness.validateCartEmpty(ProductBusiness.java:81)
	at com.automation.stepdefinitions.ProductSteps.elCarritoDebeEstarVacio(ProductSteps.java:129)
	at ✽.el carrito debe estar vacío(file:///J:/Workspace/BANCOPICHINCHA/AutomationCorebank/Scenarios/agregarCarrito/agregarCarrito.feature:30)
]]></failure>
    <system-out><![CDATA[
@AgregarCarrito @EliminarProductoCarrito @Order_3
Scenario: Eliminar un producto del carrito                              # Scenarios/agregarCarrito/agregarCarrito.feature:27

▶ Scenario: Eliminar un producto del carrito
  Tags: [@AgregarCarrito, @EliminarProductoCarrito, @Order_3]
  Given que el usuario abre el navegador y accede al sistema            # com.automation.stepdefinitions.CommonSteps.queElUsuarioAbreElNavegador()
  And que el usuario estÃ¡ autenticado en el sistema                     # com.automation.stepdefinitions.ProductSteps.queElUsuarioEstaAutenticado()
  Given que el carrito tiene el producto "Sauce Labs Backpack"          # com.automation.stepdefinitions.ProductSteps.queElCarritoTieneElProducto(java.lang.String)
  When el usuario elimina el producto "Sauce Labs Backpack" del carrito # com.automation.stepdefinitions.ProductSteps.elUsuarioEliminaElProducto(java.lang.String)
  Then el carrito debe estar vacÃ­o                                      # com.automation.stepdefinitions.ProductSteps.elCarritoDebeEstarVacio()
      java.lang.AssertionError: Cart should be empty but has 1 item(s) expected [0] but found [1]
	at org.testng.Assert.fail(Assert.java:111)
	at org.testng.Assert.failNotEquals(Assert.java:1578)
	at org.testng.Assert.assertEqualsImpl(Assert.java:150)
	at org.testng.Assert.assertEquals(Assert.java:132)
	at org.testng.Assert.assertEquals(Assert.java:1419)
	at org.testng.Assert.assertEquals(Assert.java:1383)
	at com.automation.business.ProductBusiness.validateCartEmpty(ProductBusiness.java:81)
	at com.automation.stepdefinitions.ProductSteps.elCarritoDebeEstarVacio(ProductSteps.java:129)
	at âœ½.el carrito debe estar vacÃ­o(file:///J:/Workspace/BANCOPICHINCHA/AutomationCorebank/Scenarios/agregarCarrito/agregarCarrito.feature:30)

✗ FAILED: Eliminar un producto del carrito

    Embedding Failure Screenshot [image/png 328842 bytes]

]]></system-out>
    <system-err><![CDATA[[main] INFO io.github.bonigarcia.wdm.WebDriverManager - Using chromedriver 145.0.7632.117 (resolved driver for Chrome 145)
[main] INFO io.github.bonigarcia.wdm.WebDriverManager - Exporting webdriver.chrome.driver as C:\Users\USUARIO\.cache\selenium\chromedriver\win64\145.0.7632.117\chromedriver.exe
feb 24, 2026 12:47:04 A. M. org.openqa.selenium.devtools.CdpVersionFinder findNearestMatch
WARNING: Unable to find CDP implementation matching 145
feb 24, 2026 12:47:04 A. M. org.openqa.selenium.chromium.ChromiumDriver lambda$new$5
WARNING: Unable to find version of CDP to use for 145.0.7632.110. You may need to include a dependency on a specific version of the CDP using something similar to `org.seleniumhq.selenium:selenium-devtools-v86:4.15.0` where the version ("v86") matches the version of the chromium-based browser you're using and the version number of the artifact is the same as Selenium's.
]]></system-err>
  </testcase>
  <testcase name="runScenario[&quot;Inicio de sesión exitoso con standard_user&quot;, &quot;Inicio de Sesión - Saucedemo&quot;](4)" classname="runners.TestRunner" time="3.041">
    <system-out><![CDATA[
@InicioSession @login @LoginExitoso @SauceDemo
Scenario: Inicio de sesiÃ³n exitoso con standard_user         # Scenarios/inicioSession/inicioSession.feature:11

▶ Scenario: Inicio de sesión exitoso con standard_user
  Tags: [@InicioSession, @login, @LoginExitoso, @SauceDemo]
  Given que el usuario abre el navegador y accede al sistema # com.automation.stepdefinitions.CommonSteps.queElUsuarioAbreElNavegador()
  When el usuario ingresa el correo "standard_user"          # com.automation.stepdefinitions.CommonSteps.elUsuarioIngresaElCorreo(java.lang.String)
  And el usuario ingresa la contraseÃ±a "secret_sauce"        # com.automation.stepdefinitions.CommonSteps.elUsuarioIngresaLaContrasena(java.lang.String)
  And el usuario hace clic en el botÃ³n "Ingresar"            # com.automation.stepdefinitions.CommonSteps.elUsuarioHaceClicEnElBoton()
  Then el usuario debe ver el dashboard principal            # com.automation.stepdefinitions.CommonSteps.elUsuarioDebeVerElDashboard()
  And el mensaje de bienvenida debe contener "Swag Labs"     # com.automation.stepdefinitions.CommonSteps.elMensajeDeBienvenidaDebeContener(java.lang.String)
✓ PASSED: Inicio de sesión exitoso con standard_user
]]></system-out>
    <system-err><![CDATA[[main] INFO io.github.bonigarcia.wdm.WebDriverManager - Using chromedriver 145.0.7632.117 (resolved driver for Chrome 145)
[main] INFO io.github.bonigarcia.wdm.WebDriverManager - Exporting webdriver.chrome.driver as C:\Users\USUARIO\.cache\selenium\chromedriver\win64\145.0.7632.117\chromedriver.exe
feb 24, 2026 12:47:09 A. M. org.openqa.selenium.devtools.CdpVersionFinder findNearestMatch
WARNING: Unable to find CDP implementation matching 145
feb 24, 2026 12:47:09 A. M. org.openqa.selenium.chromium.ChromiumDriver lambda$new$5
WARNING: Unable to find version of CDP to use for 145.0.7632.110. You may need to include a dependency on a specific version of the CDP using something similar to `org.seleniumhq.selenium:selenium-devtools-v86:4.15.0` where the version ("v86") matches the version of the chromium-based browser you're using and the version number of the artifact is the same as Selenium's.
]]></system-err>
  </testcase>
  <testcase name="runScenario[&quot;Inicio de sesión exitoso con performance_glitch_user&quot;, &quot;Inicio de Sesión - Saucedemo&quot;](5)" classname="runners.TestRunner" time="8.396">
    <system-out><![CDATA[
@InicioSession @login @LoginExitoso @SauceDemo
Scenario: Inicio de sesiÃ³n exitoso con performance_glitch_user # Scenarios/inicioSession/inicioSession.feature:19

▶ Scenario: Inicio de sesión exitoso con performance_glitch_user
  Tags: [@InicioSession, @login, @LoginExitoso, @SauceDemo]
  Given que el usuario abre el navegador y accede al sistema   # com.automation.stepdefinitions.CommonSteps.queElUsuarioAbreElNavegador()
  When el usuario ingresa el correo "performance_glitch_user"  # com.automation.stepdefinitions.CommonSteps.elUsuarioIngresaElCorreo(java.lang.String)
  And el usuario ingresa la contraseÃ±a "secret_sauce"          # com.automation.stepdefinitions.CommonSteps.elUsuarioIngresaLaContrasena(java.lang.String)
  And el usuario hace clic en el botÃ³n "Ingresar"              # com.automation.stepdefinitions.CommonSteps.elUsuarioHaceClicEnElBoton()
  Then el usuario debe ver el dashboard principal              # com.automation.stepdefinitions.CommonSteps.elUsuarioDebeVerElDashboard()
  And el mensaje de bienvenida debe contener "Swag Labs"       # com.automation.stepdefinitions.CommonSteps.elMensajeDeBienvenidaDebeContener(java.lang.String)
✓ PASSED: Inicio de sesión exitoso con performance_glitch_user
]]></system-out>
    <system-err><![CDATA[[main] INFO io.github.bonigarcia.wdm.WebDriverManager - Using chromedriver 145.0.7632.117 (resolved driver for Chrome 145)
[main] INFO io.github.bonigarcia.wdm.WebDriverManager - Exporting webdriver.chrome.driver as C:\Users\USUARIO\.cache\selenium\chromedriver\win64\145.0.7632.117\chromedriver.exe
feb 24, 2026 12:47:12 A. M. org.openqa.selenium.devtools.CdpVersionFinder findNearestMatch
WARNING: Unable to find CDP implementation matching 145
feb 24, 2026 12:47:12 A. M. org.openqa.selenium.chromium.ChromiumDriver lambda$new$5
WARNING: Unable to find version of CDP to use for 145.0.7632.110. You may need to include a dependency on a specific version of the CDP using something similar to `org.seleniumhq.selenium:selenium-devtools-v86:4.15.0` where the version ("v86") matches the version of the chromium-based browser you're using and the version number of the artifact is the same as Selenium's.
]]></system-err>
  </testcase>
  <testcase name="runScenario[&quot;Inicio de sesión fallido con locked_out_user&quot;, &quot;Inicio de Sesión - Saucedemo&quot;](6)" classname="runners.TestRunner" time="3.719">
    <system-out><![CDATA[
@InicioSession @login @LoginFallido @SauceDemo
Scenario: Inicio de sesiÃ³n fallido con locked_out_user          # Scenarios/inicioSession/inicioSession.feature:27

▶ Scenario: Inicio de sesión fallido con locked_out_user
  Tags: [@InicioSession, @login, @LoginFallido, @SauceDemo]
  Given que el usuario abre el navegador y accede al sistema    # com.automation.stepdefinitions.CommonSteps.queElUsuarioAbreElNavegador()
  When el usuario ingresa el correo "locked_out_user"           # com.automation.stepdefinitions.CommonSteps.elUsuarioIngresaElCorreo(java.lang.String)
  And el usuario ingresa la contraseÃ±a "secret_sauce"           # com.automation.stepdefinitions.CommonSteps.elUsuarioIngresaLaContrasena(java.lang.String)
  And el usuario hace clic en el botÃ³n "Ingresar"               # com.automation.stepdefinitions.CommonSteps.elUsuarioHaceClicEnElBoton()
  Then el sistema debe mostrar el mensaje de error "locked out" # com.automation.stepdefinitions.CommonSteps.elSistemaDebeMostrarMensajeDeError(java.lang.String)
✓ PASSED: Inicio de sesión fallido con locked_out_user
]]></system-out>
    <system-err><![CDATA[[main] INFO io.github.bonigarcia.wdm.WebDriverManager - Using chromedriver 145.0.7632.117 (resolved driver for Chrome 145)
[main] INFO io.github.bonigarcia.wdm.WebDriverManager - Exporting webdriver.chrome.driver as C:\Users\USUARIO\.cache\selenium\chromedriver\win64\145.0.7632.117\chromedriver.exe
feb 24, 2026 12:47:21 A. M. org.openqa.selenium.devtools.CdpVersionFinder findNearestMatch
WARNING: Unable to find CDP implementation matching 145
feb 24, 2026 12:47:21 A. M. org.openqa.selenium.chromium.ChromiumDriver lambda$new$5
WARNING: Unable to find version of CDP to use for 145.0.7632.110. You may need to include a dependency on a specific version of the CDP using something similar to `org.seleniumhq.selenium:selenium-devtools-v86:4.15.0` where the version ("v86") matches the version of the chromium-based browser you're using and the version number of the artifact is the same as Selenium's.
]]></system-err>
  </testcase>
  <testcase name="runScenario[&quot;Inicio de sesión fallido con credenciales incorrectas&quot;, &quot;Inicio de Sesión - Saucedemo&quot;](7)" classname="runners.TestRunner" time="3.487">
    <system-out><![CDATA[
@InicioSession @login @LoginFallido @SauceDemo
Scenario: Inicio de sesiÃ³n fallido con credenciales incorrectas   # Scenarios/inicioSession/inicioSession.feature:34

▶ Scenario: Inicio de sesión fallido con credenciales incorrectas
  Tags: [@InicioSession, @login, @LoginFallido, @SauceDemo]
  Given que el usuario abre el navegador y accede al sistema      # com.automation.stepdefinitions.CommonSteps.queElUsuarioAbreElNavegador()
  When el usuario ingresa el correo "usuario_invalido"            # com.automation.stepdefinitions.CommonSteps.elUsuarioIngresaElCorreo(java.lang.String)
  And el usuario ingresa la contraseÃ±a "password_incorrecta"      # com.automation.stepdefinitions.CommonSteps.elUsuarioIngresaLaContrasena(java.lang.String)
  And el usuario hace clic en el botÃ³n "Ingresar"                 # com.automation.stepdefinitions.CommonSteps.elUsuarioHaceClicEnElBoton()
  Then el sistema debe mostrar el mensaje de error "do not match" # com.automation.stepdefinitions.CommonSteps.elSistemaDebeMostrarMensajeDeError(java.lang.String)
✓ PASSED: Inicio de sesión fallido con credenciales incorrectas
]]></system-out>
    <system-err><![CDATA[[main] INFO io.github.bonigarcia.wdm.WebDriverManager - Using chromedriver 145.0.7632.117 (resolved driver for Chrome 145)
[main] INFO io.github.bonigarcia.wdm.WebDriverManager - Exporting webdriver.chrome.driver as C:\Users\USUARIO\.cache\selenium\chromedriver\win64\145.0.7632.117\chromedriver.exe
feb 24, 2026 12:47:25 A. M. org.openqa.selenium.devtools.CdpVersionFinder findNearestMatch
WARNING: Unable to find CDP implementation matching 145
feb 24, 2026 12:47:25 A. M. org.openqa.selenium.chromium.ChromiumDriver lambda$new$5
WARNING: Unable to find version of CDP to use for 145.0.7632.110. You may need to include a dependency on a specific version of the CDP using something similar to `org.seleniumhq.selenium:selenium-devtools-v86:4.15.0` where the version ("v86") matches the version of the chromium-based browser you're using and the version number of the artifact is the same as Selenium's.
]]></system-err>
  </testcase>
  <testcase name="runScenario[&quot;Inicio de sesión con campo de usuario vacío&quot;, &quot;Inicio de Sesión - Saucedemo&quot;](8)" classname="runners.TestRunner" time="3.062">
    <system-out><![CDATA[
@InicioSession @login @LoginCamposVacios @SauceDemo
Scenario: Inicio de sesiÃ³n con campo de usuario vacÃ­o                     # Scenarios/inicioSession/inicioSession.feature:41

▶ Scenario: Inicio de sesión con campo de usuario vacío
  Tags: [@InicioSession, @login, @LoginCamposVacios, @SauceDemo]
  Given que el usuario abre el navegador y accede al sistema              # com.automation.stepdefinitions.CommonSteps.queElUsuarioAbreElNavegador()
⚠ No data entered - empty login form
  When el usuario no ingresa ningÃºn dato                                  # com.automation.stepdefinitions.CommonSteps.elUsuarioNoIngresaNingunDato()
  And el usuario hace clic en el botÃ³n "Ingresar"                         # com.automation.stepdefinitions.CommonSteps.elUsuarioHaceClicEnElBoton()
  Then el sistema debe mostrar el mensaje de error "Username is required" # com.automation.stepdefinitions.CommonSteps.elSistemaDebeMostrarMensajeDeError(java.lang.String)
✓ PASSED: Inicio de sesión con campo de usuario vacío
]]></system-out>
    <system-err><![CDATA[[main] INFO io.github.bonigarcia.wdm.WebDriverManager - Using chromedriver 145.0.7632.117 (resolved driver for Chrome 145)
[main] INFO io.github.bonigarcia.wdm.WebDriverManager - Exporting webdriver.chrome.driver as C:\Users\USUARIO\.cache\selenium\chromedriver\win64\145.0.7632.117\chromedriver.exe
feb 24, 2026 12:47:28 A. M. org.openqa.selenium.devtools.CdpVersionFinder findNearestMatch
WARNING: Unable to find CDP implementation matching 145
feb 24, 2026 12:47:28 A. M. org.openqa.selenium.chromium.ChromiumDriver lambda$new$5
WARNING: Unable to find version of CDP to use for 145.0.7632.110. You may need to include a dependency on a specific version of the CDP using something similar to `org.seleniumhq.selenium:selenium-devtools-v86:4.15.0` where the version ("v86") matches the version of the chromium-based browser you're using and the version number of the artifact is the same as Selenium's.
]]></system-err>
  </testcase>
</testsuite>