<?xml version="1.0" encoding="UTF-8"?>
<testsuite xmlns:xsi="http://www.w3.org/2001/XMLSchema-instance" xsi:noNamespaceSchemaLocation="https://maven.apache.org/surefire/maven-surefire-plugin/xsd/surefire-test-report-3.0.xsd" version="3.0" name="TestSuite" time="7.708" tests="3" errors="0" skipped="0" failures="0">
  <properties>
[...]
</properties>
  <testcase name="runScenario[&quot;Agregar un producto al carrito correctamente&quot;, &quot;Agregar Producto al Carrito&quot;](1)" classname="runners.TestRunner" time="3.272">
    <system-out><![CDATA[
@AgregarCarrito @agregarCarrito @Order1
Scenario Outline: Agregar un producto al carrito correctamente # Scenarios/agregarCarrito/agregarCarrito.feature:22

Scenario: Agregar un producto al carrito correctamente
Tags: [@AgregarCarrito, @agregarCarrito, @Order1]
  Given que el usuario abre el navegador y accede al sistema   # com.automation.stepdefinitions.LoginSteps.queElUsuarioAbreElNavegador()
  When el usuario ingresa el correo "standard_user"            # com.automation.stepdefinitions.LoginSteps.elUsuarioIngresaElCorreo(java.lang.String)
  And el usuario ingresa la contrasena "secret_sauce"          # com.automation.stepdefinitions.LoginSteps.elUsuarioIngresaLaContrasena(java.lang.String)
  And el usuario hace clic en el boton ingresar                # com.automation.stepdefinitions.LoginSteps.elUsuarioHaceClicEnElBotonIngresar()
  And el usuario selecciona el producto "Sauce Labs Backpack"  # com.automation.stepdefinitions.ProductSteps.elUsuarioSeleccionaElProducto(java.lang.String)
  And el usuario hace clic en agregar al carrito               # com.automation.stepdefinitions.ProductSteps.elUsuarioHaceClicEnAgregarAlCarrito()
  Then el carrito debe mostrar 1 producto                      # com.automation.stepdefinitions.ProductSteps.elCarritoDebeMostrarUnProducto(int)
]]></system-out>
    <system-err><![CDATA[[TestNG-test=Todas las Pruebas-1] INFO io.github.bonigarcia.wdm.WebDriverManager - Using chromedriver 145.0.7632.117 (resolved driver for Chrome 145)
[TestNG-test=Todas las Pruebas-1] INFO io.github.bonigarcia.wdm.WebDriverManager - Exporting webdriver.chrome.driver as C:\Users\jgomez.CRACLASADEV\.cache\selenium\chromedriver\win64\145.0.7632.117\chromedriver.exe
feb. 24, 2026 4:08:20 P. M. org.openqa.selenium.devtools.CdpVersionFinder findNearestMatch
ADVERTENCIA: Unable to find CDP implementation matching 145
feb. 24, 2026 4:08:20 P. M. org.openqa.selenium.chromium.ChromiumDriver lambda$new$5
ADVERTENCIA: Unable to find version of CDP to use for 145.0.7632.76. You may need to include a dependency on a specific version of the CDP using something similar to `org.seleniumhq.selenium:selenium-devtools-v86:4.15.0` where the version ("v86") matches the version of the chromium-based browser you're using and the version number of the artifact is the same as Selenium's.
]]></system-err>
  </testcase>
  <testcase name="runScenario[&quot;Inicio de sesion exitoso&quot;, &quot;Inicio de Sesion - Saucedemo&quot;](2)" classname="runners.TestRunner" time="1.864">
    <system-out><![CDATA[
@InicioSession @login @Login @SauceDemo @funcional
Scenario Outline: Inicio de sesion exitoso                   # Scenarios/inicioSession/inicioSession.feature:20

Scenario: Inicio de sesion exitoso
Tags: [@InicioSession, @login, @Login, @SauceDemo, @funcional]
  Given que el usuario abre el navegador y accede al sistema # com.automation.stepdefinitions.LoginSteps.queElUsuarioAbreElNavegador()
  When el usuario ingresa el correo "standard_user"          # com.automation.stepdefinitions.LoginSteps.elUsuarioIngresaElCorreo(java.lang.String)
  And el usuario ingresa la contrasena "secret_sauce"        # com.automation.stepdefinitions.LoginSteps.elUsuarioIngresaLaContrasena(java.lang.String)
  And el usuario hace clic en el boton ingresar              # com.automation.stepdefinitions.LoginSteps.elUsuarioHaceClicEnElBotonIngresar()
  Then el usuario debe ver el dashboard principal            # com.automation.stepdefinitions.LoginSteps.elUsuarioDebeVerElDashboard()
  And el mensaje de bienvenida debe contener "Swag Labs"     # com.automation.stepdefinitions.LoginSteps.elMensajeDeBienvenidaDebeContener(java.lang.String)
]]></system-out>
    <system-err><![CDATA[[TestNG-test=Todas las Pruebas-1] INFO io.github.bonigarcia.wdm.WebDriverManager - Using chromedriver 145.0.7632.117 (resolved driver for Chrome 145)
[TestNG-test=Todas las Pruebas-1] INFO io.github.bonigarcia.wdm.WebDriverManager - Exporting webdriver.chrome.driver as C:\Users\jgomez.CRACLASADEV\.cache\selenium\chromedriver\win64\145.0.7632.117\chromedriver.exe
feb. 24, 2026 4:08:22 P. M. org.openqa.selenium.devtools.CdpVersionFinder findNearestMatch
ADVERTENCIA: Unable to find CDP implementation matching 145
feb. 24, 2026 4:08:22 P. M. org.openqa.selenium.chromium.ChromiumDriver lambda$new$5
ADVERTENCIA: Unable to find version of CDP to use for 145.0.7632.76. You may need to include a dependency on a specific version of the CDP using something similar to `org.seleniumhq.selenium:selenium-devtools-v86:4.15.0` where the version ("v86") matches the version of the chromium-based browser you're using and the version number of the artifact is the same as Selenium's.
]]></system-err>
  </testcase>
  <testcase name="runScenario[&quot;Inicio de sesion fallido&quot;, &quot;Inicio de Sesion - Saucedemo&quot;](3)" classname="runners.TestRunner" time="1.896">
    <system-out><![CDATA[
@InicioSession @login @LoginFallido @SauceDemo @funcionalerror
Scenario Outline: Inicio de sesion fallido                        # Scenarios/inicioSession/inicioSession.feature:32

Scenario: Inicio de sesion fallido
Tags: [@InicioSession, @login, @LoginFallido, @SauceDemo, @funcionalerror]
  Given que el usuario abre el navegador y accede al sistema      # com.automation.stepdefinitions.LoginSteps.queElUsuarioAbreElNavegador()
  When el usuario ingresa el correo "fall"                        # com.automation.stepdefinitions.LoginSteps.elUsuarioIngresaElCorreo(java.lang.String)
  And el usuario ingresa la contrasena "secret_sauce"             # com.automation.stepdefinitions.LoginSteps.elUsuarioIngresaLaContrasena(java.lang.String)
  And el usuario hace clic en el boton ingresar                   # com.automation.stepdefinitions.LoginSteps.elUsuarioHaceClicEnElBotonIngresar()
  Then el sistema debe mostrar el mensaje de error "do not match" # com.automation.stepdefinitions.LoginSteps.elSistemaDebeMostrarMensajeDeError(java.lang.String)
]]></system-out>
    <system-err><![CDATA[[TestNG-test=Todas las Pruebas-1] INFO io.github.bonigarcia.wdm.WebDriverManager - Using chromedriver 145.0.7632.117 (resolved driver for Chrome 145)
[TestNG-test=Todas las Pruebas-1] INFO io.github.bonigarcia.wdm.WebDriverManager - Exporting webdriver.chrome.driver as C:\Users\jgomez.CRACLASADEV\.cache\selenium\chromedriver\win64\145.0.7632.117\chromedriver.exe
feb. 24, 2026 4:08:24 P. M. org.openqa.selenium.devtools.CdpVersionFinder findNearestMatch
ADVERTENCIA: Unable to find CDP implementation matching 145
feb. 24, 2026 4:08:24 P. M. org.openqa.selenium.chromium.ChromiumDriver lambda$new$5
ADVERTENCIA: Unable to find version of CDP to use for 145.0.7632.76. You may need to include a dependency on a specific version of the CDP using something similar to `org.seleniumhq.selenium:selenium-devtools-v86:4.15.0` where the version ("v86") matches the version of the chromium-based browser you're using and the version number of the artifact is the same as Selenium's.
]]></system-err>
  </testcase>
</testsuite>