<?xml version="1.0" encoding="UTF-8"?>
<testsuite xmlns:xsi="http://www.w3.org/2001/XMLSchema-instance" xsi:noNamespaceSchemaLocation="https://maven.apache.org/surefire/maven-surefire-plugin/xsd/surefire-test-report-3.0.xsd" version="3.0" name="runners.LoginRunner" time="32.994" tests="5" errors="0" skipped="0" failures="0">
  <properties>
[...]
</properties>
  <testcase name="runScenario[&quot;Inicio de sesión exitoso con standard_user&quot;, &quot;Inicio de Sesión - Saucedemo&quot;](1)" classname="runners.LoginRunner" time="10.47">
    <system-out><![CDATA[
@InicioSession @login @LoginExitoso @SauceDemo
Scenario: Inicio de sesiÃ³n exitoso con standard_user         # Scenarios/inicioSession/inicioSession.feature:11

🚀 Iniciando escenario: Inicio de sesión exitoso con standard_user
✅ Configuración cargada: /config/environment.config
✅ Driver iniciado: CHROME
🌐 Navegando a: https://www.saucedemo.com/
🌐 Página de login abierta.
  Given que el usuario abre el navegador y accede al sistema # com.automation.stepdefinitions.InicioSessionStep.queElUsuarioAbreElNavegador()
📧 Email ingresado: standard_user
  When el usuario ingresa el correo "standard_user"          # com.automation.stepdefinitions.InicioSessionStep.elUsuarioIngresaElCorreo(java.lang.String)
🔒 Contraseña ingresada.
  And el usuario ingresa la contraseÃ±a "secret_sauce"        # com.automation.stepdefinitions.InicioSessionStep.elUsuarioIngresaLaContrasena(java.lang.String)
🖱️ Clic en botón Ingresar
  And el usuario hace clic en el botÃ³n "Ingresar"            # com.automation.stepdefinitions.InicioSessionStep.elUsuarioHaceClicEnElBoton(java.lang.String)
✅ Login exitoso - Dashboard visible.
  Then el usuario debe ver el dashboard principal            # com.automation.stepdefinitions.InicioSessionStep.elUsuarioDebeVerElDashboard()
✅ Bienvenida correcta: Swag Labs
  And el mensaje de bienvenida debe contener "Swag Labs"     # com.automation.stepdefinitions.InicioSessionStep.elMensajeDeBienvenidaDebeContener(java.lang.String)
✅ Escenario EXITOSO: Inicio de sesión exitoso con standard_user
✅ Driver cerrado correctamente.
]]></system-out>
    <system-err><![CDATA[[main] INFO io.github.bonigarcia.wdm.WebDriverManager - Using chromedriver 145.0.7632.117 (resolved driver for Chrome 145)
[main] INFO io.github.bonigarcia.wdm.online.Downloader - Downloading https://storage.googleapis.com/chrome-for-testing-public/145.0.7632.117/win64/chromedriver-win64.zip
[main] INFO io.github.bonigarcia.wdm.online.Downloader - Extracting driver from compressed file chromedriver-win64.zip
[main] INFO io.github.bonigarcia.wdm.WebDriverManager - Exporting webdriver.chrome.driver as C:\Users\USUARIO\.cache\selenium\chromedriver\win64\145.0.7632.117\chromedriver.exe
feb 23, 2026 9:56:32 P. M. org.openqa.selenium.devtools.CdpVersionFinder findNearestMatch
WARNING: Unable to find CDP implementation matching 145
feb 23, 2026 9:56:32 P. M. org.openqa.selenium.chromium.ChromiumDriver lambda$new$5
WARNING: Unable to find version of CDP to use for 145.0.7632.110. You may need to include a dependency on a specific version of the CDP using something similar to `org.seleniumhq.selenium:selenium-devtools-v86:4.15.0` where the version ("v86") matches the version of the chromium-based browser you're using and the version number of the artifact is the same as Selenium's.
]]></system-err>
  </testcase>
  <testcase name="runScenario[&quot;Inicio de sesión exitoso con performance_glitch_user&quot;, &quot;Inicio de Sesión - Saucedemo&quot;](2)" classname="runners.LoginRunner" time="8.882">
    <system-out><![CDATA[
@InicioSession @login @LoginExitoso @SauceDemo
Scenario: Inicio de sesiÃ³n exitoso con performance_glitch_user # Scenarios/inicioSession/inicioSession.feature:19

🚀 Iniciando escenario: Inicio de sesión exitoso con performance_glitch_user
✅ Driver iniciado: CHROME
🌐 Navegando a: https://www.saucedemo.com/
🌐 Página de login abierta.
  Given que el usuario abre el navegador y accede al sistema   # com.automation.stepdefinitions.InicioSessionStep.queElUsuarioAbreElNavegador()
📧 Email ingresado: performance_glitch_user
  When el usuario ingresa el correo "performance_glitch_user"  # com.automation.stepdefinitions.InicioSessionStep.elUsuarioIngresaElCorreo(java.lang.String)
🔒 Contraseña ingresada.
  And el usuario ingresa la contraseÃ±a "secret_sauce"          # com.automation.stepdefinitions.InicioSessionStep.elUsuarioIngresaLaContrasena(java.lang.String)
🖱️ Clic en botón Ingresar
  And el usuario hace clic en el botÃ³n "Ingresar"              # com.automation.stepdefinitions.InicioSessionStep.elUsuarioHaceClicEnElBoton(java.lang.String)
✅ Login exitoso - Dashboard visible.
  Then el usuario debe ver el dashboard principal              # com.automation.stepdefinitions.InicioSessionStep.elUsuarioDebeVerElDashboard()
✅ Bienvenida correcta: Swag Labs
  And el mensaje de bienvenida debe contener "Swag Labs"       # com.automation.stepdefinitions.InicioSessionStep.elMensajeDeBienvenidaDebeContener(java.lang.String)
✅ Escenario EXITOSO: Inicio de sesión exitoso con performance_glitch_user
✅ Driver cerrado correctamente.
]]></system-out>
    <system-err><![CDATA[[main] INFO io.github.bonigarcia.wdm.WebDriverManager - Using chromedriver 145.0.7632.117 (resolved driver for Chrome 145)
[main] INFO io.github.bonigarcia.wdm.WebDriverManager - Exporting webdriver.chrome.driver as C:\Users\USUARIO\.cache\selenium\chromedriver\win64\145.0.7632.117\chromedriver.exe
feb 23, 2026 9:56:36 P. M. org.openqa.selenium.devtools.CdpVersionFinder findNearestMatch
WARNING: Unable to find CDP implementation matching 145
feb 23, 2026 9:56:36 P. M. org.openqa.selenium.chromium.ChromiumDriver lambda$new$5
WARNING: Unable to find version of CDP to use for 145.0.7632.110. You may need to include a dependency on a specific version of the CDP using something similar to `org.seleniumhq.selenium:selenium-devtools-v86:4.15.0` where the version ("v86") matches the version of the chromium-based browser you're using and the version number of the artifact is the same as Selenium's.
]]></system-err>
  </testcase>
  <testcase name="runScenario[&quot;Inicio de sesión fallido con locked_out_user&quot;, &quot;Inicio de Sesión - Saucedemo&quot;](3)" classname="runners.LoginRunner" time="3.425">
    <system-out><![CDATA[
@InicioSession @login @LoginFallido @SauceDemo
Scenario: Inicio de sesiÃ³n fallido con locked_out_user          # Scenarios/inicioSession/inicioSession.feature:27

🚀 Iniciando escenario: Inicio de sesión fallido con locked_out_user
✅ Driver iniciado: CHROME
🌐 Navegando a: https://www.saucedemo.com/
🌐 Página de login abierta.
  Given que el usuario abre el navegador y accede al sistema    # com.automation.stepdefinitions.InicioSessionStep.queElUsuarioAbreElNavegador()
📧 Email ingresado: locked_out_user
  When el usuario ingresa el correo "locked_out_user"           # com.automation.stepdefinitions.InicioSessionStep.elUsuarioIngresaElCorreo(java.lang.String)
🔒 Contraseña ingresada.
  And el usuario ingresa la contraseÃ±a "secret_sauce"           # com.automation.stepdefinitions.InicioSessionStep.elUsuarioIngresaLaContrasena(java.lang.String)
🖱️ Clic en botón Ingresar
  And el usuario hace clic en el botÃ³n "Ingresar"               # com.automation.stepdefinitions.InicioSessionStep.elUsuarioHaceClicEnElBoton(java.lang.String)
✅ Mensaje de error correcto: Epic sadface: Sorry, this user has been locked out.
  Then el sistema debe mostrar el mensaje de error "locked out" # com.automation.stepdefinitions.InicioSessionStep.elSistemaDebeMostrarMensajeDeError(java.lang.String)
✅ Escenario EXITOSO: Inicio de sesión fallido con locked_out_user
✅ Driver cerrado correctamente.
]]></system-out>
    <system-err><![CDATA[[main] INFO io.github.bonigarcia.wdm.WebDriverManager - Using chromedriver 145.0.7632.117 (resolved driver for Chrome 145)
[main] INFO io.github.bonigarcia.wdm.WebDriverManager - Exporting webdriver.chrome.driver as C:\Users\USUARIO\.cache\selenium\chromedriver\win64\145.0.7632.117\chromedriver.exe
feb 23, 2026 9:56:45 P. M. org.openqa.selenium.devtools.CdpVersionFinder findNearestMatch
WARNING: Unable to find CDP implementation matching 145
feb 23, 2026 9:56:45 P. M. org.openqa.selenium.chromium.ChromiumDriver lambda$new$5
WARNING: Unable to find version of CDP to use for 145.0.7632.110. You may need to include a dependency on a specific version of the CDP using something similar to `org.seleniumhq.selenium:selenium-devtools-v86:4.15.0` where the version ("v86") matches the version of the chromium-based browser you're using and the version number of the artifact is the same as Selenium's.
]]></system-err>
  </testcase>
  <testcase name="runScenario[&quot;Inicio de sesión fallido con credenciales incorrectas&quot;, &quot;Inicio de Sesión - Saucedemo&quot;](4)" classname="runners.LoginRunner" time="4.07">
    <system-out><![CDATA[
@InicioSession @login @LoginFallido @SauceDemo
Scenario: Inicio de sesiÃ³n fallido con credenciales incorrectas   # Scenarios/inicioSession/inicioSession.feature:34

🚀 Iniciando escenario: Inicio de sesión fallido con credenciales incorrectas
✅ Driver iniciado: CHROME
🌐 Navegando a: https://www.saucedemo.com/
🌐 Página de login abierta.
  Given que el usuario abre el navegador y accede al sistema      # com.automation.stepdefinitions.InicioSessionStep.queElUsuarioAbreElNavegador()
📧 Email ingresado: usuario_invalido
  When el usuario ingresa el correo "usuario_invalido"            # com.automation.stepdefinitions.InicioSessionStep.elUsuarioIngresaElCorreo(java.lang.String)
🔒 Contraseña ingresada.
  And el usuario ingresa la contraseÃ±a "password_incorrecta"      # com.automation.stepdefinitions.InicioSessionStep.elUsuarioIngresaLaContrasena(java.lang.String)
🖱️ Clic en botón Ingresar
  And el usuario hace clic en el botÃ³n "Ingresar"                 # com.automation.stepdefinitions.InicioSessionStep.elUsuarioHaceClicEnElBoton(java.lang.String)
✅ Mensaje de error correcto: Epic sadface: Username and password do not match any user in this service
  Then el sistema debe mostrar el mensaje de error "do not match" # com.automation.stepdefinitions.InicioSessionStep.elSistemaDebeMostrarMensajeDeError(java.lang.String)
✅ Escenario EXITOSO: Inicio de sesión fallido con credenciales incorrectas
✅ Driver cerrado correctamente.
]]></system-out>
    <system-err><![CDATA[[main] INFO io.github.bonigarcia.wdm.WebDriverManager - Using chromedriver 145.0.7632.117 (resolved driver for Chrome 145)
[main] INFO io.github.bonigarcia.wdm.WebDriverManager - Exporting webdriver.chrome.driver as C:\Users\USUARIO\.cache\selenium\chromedriver\win64\145.0.7632.117\chromedriver.exe
feb 23, 2026 9:56:48 P. M. org.openqa.selenium.devtools.CdpVersionFinder findNearestMatch
WARNING: Unable to find CDP implementation matching 145
feb 23, 2026 9:56:48 P. M. org.openqa.selenium.chromium.ChromiumDriver lambda$new$5
WARNING: Unable to find version of CDP to use for 145.0.7632.110. You may need to include a dependency on a specific version of the CDP using something similar to `org.seleniumhq.selenium:selenium-devtools-v86:4.15.0` where the version ("v86") matches the version of the chromium-based browser you're using and the version number of the artifact is the same as Selenium's.
]]></system-err>
  </testcase>
  <testcase name="runScenario[&quot;Inicio de sesión con campo de usuario vacío&quot;, &quot;Inicio de Sesión - Saucedemo&quot;](5)" classname="runners.LoginRunner" time="3.088">
    <system-out><![CDATA[
@InicioSession @login @LoginCamposVacios @SauceDemo
Scenario: Inicio de sesiÃ³n con campo de usuario vacÃ­o                     # Scenarios/inicioSession/inicioSession.feature:41

🚀 Iniciando escenario: Inicio de sesión con campo de usuario vacío
✅ Driver iniciado: CHROME
🌐 Navegando a: https://www.saucedemo.com/
🌐 Página de login abierta.
  Given que el usuario abre el navegador y accede al sistema              # com.automation.stepdefinitions.InicioSessionStep.queElUsuarioAbreElNavegador()
⚠️ No se ingresan datos - campos vacíos.
  When el usuario no ingresa ningÃºn dato                                  # com.automation.stepdefinitions.InicioSessionStep.elUsuarioNoIngresaNingunDato()
🖱️ Clic en botón Ingresar
  And el usuario hace clic en el botÃ³n "Ingresar"                         # com.automation.stepdefinitions.InicioSessionStep.elUsuarioHaceClicEnElBoton(java.lang.String)
✅ Mensaje de error correcto: Epic sadface: Username is required
  Then el sistema debe mostrar el mensaje de error "Username is required" # com.automation.stepdefinitions.InicioSessionStep.elSistemaDebeMostrarMensajeDeError(java.lang.String)
✅ Escenario EXITOSO: Inicio de sesión con campo de usuario vacío
✅ Driver cerrado correctamente.
]]></system-out>
    <system-err><![CDATA[[main] INFO io.github.bonigarcia.wdm.WebDriverManager - Using chromedriver 145.0.7632.117 (resolved driver for Chrome 145)
[main] INFO io.github.bonigarcia.wdm.WebDriverManager - Exporting webdriver.chrome.driver as C:\Users\USUARIO\.cache\selenium\chromedriver\win64\145.0.7632.117\chromedriver.exe
feb 23, 2026 9:56:52 P. M. org.openqa.selenium.devtools.CdpVersionFinder findNearestMatch
WARNING: Unable to find CDP implementation matching 145
feb 23, 2026 9:56:52 P. M. org.openqa.selenium.chromium.ChromiumDriver lambda$new$5
WARNING: Unable to find version of CDP to use for 145.0.7632.110. You may need to include a dependency on a specific version of the CDP using something similar to `org.seleniumhq.selenium:selenium-devtools-v86:4.15.0` where the version ("v86") matches the version of the chromium-based browser you're using and the version number of the artifact is the same as Selenium's.
]]></system-err>
  </testcase>
</testsuite>