<?xml version="1.0" encoding="UTF-8"?>
<testng-results ignored="0" total="5" passed="5" failed="0" skipped="0">
  <reporter-output>
  </reporter-output>
  <suite started-at="2026-02-23T21:56:23 COT" name="Surefire suite" finished-at="2026-02-23T21:56:55 COT" duration-ms="32080">
    <groups>
      <group name="cucumber">
        <method signature="AbstractTestNGCucumberTests.runScenario(io.cucumber.testng.PickleWrapper,io.cucumber.testng.FeatureWrapper)[pri:0, instance:runners.LoginRunner@6a192cfe]" name="runScenario" class="io.cucumber.testng.AbstractTestNGCucumberTests"/>
      </group> <!-- cucumber -->
    </groups>
    <test started-at="2026-02-23T21:56:23 COT" name="Surefire test" finished-at="2026-02-23T21:56:55 COT" duration-ms="32080">
      <class name="runners.LoginRunner">
        <test-method is-config="true" signature="setUpClass(org.testng.ITestContext)[pri:0, instance:runners.LoginRunner@6a192cfe]" started-at="2026-02-23T21:56:23 COT" name="setUpClass" finished-at="2026-02-23T21:56:24 COT" duration-ms="1441" status="PASS">
          <params>
            <param index="0">
              <value>
                <![CDATA[org.testng.TestRunner@3feebf9c]]>
              </value>
            </param>
          </params>
          <reporter-output>
          </reporter-output>
        </test-method> <!-- setUpClass -->
        <test-method signature="runScenario(io.cucumber.testng.PickleWrapper,io.cucumber.testng.FeatureWrapper)[pri:0, instance:runners.LoginRunner@6a192cfe]" started-at="2026-02-23T21:56:24 COT" name="runScenario" description="Runs Cucumber Scenarios" data-provider="scenarios" finished-at="2026-02-23T21:56:35 COT" duration-ms="10475" status="PASS">
          <params>
            <param index="0">
              <value>
                <![CDATA["Inicio de sesión exitoso con standard_user"]]>
              </value>
            </param>
            <param index="1">
              <value>
                <![CDATA["Inicio de Sesión - Saucedemo"]]>
              </value>
            </param>
          </params>
          <reporter-output>
          </reporter-output>
        </test-method> <!-- runScenario -->
        <test-method signature="runScenario(io.cucumber.testng.PickleWrapper,io.cucumber.testng.FeatureWrapper)[pri:0, instance:runners.LoginRunner@6a192cfe]" started-at="2026-02-23T21:56:35 COT" name="runScenario" description="Runs Cucumber Scenarios" data-provider="scenarios" finished-at="2026-02-23T21:56:43 COT" duration-ms="8884" status="PASS">
          <params>
            <param index="0">
              <value>
                <![CDATA["Inicio de sesión exitoso con performance_glitch_user"]]>
              </value>
            </param>
            <param index="1">
              <value>
                <![CDATA["Inicio de Sesión - Saucedemo"]]>
              </value>
            </param>
          </params>
          <reporter-output>
          </reporter-output>
        </test-method> <!-- runScenario -->
        <test-method signature="runScenario(io.cucumber.testng.PickleWrapper,io.cucumber.testng.FeatureWrapper)[pri:0, instance:runners.LoginRunner@6a192cfe]" started-at="2026-02-23T21:56:43 COT" name="runScenario" description="Runs Cucumber Scenarios" data-provider="scenarios" finished-at="2026-02-23T21:56:47 COT" duration-ms="3426" status="PASS">
          <params>
            <param index="0">
              <value>
                <![CDATA["Inicio de sesión fallido con locked_out_user"]]>
              </value>
            </param>
            <param index="1">
              <value>
                <![CDATA["Inicio de Sesión - Saucedemo"]]>
              </value>
            </param>
          </params>
          <reporter-output>
          </reporter-output>
        </test-method> <!-- runScenario -->
        <test-method signature="runScenario(io.cucumber.testng.PickleWrapper,io.cucumber.testng.FeatureWrapper)[pri:0, instance:runners.LoginRunner@6a192cfe]" started-at="2026-02-23T21:56:47 COT" name="runScenario" description="Runs Cucumber Scenarios" data-provider="scenarios" finished-at="2026-02-23T21:56:51 COT" duration-ms="4070" status="PASS">
          <params>
            <param index="0">
              <value>
                <![CDATA["Inicio de sesión fallido con credenciales incorrectas"]]>
              </value>
            </param>
            <param index="1">
              <value>
                <![CDATA["Inicio de Sesión - Saucedemo"]]>
              </value>
            </param>
          </params>
          <reporter-output>
          </reporter-output>
        </test-method> <!-- runScenario -->
        <test-method signature="runScenario(io.cucumber.testng.PickleWrapper,io.cucumber.testng.FeatureWrapper)[pri:0, instance:runners.LoginRunner@6a192cfe]" started-at="2026-02-23T21:56:51 COT" name="runScenario" description="Runs Cucumber Scenarios" data-provider="scenarios" finished-at="2026-02-23T21:56:54 COT" duration-ms="3089" status="PASS">
          <params>
            <param index="0">
              <value>
                <![CDATA["Inicio de sesión con campo de usuario vacío"]]>
              </value>
            </param>
            <param index="1">
              <value>
                <![CDATA["Inicio de Sesión - Saucedemo"]]>
              </value>
            </param>
          </params>
          <reporter-output>
          </reporter-output>
        </test-method> <!-- runScenario -->
        <test-method is-config="true" signature="tearDownClass()[pri:0, instance:runners.LoginRunner@6a192cfe]" started-at="2026-02-23T21:56:54 COT" name="tearDownClass" finished-at="2026-02-23T21:56:55 COT" duration-ms="597" status="PASS">
          <reporter-output>
          </reporter-output>
        </test-method> <!-- tearDownClass -->
      </class> <!-- runners.LoginRunner -->
    </test> <!-- Surefire test -->
  </suite> <!-- Surefire suite -->
</testng-results>
