<?xml version="1.0" encoding="UTF-8"?>
<!-- Generated by org.testng.reporters.JUnitXMLReporter -->
<testsuite ignored="0" hostname="DESKTOP-6ET1VQ1" failures="3" tests="8" name="Todas las Pruebas" time="39.122" errors="0" timestamp="2026-02-24T00:47:30 COT">
  <testcase classname="io.cucumber.testng.AbstractTestNGCucumberTests" name="runScenario" time="5.685">
    <failure type="java.lang.AssertionError" message="Cart should contain 1 item(s) expected [1] but found [2]">
      <![CDATA[java.lang.AssertionError: Cart should contain 1 item(s) expected [1] but found [2]
at com.automation.business.ProductBusiness.validateCartCount(ProductBusiness.java:51)
at com.automation.stepdefinitions.ProductSteps.cartShouldHaveItem(ProductSteps.java:51)
at com.automation.stepdefinitions.ProductSteps.elCarritoDebeMostrarUnProducto(ProductSteps.java:107)
at ✽.el carrito debe mostrar 1 producto(file:///J:/Workspace/BANCOPICHINCHA/AutomationCorebank/Scenarios/agregarCarrito/agregarCarrito.feature:16)
... Removed 6 stack frames]]>
    </failure>
  </testcase> <!-- runScenario -->
  <testcase classname="io.cucumber.testng.AbstractTestNGCucumberTests" name="runScenario" time="5.005">
    <failure type="java.lang.AssertionError" message="Cart should contain 2 item(s) expected [2] but found [4]">
      <![CDATA[java.lang.AssertionError: Cart should contain 2 item(s) expected [2] but found [4]
at com.automation.business.ProductBusiness.validateCartCount(ProductBusiness.java:51)
at com.automation.stepdefinitions.ProductSteps.cartShouldHaveItems(ProductSteps.java:59)
at com.automation.stepdefinitions.ProductSteps.elCarritoDebeMostrarProductos(ProductSteps.java:112)
at ✽.el carrito debe mostrar 2 productos(file:///J:/Workspace/BANCOPICHINCHA/AutomationCorebank/Scenarios/agregarCarrito/agregarCarrito.feature:24)
... Removed 6 stack frames]]>
    </failure>
  </testcase> <!-- runScenario -->
  <testcase classname="io.cucumber.testng.AbstractTestNGCucumberTests" name="runScenario" time="5.601">
    <failure type="java.lang.AssertionError" message="Cart should be empty but has 1 item(s) expected [0] but found [1]">
      <![CDATA[java.lang.AssertionError: Cart should be empty but has 1 item(s) expected [0] but found [1]
at com.automation.business.ProductBusiness.validateCartEmpty(ProductBusiness.java:81)
at com.automation.stepdefinitions.ProductSteps.elCarritoDebeEstarVacio(ProductSteps.java:129)
at ✽.el carrito debe estar vacío(file:///J:/Workspace/BANCOPICHINCHA/AutomationCorebank/Scenarios/agregarCarrito/agregarCarrito.feature:30)
... Removed 6 stack frames]]>
    </failure>
  </testcase> <!-- runScenario -->
  <testcase classname="io.cucumber.testng.AbstractTestNGCucumberTests" name="runScenario" time="3.041"/>
  <testcase classname="io.cucumber.testng.AbstractTestNGCucumberTests" name="runScenario" time="8.394"/>
  <testcase classname="io.cucumber.testng.AbstractTestNGCucumberTests" name="runScenario" time="3.718"/>
  <testcase classname="io.cucumber.testng.AbstractTestNGCucumberTests" name="runScenario" time="3.487"/>
  <testcase classname="io.cucumber.testng.AbstractTestNGCucumberTests" name="runScenario" time="3.063"/>
</testsuite> <!-- Todas las Pruebas -->
