<?xml version="1.0" encoding="UTF-8"?>
<!-- Generated by org.testng.reporters.JUnitReportReporter -->
<testsuite hostname="DESKTOP-6ET1VQ1" failures="3" tests="8" name="runners.TestRunner" time="37.994" errors="0" timestamp="2026-02-24T00:47:30 COT" skipped="0">
  <testcase classname="runners.TestRunner" name="runScenario" time="5.685">
    <failure message="Cart should contain 1 item(s) expected [1] but found [2]" type="java.lang.AssertionError">
      <![CDATA[java.lang.AssertionError: Cart should contain 1 item(s) expected [1] but found [2]
at org.testng.Assert.fail(Assert.java:111)
at org.testng.Assert.failNotEquals(Assert.java:1578)
at org.testng.Assert.assertEqualsImpl(Assert.java:150)
at org.testng.Assert.assertEquals(Assert.java:132)
at org.testng.Assert.assertEquals(Assert.java:1419)
at org.testng.Assert.assertEquals(Assert.java:1383)
at com.automation.business.ProductBusiness.validateCartCount(ProductBusiness.java:51)
at com.automation.stepdefinitions.ProductSteps.cartShouldHaveItem(ProductSteps.java:51)
at com.automation.stepdefinitions.ProductSteps.elCarritoDebeMostrarUnProducto(ProductSteps.java:107)
at ✽.el carrito debe mostrar 1 producto(file:///J:/Workspace/BANCOPICHINCHA/AutomationCorebank/Scenarios/agregarCarrito/agregarCarrito.feature:16)
]]>
    </failure>
  </testcase> <!-- runScenario -->
  <testcase classname="runners.TestRunner" name="runScenario" time="3.718"/>
  <testcase classname="runners.TestRunner" name="runScenario" time="5.601">
    <failure message="Cart should be empty but has 1 item(s) expected [0] but found [1]" type="java.lang.AssertionError">
      <![CDATA[java.lang.AssertionError: Cart should be empty but has 1 item(s) expected [0] but found [1]
at org.testng.Assert.fail(Assert.java:111)
at org.testng.Assert.failNotEquals(Assert.java:1578)
at org.testng.Assert.assertEqualsImpl(Assert.java:150)
at org.testng.Assert.assertEquals(Assert.java:132)
at org.testng.Assert.assertEquals(Assert.java:1419)
at org.testng.Assert.assertEquals(Assert.java:1383)
at com.automation.business.ProductBusiness.validateCartEmpty(ProductBusiness.java:81)
at com.automation.stepdefinitions.ProductSteps.elCarritoDebeEstarVacio(ProductSteps.java:129)
at ✽.el carrito debe estar vacío(file:///J:/Workspace/BANCOPICHINCHA/AutomationCorebank/Scenarios/agregarCarrito/agregarCarrito.feature:30)
]]>
    </failure>
  </testcase> <!-- runScenario -->
  <testcase classname="runners.TestRunner" name="runScenario" time="8.394"/>
  <testcase classname="runners.TestRunner" name="runScenario" time="3.487"/>
  <testcase classname="runners.TestRunner" name="runScenario" time="3.063"/>
  <testcase classname="runners.TestRunner" name="runScenario" time="5.005">
    <failure message="Cart should contain 2 item(s) expected [2] but found [4]" type="java.lang.AssertionError">
      <![CDATA[java.lang.AssertionError: Cart should contain 2 item(s) expected [2] but found [4]
at org.testng.Assert.fail(Assert.java:111)
at org.testng.Assert.failNotEquals(Assert.java:1578)
at org.testng.Assert.assertEqualsImpl(Assert.java:150)
at org.testng.Assert.assertEquals(Assert.java:132)
at org.testng.Assert.assertEquals(Assert.java:1419)
at org.testng.Assert.assertEquals(Assert.java:1383)
at com.automation.business.ProductBusiness.validateCartCount(ProductBusiness.java:51)
at com.automation.stepdefinitions.ProductSteps.cartShouldHaveItems(ProductSteps.java:59)
at com.automation.stepdefinitions.ProductSteps.elCarritoDebeMostrarProductos(ProductSteps.java:112)
at ✽.el carrito debe mostrar 2 productos(file:///J:/Workspace/BANCOPICHINCHA/AutomationCorebank/Scenarios/agregarCarrito/agregarCarrito.feature:24)
]]>
    </failure>
  </testcase> <!-- runScenario -->
  <testcase classname="runners.TestRunner" name="runScenario" time="3.041"/>
</testsuite> <!-- runners.TestRunner -->
