<?xml version="1.0" encoding="UTF-8"?>
<!-- Generated by org.testng.reporters.JUnitReportReporter -->
<testsuite hostname="DESKTOP-6ET1VQ1" failures="0" tests="5" name="runners.LoginRunner" time="29.944" errors="0" timestamp="2026-02-23T21:56:55 COT" skipped="0">
  <testcase classname="runners.LoginRunner" name="runScenario" time="4.070"/>
  <testcase classname="runners.LoginRunner" name="runScenario" time="3.089"/>
  <testcase classname="runners.LoginRunner" name="runScenario" time="8.884"/>
  <testcase classname="runners.LoginRunner" name="runScenario" time="3.426"/>
  <testcase classname="runners.LoginRunner" name="runScenario" time="10.475"/>
</testsuite> <!-- runners.LoginRunner -->
