<?xml version="1.0" encoding="UTF-8"?>
<!-- Generated by org.testng.reporters.JUnitReportReporter -->
<testsuite hostname="DA130D1325BO" failures="0" tests="3" name="runners.TestRunner" time="7.031" errors="0" timestamp="2026-02-24T16:08:25 PET" skipped="0">
  <testcase classname="runners.TestRunner" name="runScenario" time="1.895"/>
  <testcase classname="runners.TestRunner" name="runScenario" time="3.272"/>
  <testcase classname="runners.TestRunner" name="runScenario" time="1.864"/>
</testsuite> <!-- runners.TestRunner -->
